[2016-12-12 15:39:59] multi process started
[2016-12-12 15:39:59] current cores used: 0/20
[2016-12-12 15:39:59] Task parse_set_101 start...
[2016-12-12 15:39:59] spark-submit --master spark://master:7077 --executor-memory 1g --driver-memory 512m --total-executor-cores 2 /opt/hadoop/wwong/eric_umts/kpi_parser_eric.py ericsson_umts_demo/set_101 "parse_set_101" "./test" &
[2016-12-12 15:40:08] reading file: ericsson_umts_demo/set_101
[2016-12-12 15:40:11] current cores used: 2/20
[2016-12-12 15:40:11] Task parse_set_102 start...
[2016-12-12 15:40:11] spark-submit --master spark://master:7077 --executor-memory 1g --driver-memory 512m --total-executor-cores 2 /opt/hadoop/wwong/eric_umts/kpi_parser_eric.py ericsson_umts_demo/set_102 "parse_set_102" "./test" &
[2016-12-12 15:40:14] finish reading file: ericsson_umts_demo/set_101
[2016-12-12 15:40:20] reading file: ericsson_umts_demo/set_102
[2016-12-12 15:40:23] current cores used: 4/20
[2016-12-12 15:40:23] Task parse_set_103 start...
[2016-12-12 15:40:23] spark-submit --master spark://master:7077 --executor-memory 1g --driver-memory 512m --total-executor-cores 2 /opt/hadoop/wwong/eric_umts/kpi_parser_eric.py ericsson_umts_demo/set_103 "parse_set_103" "./test" &
[2016-12-12 15:40:35] current cores used: 6/20
[2016-12-12 15:40:35] Task parse_set_104 start...
[2016-12-12 15:40:35] spark-submit --master spark://master:7077 --executor-memory 1g --driver-memory 512m --total-executor-cores 2 /opt/hadoop/wwong/eric_umts/kpi_parser_eric.py ericsson_umts_demo/set_104 "parse_set_104" "./test" &
[2016-12-12 15:40:36] reading file: ericsson_umts_demo/set_103
[2016-12-12 15:40:39] finish reading file: ericsson_umts_demo/set_102
[2016-12-12 15:40:43] start writing file: ./test/set_101.txt
[2016-12-12 15:40:44] finish reading file: ericsson_umts_demo/set_103
[2016-12-12 15:40:44] finish writing file: ./test/set_101.txt
[2016-12-12 15:40:47] current cores used: 6/20
[2016-12-12 15:40:47] Task parse_set_105 start...
[2016-12-12 15:40:47] spark-submit --master spark://master:7077 --executor-memory 1g --driver-memory 512m --total-executor-cores 2 /opt/hadoop/wwong/eric_umts/kpi_parser_eric.py ericsson_umts_demo/set_105 "parse_set_105" "./test" &
[2016-12-12 15:40:48] reading file: ericsson_umts_demo/set_104
[2016-12-12 15:40:54] finish reading file: ericsson_umts_demo/set_104
[2016-12-12 15:40:59] reading file: ericsson_umts_demo/set_105
[2016-12-12 15:40:59] current cores used: 8/20
[2016-12-12 15:40:59] reached max num of job (4/4), retry again in 2 min
[2016-12-12 15:41:05] finish reading file: ericsson_umts_demo/set_105
[2016-12-12 15:41:30] start writing file: ./test/set_103.txt
[2016-12-12 15:41:30] finish writing file: ./test/set_103.txt
[2016-12-12 15:41:34] start writing file: ./test/set_104.txt
[2016-12-12 15:41:34] finish writing file: ./test/set_104.txt
[2016-12-12 15:42:05] start writing file: ./test/set_102.txt
[2016-12-12 15:42:06] finish writing file: ./test/set_102.txt
[2016-12-12 15:42:25] start writing file: ./test/set_105.txt
[2016-12-12 15:42:26] finish writing file: ./test/set_105.txt
[2016-12-12 15:42:59] current cores used: 0/20
[2016-12-12 15:42:59] Task parse_set_106 start...
[2016-12-12 15:42:59] spark-submit --master spark://master:7077 --executor-memory 1g --driver-memory 512m --total-executor-cores 2 /opt/hadoop/wwong/eric_umts/kpi_parser_eric.py ericsson_umts_demo/set_106 "parse_set_106" "./test" &
[2016-12-12 15:43:08] reading file: ericsson_umts_demo/set_106
[2016-12-12 15:43:11] current cores used: 2/20
[2016-12-12 15:43:11] Task parse_set_107 start...
[2016-12-12 15:43:11] spark-submit --master spark://master:7077 --executor-memory 1g --driver-memory 512m --total-executor-cores 2 /opt/hadoop/wwong/eric_umts/kpi_parser_eric.py ericsson_umts_demo/set_107 "parse_set_107" "./test" &
[2016-12-12 15:43:13] finish reading file: ericsson_umts_demo/set_106
[2016-12-12 15:43:20] reading file: ericsson_umts_demo/set_107
[2016-12-12 15:43:24] current cores used: 4/20
[2016-12-12 15:43:24] Task parse_set_108 start...
[2016-12-12 15:43:24] spark-submit --master spark://master:7077 --executor-memory 1g --driver-memory 512m --total-executor-cores 2 /opt/hadoop/wwong/eric_umts/kpi_parser_eric.py ericsson_umts_demo/set_108 "parse_set_108" "./test" &
[2016-12-12 15:43:31] finish reading file: ericsson_umts_demo/set_107
[2016-12-12 15:43:34] reading file: ericsson_umts_demo/set_108
[2016-12-12 15:43:36] current cores used: 6/20
[2016-12-12 15:43:36] Task parse_set_109 start...
[2016-12-12 15:43:36] spark-submit --master spark://master:7077 --executor-memory 1g --driver-memory 512m --total-executor-cores 2 /opt/hadoop/wwong/eric_umts/kpi_parser_eric.py ericsson_umts_demo/set_109 "parse_set_109" "./test" &
[2016-12-12 15:43:41] finish reading file: ericsson_umts_demo/set_108
[2016-12-12 15:43:44] start writing file: ./test/set_106.txt
[2016-12-12 15:43:45] finish writing file: ./test/set_106.txt
[2016-12-12 15:43:47] reading file: ericsson_umts_demo/set_109
[2016-12-12 15:43:48] current cores used: 6/20
[2016-12-12 15:43:48] Task parse_set_110 start...
[2016-12-12 15:43:48] spark-submit --master spark://master:7077 --executor-memory 1g --driver-memory 512m --total-executor-cores 2 /opt/hadoop/wwong/eric_umts/kpi_parser_eric.py ericsson_umts_demo/set_110 "parse_set_110" "./test" &
[2016-12-12 15:43:53] finish reading file: ericsson_umts_demo/set_109
[2016-12-12 15:44:00] reading file: ericsson_umts_demo/set_110
[2016-12-12 15:44:00] current cores used: 8/20
[2016-12-12 15:44:00] reached max num of job (4/4), retry again in 2 min
[2016-12-12 15:44:06] finish reading file: ericsson_umts_demo/set_110
[2016-12-12 15:44:18] start writing file: ./test/set_108.txt
[2016-12-12 15:44:19] finish writing file: ./test/set_108.txt
[2016-12-12 15:44:32] start writing file: ./test/set_109.txt
[2016-12-12 15:44:32] finish writing file: ./test/set_109.txt
[2016-12-12 15:44:51] start writing file: ./test/set_107.txt
[2016-12-12 15:44:51] finish writing file: ./test/set_107.txt
[2016-12-12 15:45:30] start writing file: ./test/set_110.txt
[2016-12-12 15:45:31] finish writing file: ./test/set_110.txt
[2016-12-12 15:46:00] current cores used: 0/20
[2016-12-12 15:46:00] Task parse_set_111 start...
[2016-12-12 15:46:00] spark-submit --master spark://master:7077 --executor-memory 1g --driver-memory 512m --total-executor-cores 2 /opt/hadoop/wwong/eric_umts/kpi_parser_eric.py ericsson_umts_demo/set_111 "parse_set_111" "./test" &
[2016-12-12 15:46:08] reading file: ericsson_umts_demo/set_111
[2016-12-12 15:46:12] current cores used: 2/20
[2016-12-12 15:46:12] Task parse_set_112 start...
[2016-12-12 15:46:12] spark-submit --master spark://master:7077 --executor-memory 1g --driver-memory 512m --total-executor-cores 2 /opt/hadoop/wwong/eric_umts/kpi_parser_eric.py ericsson_umts_demo/set_112 "parse_set_112" "./test" &
[2016-12-12 15:46:13] finish reading file: ericsson_umts_demo/set_111
[2016-12-12 15:46:20] reading file: ericsson_umts_demo/set_112
[2016-12-12 15:46:24] current cores used: 4/20
[2016-12-12 15:46:24] Task parse_set_113 start...
[2016-12-12 15:46:24] spark-submit --master spark://master:7077 --executor-memory 1g --driver-memory 512m --total-executor-cores 2 /opt/hadoop/wwong/eric_umts/kpi_parser_eric.py ericsson_umts_demo/set_113 "parse_set_113" "./test" &
[2016-12-12 15:46:28] finish reading file: ericsson_umts_demo/set_112
[2016-12-12 15:46:34] reading file: ericsson_umts_demo/set_113
[2016-12-12 15:46:36] current cores used: 6/20
[2016-12-12 15:46:36] Task parse_set_114 start...
[2016-12-12 15:46:36] spark-submit --master spark://master:7077 --executor-memory 1g --driver-memory 512m --total-executor-cores 2 /opt/hadoop/wwong/eric_umts/kpi_parser_eric.py ericsson_umts_demo/set_114 "parse_set_114" "./test" &
[2016-12-12 15:46:39] finish reading file: ericsson_umts_demo/set_113
[2016-12-12 15:46:46] start writing file: ./test/set_111.txt
[2016-12-12 15:46:47] finish writing file: ./test/set_111.txt
[2016-12-12 15:46:48] reading file: ericsson_umts_demo/set_114
[2016-12-12 15:46:48] current cores used: 6/20
[2016-12-12 15:46:48] Task parse_set_115 start...
[2016-12-12 15:46:48] spark-submit --master spark://master:7077 --executor-memory 1g --driver-memory 512m --total-executor-cores 2 /opt/hadoop/wwong/eric_umts/kpi_parser_eric.py ericsson_umts_demo/set_115 "parse_set_115" "./test" &
[2016-12-12 15:46:55] finish reading file: ericsson_umts_demo/set_114
[2016-12-12 15:46:57] reading file: ericsson_umts_demo/set_115
[2016-12-12 15:47:00] current cores used: 8/20
[2016-12-12 15:47:00] reached max num of job (4/4), retry again in 2 min
[2016-12-12 15:47:05] finish reading file: ericsson_umts_demo/set_115
[2016-12-12 15:47:16] start writing file: ./test/set_113.txt
[2016-12-12 15:47:17] finish writing file: ./test/set_113.txt
[2016-12-12 15:47:39] start writing file: ./test/set_115.txt
[2016-12-12 15:47:40] finish writing file: ./test/set_115.txt
[2016-12-12 15:47:52] start writing file: ./test/set_112.txt
[2016-12-12 15:47:53] finish writing file: ./test/set_112.txt
[2016-12-12 15:48:11] start writing file: ./test/set_114.txt
[2016-12-12 15:48:12] finish writing file: ./test/set_114.txt
[2016-12-12 15:49:00] current cores used: 0/20
[2016-12-12 15:49:00] Task parse_set_116 start...
[2016-12-12 15:49:00] spark-submit --master spark://master:7077 --executor-memory 1g --driver-memory 512m --total-executor-cores 2 /opt/hadoop/wwong/eric_umts/kpi_parser_eric.py ericsson_umts_demo/set_116 "parse_set_116" "./test" &
[2016-12-12 15:49:09] reading file: ericsson_umts_demo/set_116
[2016-12-12 15:49:13] current cores used: 2/20
[2016-12-12 15:49:13] Task parse_set_117 start...
[2016-12-12 15:49:13] spark-submit --master spark://master:7077 --executor-memory 1g --driver-memory 512m --total-executor-cores 2 /opt/hadoop/wwong/eric_umts/kpi_parser_eric.py ericsson_umts_demo/set_117 "parse_set_117" "./test" &
[2016-12-12 15:49:13] finish reading file: ericsson_umts_demo/set_116
[2016-12-12 15:49:21] reading file: ericsson_umts_demo/set_117
[2016-12-12 15:49:25] current cores used: 4/20
[2016-12-12 15:49:25] Task parse_set_118 start...
[2016-12-12 15:49:25] spark-submit --master spark://master:7077 --executor-memory 1g --driver-memory 512m --total-executor-cores 2 /opt/hadoop/wwong/eric_umts/kpi_parser_eric.py ericsson_umts_demo/set_118 "parse_set_118" "./test" &
[2016-12-12 15:49:29] finish reading file: ericsson_umts_demo/set_117
[2016-12-12 15:49:34] reading file: ericsson_umts_demo/set_118
[2016-12-12 15:49:37] current cores used: 6/20
[2016-12-12 15:49:37] Task parse_set_119 start...
[2016-12-12 15:49:37] spark-submit --master spark://master:7077 --executor-memory 1g --driver-memory 512m --total-executor-cores 2 /opt/hadoop/wwong/eric_umts/kpi_parser_eric.py ericsson_umts_demo/set_119 "parse_set_119" "./test" &
[2016-12-12 15:49:41] finish reading file: ericsson_umts_demo/set_118
[2016-12-12 15:49:42] start writing file: ./test/set_116.txt
[2016-12-12 15:49:42] finish writing file: ./test/set_116.txt
[2016-12-12 15:49:45] reading file: ericsson_umts_demo/set_119
[2016-12-12 15:49:49] current cores used: 6/20
[2016-12-12 15:49:49] Task parse_set_120 start...
[2016-12-12 15:49:49] spark-submit --master spark://master:7077 --executor-memory 1g --driver-memory 512m --total-executor-cores 2 /opt/hadoop/wwong/eric_umts/kpi_parser_eric.py ericsson_umts_demo/set_120 "parse_set_120" "./test" &
[2016-12-12 15:49:50] finish reading file: ericsson_umts_demo/set_119
[2016-12-12 15:49:57] reading file: ericsson_umts_demo/set_120
[2016-12-12 15:50:01] current cores used: 8/20
[2016-12-12 15:50:01] reached max num of job (4/4), retry again in 2 min
[2016-12-12 15:50:03] finish reading file: ericsson_umts_demo/set_120
[2016-12-12 15:50:21] start writing file: ./test/set_118.txt
[2016-12-12 15:50:21] finish writing file: ./test/set_118.txt
[2016-12-12 15:50:30] start writing file: ./test/set_119.txt
[2016-12-12 15:50:30] finish writing file: ./test/set_119.txt
[2016-12-12 15:50:54] start writing file: ./test/set_117.txt
[2016-12-12 15:50:55] finish writing file: ./test/set_117.txt
[2016-12-12 15:51:23] start writing file: ./test/set_120.txt
[2016-12-12 15:51:24] finish writing file: ./test/set_120.txt
[2016-12-12 15:52:01] current cores used: 0/20
[2016-12-12 15:52:01] Task parse_set_121 start...
[2016-12-12 15:52:01] spark-submit --master spark://master:7077 --executor-memory 1g --driver-memory 512m --total-executor-cores 2 /opt/hadoop/wwong/eric_umts/kpi_parser_eric.py ericsson_umts_demo/set_121 "parse_set_121" "./test" &
[2016-12-12 15:52:09] reading file: ericsson_umts_demo/set_121
[2016-12-12 15:52:13] current cores used: 2/20
[2016-12-12 15:52:13] Task parse_set_122 start...
[2016-12-12 15:52:13] spark-submit --master spark://master:7077 --executor-memory 1g --driver-memory 512m --total-executor-cores 2 /opt/hadoop/wwong/eric_umts/kpi_parser_eric.py ericsson_umts_demo/set_122 "parse_set_122" "./test" &
[2016-12-12 15:52:14] finish reading file: ericsson_umts_demo/set_121
[2016-12-12 15:52:21] reading file: ericsson_umts_demo/set_122
[2016-12-12 15:52:25] current cores used: 4/20
[2016-12-12 15:52:25] Task parse_set_123 start...
[2016-12-12 15:52:25] spark-submit --master spark://master:7077 --executor-memory 1g --driver-memory 512m --total-executor-cores 2 /opt/hadoop/wwong/eric_umts/kpi_parser_eric.py ericsson_umts_demo/set_123 "parse_set_123" "./test" &
[2016-12-12 15:52:33] finish reading file: ericsson_umts_demo/set_122
[2016-12-12 15:52:34] reading file: ericsson_umts_demo/set_123
[2016-12-12 15:52:37] current cores used: 6/20
[2016-12-12 15:52:37] Task parse_set_124 start...
[2016-12-12 15:52:37] spark-submit --master spark://master:7077 --executor-memory 1g --driver-memory 512m --total-executor-cores 2 /opt/hadoop/wwong/eric_umts/kpi_parser_eric.py ericsson_umts_demo/set_124 "parse_set_124" "./test" &
[2016-12-12 15:52:39] finish reading file: ericsson_umts_demo/set_123
[2016-12-12 15:52:45] start writing file: ./test/set_121.txt
[2016-12-12 15:52:46] finish writing file: ./test/set_121.txt
[2016-12-12 15:52:49] reading file: ericsson_umts_demo/set_124
[2016-12-12 15:52:49] current cores used: 6/20
[2016-12-12 15:52:49] Task parse_set_125 start...
[2016-12-12 15:52:49] spark-submit --master spark://master:7077 --executor-memory 1g --driver-memory 512m --total-executor-cores 2 /opt/hadoop/wwong/eric_umts/kpi_parser_eric.py ericsson_umts_demo/set_125 "parse_set_125" "./test" &
[2016-12-12 15:52:55] finish reading file: ericsson_umts_demo/set_124
[2016-12-12 15:53:01] reading file: ericsson_umts_demo/set_125
[2016-12-12 15:53:01] current cores used: 8/20
[2016-12-12 15:53:01] reached max num of job (4/4), retry again in 2 min
[2016-12-12 15:53:08] finish reading file: ericsson_umts_demo/set_125
[2016-12-12 15:53:15] start writing file: ./test/set_123.txt
[2016-12-12 15:53:15] finish writing file: ./test/set_123.txt
[2016-12-12 15:53:36] start writing file: ./test/set_124.txt
[2016-12-12 15:53:36] finish writing file: ./test/set_124.txt
[2016-12-12 15:54:02] start writing file: ./test/set_122.txt
[2016-12-12 15:54:02] finish writing file: ./test/set_122.txt
[2016-12-12 15:54:27] start writing file: ./test/set_125.txt
[2016-12-12 15:54:28] finish writing file: ./test/set_125.txt
[2016-12-12 15:55:02] current cores used: 0/20
[2016-12-12 15:55:02] Task parse_set_126 start...
[2016-12-12 15:55:02] spark-submit --master spark://master:7077 --executor-memory 1g --driver-memory 512m --total-executor-cores 2 /opt/hadoop/wwong/eric_umts/kpi_parser_eric.py ericsson_umts_demo/set_126 "parse_set_126" "./test" &
[2016-12-12 15:55:10] reading file: ericsson_umts_demo/set_126
[2016-12-12 15:55:14] current cores used: 2/20
[2016-12-12 15:55:14] Task parse_set_127 start...
[2016-12-12 15:55:14] spark-submit --master spark://master:7077 --executor-memory 1g --driver-memory 512m --total-executor-cores 2 /opt/hadoop/wwong/eric_umts/kpi_parser_eric.py ericsson_umts_demo/set_127 "parse_set_127" "./test" &
[2016-12-12 15:55:16] finish reading file: ericsson_umts_demo/set_126
[2016-12-12 15:55:22] reading file: ericsson_umts_demo/set_127
[2016-12-12 15:55:26] current cores used: 4/20
[2016-12-12 15:55:26] Task parse_set_128 start...
[2016-12-12 15:55:26] spark-submit --master spark://master:7077 --executor-memory 1g --driver-memory 512m --total-executor-cores 2 /opt/hadoop/wwong/eric_umts/kpi_parser_eric.py ericsson_umts_demo/set_128 "parse_set_128" "./test" &
[2016-12-12 15:55:32] finish reading file: ericsson_umts_demo/set_127
[2016-12-12 15:55:36] reading file: ericsson_umts_demo/set_128
[2016-12-12 15:55:38] current cores used: 6/20
[2016-12-12 15:55:38] Task parse_set_129 start...
[2016-12-12 15:55:38] spark-submit --master spark://master:7077 --executor-memory 1g --driver-memory 512m --total-executor-cores 2 /opt/hadoop/wwong/eric_umts/kpi_parser_eric.py ericsson_umts_demo/set_129 "parse_set_129" "./test" &
[2016-12-12 15:55:42] finish reading file: ericsson_umts_demo/set_128
[2016-12-12 15:55:47] reading file: ericsson_umts_demo/set_129
[2016-12-12 15:55:50] current cores used: 8/20
[2016-12-12 15:55:50] reached max num of job (4/4), retry again in 2 min
[2016-12-12 15:55:53] finish reading file: ericsson_umts_demo/set_129
[2016-12-12 15:55:54] start writing file: ./test/set_126.txt
[2016-12-12 15:55:55] finish writing file: ./test/set_126.txt
[2016-12-12 15:56:20] start writing file: ./test/set_128.txt
[2016-12-12 15:56:21] finish writing file: ./test/set_128.txt
[2016-12-12 15:56:51] start writing file: ./test/set_127.txt
[2016-12-12 15:56:52] finish writing file: ./test/set_127.txt
[2016-12-12 15:57:20] start writing file: ./test/set_129.txt
[2016-12-12 15:57:20] finish writing file: ./test/set_129.txt
[2016-12-12 15:57:50] current cores used: 0/20
[2016-12-12 15:57:50] Task parse_set_130 start...
[2016-12-12 15:57:50] spark-submit --master spark://master:7077 --executor-memory 1g --driver-memory 512m --total-executor-cores 2 /opt/hadoop/wwong/eric_umts/kpi_parser_eric.py ericsson_umts_demo/set_130 "parse_set_130" "./test" &
[2016-12-12 15:57:58] reading file: ericsson_umts_demo/set_130
[2016-12-12 15:58:02] current cores used: 2/20
[2016-12-12 15:58:02] Task parse_set_131 start...
[2016-12-12 15:58:02] spark-submit --master spark://master:7077 --executor-memory 1g --driver-memory 512m --total-executor-cores 2 /opt/hadoop/wwong/eric_umts/kpi_parser_eric.py ericsson_umts_demo/set_131 "parse_set_131" "./test" &
[2016-12-12 15:58:03] finish reading file: ericsson_umts_demo/set_130
[2016-12-12 15:58:10] reading file: ericsson_umts_demo/set_131
[2016-12-12 15:58:14] current cores used: 4/20
[2016-12-12 15:58:14] Task parse_set_132 start...
[2016-12-12 15:58:14] spark-submit --master spark://master:7077 --executor-memory 1g --driver-memory 512m --total-executor-cores 2 /opt/hadoop/wwong/eric_umts/kpi_parser_eric.py ericsson_umts_demo/set_132 "parse_set_132" "./test" &
[2016-12-12 15:58:20] finish reading file: ericsson_umts_demo/set_131
[2016-12-12 15:58:25] reading file: ericsson_umts_demo/set_132
[2016-12-12 15:58:26] current cores used: 6/20
[2016-12-12 15:58:26] Task parse_set_133 start...
[2016-12-12 15:58:26] spark-submit --master spark://master:7077 --executor-memory 1g --driver-memory 512m --total-executor-cores 2 /opt/hadoop/wwong/eric_umts/kpi_parser_eric.py ericsson_umts_demo/set_133 "parse_set_133" "./test" &
[2016-12-12 15:58:31] start writing file: ./test/set_130.txt
[2016-12-12 15:58:32] finish writing file: ./test/set_130.txt
[2016-12-12 15:58:33] finish reading file: ericsson_umts_demo/set_132
[2016-12-12 15:58:36] reading file: ericsson_umts_demo/set_133
[2016-12-12 15:58:38] current cores used: 6/20
[2016-12-12 15:58:38] Task parse_set_134 start...
[2016-12-12 15:58:38] spark-submit --master spark://master:7077 --executor-memory 1g --driver-memory 512m --total-executor-cores 2 /opt/hadoop/wwong/eric_umts/kpi_parser_eric.py ericsson_umts_demo/set_134 "parse_set_134" "./test" &
[2016-12-12 15:58:42] finish reading file: ericsson_umts_demo/set_133
[2016-12-12 15:58:49] reading file: ericsson_umts_demo/set_134
[2016-12-12 15:58:50] current cores used: 8/20
[2016-12-12 15:58:50] reached max num of job (4/4), retry again in 2 min
[2016-12-12 15:58:57] finish reading file: ericsson_umts_demo/set_134
[2016-12-12 15:59:10] start writing file: ./test/set_132.txt
[2016-12-12 15:59:10] finish writing file: ./test/set_132.txt
[2016-12-12 15:59:19] start writing file: ./test/set_133.txt
[2016-12-12 15:59:19] finish writing file: ./test/set_133.txt
[2016-12-12 15:59:47] start writing file: ./test/set_131.txt
[2016-12-12 15:59:48] finish writing file: ./test/set_131.txt
[2016-12-12 16:00:23] start writing file: ./test/set_134.txt
[2016-12-12 16:00:24] finish writing file: ./test/set_134.txt
[2016-12-12 16:00:50] current cores used: 0/20
[2016-12-12 16:00:50] Task parse_set_135 start...
[2016-12-12 16:00:50] spark-submit --master spark://master:7077 --executor-memory 1g --driver-memory 512m --total-executor-cores 2 /opt/hadoop/wwong/eric_umts/kpi_parser_eric.py ericsson_umts_demo/set_135 "parse_set_135" "./test" &
[2016-12-12 16:00:58] reading file: ericsson_umts_demo/set_135
[2016-12-12 16:01:03] current cores used: 2/20
[2016-12-12 16:01:03] Task parse_set_136 start...
[2016-12-12 16:01:03] spark-submit --master spark://master:7077 --executor-memory 1g --driver-memory 512m --total-executor-cores 2 /opt/hadoop/wwong/eric_umts/kpi_parser_eric.py ericsson_umts_demo/set_136 "parse_set_136" "./test" &
[2016-12-12 16:01:05] finish reading file: ericsson_umts_demo/set_135
[2016-12-12 16:01:11] reading file: ericsson_umts_demo/set_136
[2016-12-12 16:01:15] current cores used: 4/20
[2016-12-12 16:01:15] Task parse_set_137 start...
[2016-12-12 16:01:15] spark-submit --master spark://master:7077 --executor-memory 1g --driver-memory 512m --total-executor-cores 2 /opt/hadoop/wwong/eric_umts/kpi_parser_eric.py ericsson_umts_demo/set_137 "parse_set_137" "./test" &
[2016-12-12 16:01:18] finish reading file: ericsson_umts_demo/set_136
[2016-12-12 16:01:27] current cores used: 6/20
[2016-12-12 16:01:27] Task parse_set_138 start...
[2016-12-12 16:01:27] spark-submit --master spark://master:7077 --executor-memory 1g --driver-memory 512m --total-executor-cores 2 /opt/hadoop/wwong/eric_umts/kpi_parser_eric.py ericsson_umts_demo/set_138 "parse_set_138" "./test" &
[2016-12-12 16:01:27] reading file: ericsson_umts_demo/set_137
[2016-12-12 16:01:32] finish reading file: ericsson_umts_demo/set_137
[2016-12-12 16:01:38] start writing file: ./test/set_135.txt
[2016-12-12 16:01:39] reading file: ericsson_umts_demo/set_138
[2016-12-12 16:01:39] current cores used: 8/20
[2016-12-12 16:01:39] reached max num of job (4/4), retry again in 2 min
[2016-12-12 16:01:39] finish writing file: ./test/set_135.txt
[2016-12-12 16:01:45] finish reading file: ericsson_umts_demo/set_138
[2016-12-12 16:02:05] start writing file: ./test/set_137.txt
[2016-12-12 16:02:05] finish writing file: ./test/set_137.txt
[2016-12-12 16:02:48] start writing file: ./test/set_136.txt
[2016-12-12 16:02:49] finish writing file: ./test/set_136.txt
[2016-12-12 16:03:07] start writing file: ./test/set_138.txt
[2016-12-12 16:03:07] finish writing file: ./test/set_138.txt
[2016-12-12 16:03:39] current cores used: 0/20
[2016-12-12 16:03:39] Task parse_set_139 start...
[2016-12-12 16:03:39] spark-submit --master spark://master:7077 --executor-memory 1g --driver-memory 512m --total-executor-cores 2 /opt/hadoop/wwong/eric_umts/kpi_parser_eric.py ericsson_umts_demo/set_139 "parse_set_139" "./test" &
[2016-12-12 16:03:47] reading file: ericsson_umts_demo/set_139
[2016-12-12 16:03:51] current cores used: 2/20
[2016-12-12 16:03:51] Task parse_set_140 start...
[2016-12-12 16:03:51] spark-submit --master spark://master:7077 --executor-memory 1g --driver-memory 512m --total-executor-cores 2 /opt/hadoop/wwong/eric_umts/kpi_parser_eric.py ericsson_umts_demo/set_140 "parse_set_140" "./test" &
[2016-12-12 16:03:53] finish reading file: ericsson_umts_demo/set_139
[2016-12-12 16:04:02] reading file: ericsson_umts_demo/set_140
[2016-12-12 16:04:03] current cores used: 4/20
[2016-12-12 16:04:03] Task parse_set_141 start...
[2016-12-12 16:04:03] spark-submit --master spark://master:7077 --executor-memory 1g --driver-memory 512m --total-executor-cores 2 /opt/hadoop/wwong/eric_umts/kpi_parser_eric.py ericsson_umts_demo/set_141 "parse_set_141" "./test" &
[2016-12-12 16:04:15] finish reading file: ericsson_umts_demo/set_140
[2016-12-12 16:04:15] reading file: ericsson_umts_demo/set_141
[2016-12-12 16:04:15] current cores used: 6/20
[2016-12-12 16:04:15] Task parse_set_142 start...
[2016-12-12 16:04:15] spark-submit --master spark://master:7077 --executor-memory 1g --driver-memory 512m --total-executor-cores 2 /opt/hadoop/wwong/eric_umts/kpi_parser_eric.py ericsson_umts_demo/set_142 "parse_set_142" "./test" &
[2016-12-12 16:04:22] finish reading file: ericsson_umts_demo/set_141
[2016-12-12 16:04:24] start writing file: ./test/set_139.txt
[2016-12-12 16:04:25] finish writing file: ./test/set_139.txt
[2016-12-12 16:04:27] current cores used: 6/20
[2016-12-12 16:04:27] Task parse_set_143 start...
[2016-12-12 16:04:27] spark-submit --master spark://master:7077 --executor-memory 1g --driver-memory 512m --total-executor-cores 2 /opt/hadoop/wwong/eric_umts/kpi_parser_eric.py ericsson_umts_demo/set_143 "parse_set_143" "./test" &
[2016-12-12 16:04:28] reading file: ericsson_umts_demo/set_142
[2016-12-12 16:04:33] finish reading file: ericsson_umts_demo/set_142
[2016-12-12 16:04:39] reading file: ericsson_umts_demo/set_143
[2016-12-12 16:04:39] current cores used: 8/20
[2016-12-12 16:04:39] reached max num of job (4/4), retry again in 2 min
[2016-12-12 16:04:45] finish reading file: ericsson_umts_demo/set_143
[2016-12-12 16:05:05] start writing file: ./test/set_141.txt
[2016-12-12 16:05:06] finish writing file: ./test/set_141.txt
[2016-12-12 16:05:12] start writing file: ./test/set_142.txt
[2016-12-12 16:05:12] finish writing file: ./test/set_142.txt
[2016-12-12 16:05:36] start writing file: ./test/set_140.txt
[2016-12-12 16:05:36] finish writing file: ./test/set_140.txt
[2016-12-12 16:06:09] start writing file: ./test/set_143.txt
[2016-12-12 16:06:10] finish writing file: ./test/set_143.txt
[2016-12-12 16:06:39] current cores used: 0/20
[2016-12-12 16:06:39] Task parse_set_144 start...
[2016-12-12 16:06:39] spark-submit --master spark://master:7077 --executor-memory 1g --driver-memory 512m --total-executor-cores 2 /opt/hadoop/wwong/eric_umts/kpi_parser_eric.py ericsson_umts_demo/set_144 "parse_set_144" "./test" &
[2016-12-12 16:06:48] reading file: ericsson_umts_demo/set_144
[2016-12-12 16:06:51] current cores used: 2/20
[2016-12-12 16:06:51] Task parse_set_145 start...
[2016-12-12 16:06:51] spark-submit --master spark://master:7077 --executor-memory 1g --driver-memory 512m --total-executor-cores 2 /opt/hadoop/wwong/eric_umts/kpi_parser_eric.py ericsson_umts_demo/set_145 "parse_set_145" "./test" &
[2016-12-12 16:06:52] finish reading file: ericsson_umts_demo/set_144
[2016-12-12 16:07:00] reading file: ericsson_umts_demo/set_145
[2016-12-12 16:07:04] current cores used: 4/20
[2016-12-12 16:07:04] Task parse_set_146 start...
[2016-12-12 16:07:04] spark-submit --master spark://master:7077 --executor-memory 1g --driver-memory 512m --total-executor-cores 2 /opt/hadoop/wwong/eric_umts/kpi_parser_eric.py ericsson_umts_demo/set_146 "parse_set_146" "./test" &
[2016-12-12 16:07:08] finish reading file: ericsson_umts_demo/set_145
[2016-12-12 16:07:14] reading file: ericsson_umts_demo/set_146
[2016-12-12 16:07:16] current cores used: 6/20
[2016-12-12 16:07:16] Task parse_set_147 start...
[2016-12-12 16:07:16] spark-submit --master spark://master:7077 --executor-memory 1g --driver-memory 512m --total-executor-cores 2 /opt/hadoop/wwong/eric_umts/kpi_parser_eric.py ericsson_umts_demo/set_147 "parse_set_147" "./test" &
[2016-12-12 16:07:20] finish reading file: ericsson_umts_demo/set_146
[2016-12-12 16:07:27] reading file: ericsson_umts_demo/set_147
[2016-12-12 16:07:28] current cores used: 8/20
[2016-12-12 16:07:28] reached max num of job (4/4), retry again in 2 min
[2016-12-12 16:07:33] start writing file: ./test/set_144.txt
[2016-12-12 16:07:34] finish reading file: ericsson_umts_demo/set_147
[2016-12-12 16:07:34] finish writing file: ./test/set_144.txt
[2016-12-12 16:07:51] start writing file: ./test/set_146.txt
[2016-12-12 16:07:52] finish writing file: ./test/set_146.txt
[2016-12-12 16:08:29] start writing file: ./test/set_145.txt
[2016-12-12 16:08:30] finish writing file: ./test/set_145.txt
[2016-12-12 16:09:00] start writing file: ./test/set_147.txt
[2016-12-12 16:09:01] finish writing file: ./test/set_147.txt
[2016-12-12 16:09:28] current cores used: 0/20
[2016-12-12 16:09:28] Task parse_set_148 start...
[2016-12-12 16:09:28] spark-submit --master spark://master:7077 --executor-memory 1g --driver-memory 512m --total-executor-cores 2 /opt/hadoop/wwong/eric_umts/kpi_parser_eric.py ericsson_umts_demo/set_148 "parse_set_148" "./test" &
[2016-12-12 16:09:36] reading file: ericsson_umts_demo/set_148
[2016-12-12 16:09:40] current cores used: 2/20
[2016-12-12 16:09:40] Task parse_set_149 start...
[2016-12-12 16:09:40] spark-submit --master spark://master:7077 --executor-memory 1g --driver-memory 512m --total-executor-cores 2 /opt/hadoop/wwong/eric_umts/kpi_parser_eric.py ericsson_umts_demo/set_149 "parse_set_149" "./test" &
[2016-12-12 16:09:40] finish reading file: ericsson_umts_demo/set_148
[2016-12-12 16:09:48] reading file: ericsson_umts_demo/set_149
[2016-12-12 16:09:52] current cores used: 4/20
[2016-12-12 16:09:52] Task parse_set_150 start...
[2016-12-12 16:09:52] spark-submit --master spark://master:7077 --executor-memory 1g --driver-memory 512m --total-executor-cores 2 /opt/hadoop/wwong/eric_umts/kpi_parser_eric.py ericsson_umts_demo/set_150 "parse_set_150" "./test" &
[2016-12-12 16:09:57] finish reading file: ericsson_umts_demo/set_149
[2016-12-12 16:10:04] reading file: ericsson_umts_demo/set_150
[2016-12-12 16:10:04] current cores used: 6/20
[2016-12-12 16:10:04] Task parse_set_151 start...
[2016-12-12 16:10:04] spark-submit --master spark://master:7077 --executor-memory 1g --driver-memory 512m --total-executor-cores 2 /opt/hadoop/wwong/eric_umts/kpi_parser_eric.py ericsson_umts_demo/set_151 "parse_set_151" "./test" &
[2016-12-12 16:10:12] start writing file: ./test/set_148.txt
[2016-12-12 16:10:12] finish reading file: ericsson_umts_demo/set_150
[2016-12-12 16:10:12] finish writing file: ./test/set_148.txt
[2016-12-12 16:10:16] reading file: ericsson_umts_demo/set_151
[2016-12-12 16:10:16] current cores used: 6/20
[2016-12-12 16:10:16] Task parse_set_152 start...
[2016-12-12 16:10:16] spark-submit --master spark://master:7077 --executor-memory 1g --driver-memory 512m --total-executor-cores 2 /opt/hadoop/wwong/eric_umts/kpi_parser_eric.py ericsson_umts_demo/set_152 "parse_set_152" "./test" &
[2016-12-12 16:10:21] finish reading file: ericsson_umts_demo/set_151
[2016-12-12 16:10:28] reading file: ericsson_umts_demo/set_152
[2016-12-12 16:10:28] current cores used: 8/20
[2016-12-12 16:10:28] reached max num of job (4/4), retry again in 2 min
[2016-12-12 16:10:34] finish reading file: ericsson_umts_demo/set_152
[2016-12-12 16:10:56] start writing file: ./test/set_150.txt
[2016-12-12 16:10:56] finish writing file: ./test/set_150.txt
[2016-12-12 16:11:00] start writing file: ./test/set_151.txt
[2016-12-12 16:11:00] finish writing file: ./test/set_151.txt
[2016-12-12 16:11:18] start writing file: ./test/set_149.txt
[2016-12-12 16:11:19] finish writing file: ./test/set_149.txt
[2016-12-12 16:11:54] start writing file: ./test/set_152.txt
[2016-12-12 16:11:55] finish writing file: ./test/set_152.txt
[2016-12-12 16:12:28] current cores used: 0/20
[2016-12-12 16:12:28] Task parse_set_153 start...
[2016-12-12 16:12:28] spark-submit --master spark://master:7077 --executor-memory 1g --driver-memory 512m --total-executor-cores 2 /opt/hadoop/wwong/eric_umts/kpi_parser_eric.py ericsson_umts_demo/set_153 "parse_set_153" "./test" &
[2016-12-12 16:12:37] reading file: ericsson_umts_demo/set_153
[2016-12-12 16:12:41] current cores used: 2/20
[2016-12-12 16:12:41] Task parse_set_154 start...
[2016-12-12 16:12:41] spark-submit --master spark://master:7077 --executor-memory 1g --driver-memory 512m --total-executor-cores 2 /opt/hadoop/wwong/eric_umts/kpi_parser_eric.py ericsson_umts_demo/set_154 "parse_set_154" "./test" &
[2016-12-12 16:12:42] finish reading file: ericsson_umts_demo/set_153
[2016-12-12 16:12:49] reading file: ericsson_umts_demo/set_154
[2016-12-12 16:12:53] current cores used: 4/20
[2016-12-12 16:12:53] Task parse_set_155 start...
[2016-12-12 16:12:53] spark-submit --master spark://master:7077 --executor-memory 1g --driver-memory 512m --total-executor-cores 2 /opt/hadoop/wwong/eric_umts/kpi_parser_eric.py ericsson_umts_demo/set_155 "parse_set_155" "./test" &
[2016-12-12 16:13:00] finish reading file: ericsson_umts_demo/set_154
[2016-12-12 16:13:04] reading file: ericsson_umts_demo/set_155
[2016-12-12 16:13:05] current cores used: 6/20
[2016-12-12 16:13:05] Task parse_set_156 start...
[2016-12-12 16:13:05] spark-submit --master spark://master:7077 --executor-memory 1g --driver-memory 512m --total-executor-cores 2 /opt/hadoop/wwong/eric_umts/kpi_parser_eric.py ericsson_umts_demo/set_156 "parse_set_156" "./test" &
[2016-12-12 16:13:10] finish reading file: ericsson_umts_demo/set_155
[2016-12-12 16:13:15] start writing file: ./test/set_153.txt
[2016-12-12 16:13:16] finish writing file: ./test/set_153.txt
[2016-12-12 16:13:17] reading file: ericsson_umts_demo/set_156
[2016-12-12 16:13:17] current cores used: 6/20
[2016-12-12 16:13:17] Task parse_set_157 start...
[2016-12-12 16:13:17] spark-submit --master spark://master:7077 --executor-memory 1g --driver-memory 512m --total-executor-cores 2 /opt/hadoop/wwong/eric_umts/kpi_parser_eric.py ericsson_umts_demo/set_157 "parse_set_157" "./test" &
[2016-12-12 16:13:23] finish reading file: ericsson_umts_demo/set_156
[2016-12-12 16:13:29] current cores used: 8/20
[2016-12-12 16:13:29] reached max num of job (4/4), retry again in 2 min
[2016-12-12 16:13:29] reading file: ericsson_umts_demo/set_157
[2016-12-12 16:13:36] finish reading file: ericsson_umts_demo/set_157
[2016-12-12 16:13:50] start writing file: ./test/set_155.txt
[2016-12-12 16:13:50] finish writing file: ./test/set_155.txt
[2016-12-12 16:14:12] start writing file: ./test/set_157.txt
[2016-12-12 16:14:12] finish writing file: ./test/set_157.txt
[2016-12-12 16:14:26] start writing file: ./test/set_154.txt
[2016-12-12 16:14:27] finish writing file: ./test/set_154.txt
[2016-12-12 16:14:57] start writing file: ./test/set_156.txt
[2016-12-12 16:14:57] finish writing file: ./test/set_156.txt
[2016-12-12 16:15:29] current cores used: 0/20
[2016-12-12 16:15:29] Task parse_set_158 start...
[2016-12-12 16:15:29] spark-submit --master spark://master:7077 --executor-memory 1g --driver-memory 512m --total-executor-cores 2 /opt/hadoop/wwong/eric_umts/kpi_parser_eric.py ericsson_umts_demo/set_158 "parse_set_158" "./test" &
[2016-12-12 16:15:38] reading file: ericsson_umts_demo/set_158
[2016-12-12 16:15:41] current cores used: 2/20
[2016-12-12 16:15:41] Task parse_set_159 start...
[2016-12-12 16:15:41] spark-submit --master spark://master:7077 --executor-memory 1g --driver-memory 512m --total-executor-cores 2 /opt/hadoop/wwong/eric_umts/kpi_parser_eric.py ericsson_umts_demo/set_159 "parse_set_159" "./test" &
[2016-12-12 16:15:43] finish reading file: ericsson_umts_demo/set_158
[2016-12-12 16:15:49] reading file: ericsson_umts_demo/set_159
[2016-12-12 16:15:53] current cores used: 4/20
[2016-12-12 16:15:53] Task parse_set_160 start...
[2016-12-12 16:15:53] spark-submit --master spark://master:7077 --executor-memory 1g --driver-memory 512m --total-executor-cores 2 /opt/hadoop/wwong/eric_umts/kpi_parser_eric.py ericsson_umts_demo/set_160 "parse_set_160" "./test" &
[2016-12-12 16:15:58] finish reading file: ericsson_umts_demo/set_159
[2016-12-12 16:16:05] reading file: ericsson_umts_demo/set_160
[2016-12-12 16:16:05] current cores used: 6/20
[2016-12-12 16:16:05] Task parse_set_161 start...
[2016-12-12 16:16:05] spark-submit --master spark://master:7077 --executor-memory 1g --driver-memory 512m --total-executor-cores 2 /opt/hadoop/wwong/eric_umts/kpi_parser_eric.py ericsson_umts_demo/set_161 "parse_set_161" "./test" &
[2016-12-12 16:16:12] start writing file: ./test/set_158.txt
[2016-12-12 16:16:12] finish writing file: ./test/set_158.txt
[2016-12-12 16:16:13] finish reading file: ericsson_umts_demo/set_160
[2016-12-12 16:16:17] reading file: ericsson_umts_demo/set_161
[2016-12-12 16:16:17] current cores used: 6/20
[2016-12-12 16:16:17] Task parse_set_162 start...
[2016-12-12 16:16:17] spark-submit --master spark://master:7077 --executor-memory 1g --driver-memory 512m --total-executor-cores 2 /opt/hadoop/wwong/eric_umts/kpi_parser_eric.py ericsson_umts_demo/set_162 "parse_set_162" "./test" &
[2016-12-12 16:16:24] finish reading file: ericsson_umts_demo/set_161
[2016-12-12 16:16:29] reading file: ericsson_umts_demo/set_162
[2016-12-12 16:16:29] current cores used: 8/20
[2016-12-12 16:16:29] reached max num of job (4/4), retry again in 2 min
[2016-12-12 16:16:35] finish reading file: ericsson_umts_demo/set_162
[2016-12-12 16:16:52] start writing file: ./test/set_160.txt
[2016-12-12 16:16:53] finish writing file: ./test/set_160.txt
[2016-12-12 16:17:02] start writing file: ./test/set_161.txt
[2016-12-12 16:17:03] finish writing file: ./test/set_161.txt
[2016-12-12 16:17:18] start writing file: ./test/set_159.txt
[2016-12-12 16:17:19] finish writing file: ./test/set_159.txt
[2016-12-12 16:17:48] start writing file: ./test/set_162.txt
[2016-12-12 16:17:49] finish writing file: ./test/set_162.txt
[2016-12-12 16:18:29] current cores used: 0/20
[2016-12-12 16:18:29] Task parse_set_163 start...
[2016-12-12 16:18:29] spark-submit --master spark://master:7077 --executor-memory 1g --driver-memory 512m --total-executor-cores 2 /opt/hadoop/wwong/eric_umts/kpi_parser_eric.py ericsson_umts_demo/set_163 "parse_set_163" "./test" &
[2016-12-12 16:18:38] reading file: ericsson_umts_demo/set_163
[2016-12-12 16:18:42] current cores used: 2/20
[2016-12-12 16:18:42] Task parse_set_164 start...
[2016-12-12 16:18:42] spark-submit --master spark://master:7077 --executor-memory 1g --driver-memory 512m --total-executor-cores 2 /opt/hadoop/wwong/eric_umts/kpi_parser_eric.py ericsson_umts_demo/set_164 "parse_set_164" "./test" &
[2016-12-12 16:18:43] finish reading file: ericsson_umts_demo/set_163
[2016-12-12 16:18:50] reading file: ericsson_umts_demo/set_164
[2016-12-12 16:18:54] current cores used: 4/20
[2016-12-12 16:18:54] Task parse_set_165 start...
[2016-12-12 16:18:54] spark-submit --master spark://master:7077 --executor-memory 1g --driver-memory 512m --total-executor-cores 2 /opt/hadoop/wwong/eric_umts/kpi_parser_eric.py ericsson_umts_demo/set_165 "parse_set_165" "./test" &
[2016-12-12 16:18:58] finish reading file: ericsson_umts_demo/set_164
[2016-12-12 16:19:06] reading file: ericsson_umts_demo/set_165
[2016-12-12 16:19:06] current cores used: 6/20
[2016-12-12 16:19:06] Task parse_set_166 start...
[2016-12-12 16:19:06] spark-submit --master spark://master:7077 --executor-memory 1g --driver-memory 512m --total-executor-cores 2 /opt/hadoop/wwong/eric_umts/kpi_parser_eric.py ericsson_umts_demo/set_166 "parse_set_166" "./test" &
[2016-12-12 16:19:12] finish reading file: ericsson_umts_demo/set_165
[2016-12-12 16:19:17] start writing file: ./test/set_163.txt
[2016-12-12 16:19:17] reading file: ericsson_umts_demo/set_166
[2016-12-12 16:19:18] current cores used: 8/20
[2016-12-12 16:19:18] reached max num of job (4/4), retry again in 2 min
[2016-12-12 16:19:18] finish writing file: ./test/set_163.txt
[2016-12-12 16:19:24] finish reading file: ericsson_umts_demo/set_166
[2016-12-12 16:19:46] start writing file: ./test/set_165.txt
[2016-12-12 16:19:46] finish writing file: ./test/set_165.txt
[2016-12-12 16:20:23] start writing file: ./test/set_164.txt
[2016-12-12 16:20:23] finish writing file: ./test/set_164.txt
[2016-12-12 16:20:42] start writing file: ./test/set_166.txt
[2016-12-12 16:20:43] finish writing file: ./test/set_166.txt
[2016-12-12 16:21:18] current cores used: 0/20
[2016-12-12 16:21:18] Task parse_set_167 start...
[2016-12-12 16:21:18] spark-submit --master spark://master:7077 --executor-memory 1g --driver-memory 512m --total-executor-cores 2 /opt/hadoop/wwong/eric_umts/kpi_parser_eric.py ericsson_umts_demo/set_167 "parse_set_167" "./test" &
[2016-12-12 16:21:26] reading file: ericsson_umts_demo/set_167
[2016-12-12 16:21:30] current cores used: 2/20
[2016-12-12 16:21:30] Task parse_set_168 start...
[2016-12-12 16:21:30] spark-submit --master spark://master:7077 --executor-memory 1g --driver-memory 512m --total-executor-cores 2 /opt/hadoop/wwong/eric_umts/kpi_parser_eric.py ericsson_umts_demo/set_168 "parse_set_168" "./test" &
[2016-12-12 16:21:32] finish reading file: ericsson_umts_demo/set_167
[2016-12-12 16:21:38] reading file: ericsson_umts_demo/set_168
[2016-12-12 16:21:42] current cores used: 4/20
[2016-12-12 16:21:42] Task parse_set_169 start...
[2016-12-12 16:21:42] spark-submit --master spark://master:7077 --executor-memory 1g --driver-memory 512m --total-executor-cores 2 /opt/hadoop/wwong/eric_umts/kpi_parser_eric.py ericsson_umts_demo/set_169 "parse_set_169" "./test" &
[2016-12-12 16:21:46] finish reading file: ericsson_umts_demo/set_168
[2016-12-12 16:21:54] reading file: ericsson_umts_demo/set_169
[2016-12-12 16:21:54] current cores used: 6/20
[2016-12-12 16:21:54] Task parse_set_170 start...
[2016-12-12 16:21:54] spark-submit --master spark://master:7077 --executor-memory 1g --driver-memory 512m --total-executor-cores 2 /opt/hadoop/wwong/eric_umts/kpi_parser_eric.py ericsson_umts_demo/set_170 "parse_set_170" "./test" &
[2016-12-12 16:21:59] finish reading file: ericsson_umts_demo/set_169
[2016-12-12 16:22:05] reading file: ericsson_umts_demo/set_170
[2016-12-12 16:22:06] current cores used: 8/20
[2016-12-12 16:22:06] reached max num of job (4/4), retry again in 2 min
[2016-12-12 16:22:08] start writing file: ./test/set_167.txt
[2016-12-12 16:22:09] finish writing file: ./test/set_167.txt
[2016-12-12 16:22:11] finish reading file: ericsson_umts_demo/set_170
[2016-12-12 16:22:30] start writing file: ./test/set_169.txt
[2016-12-12 16:22:31] finish writing file: ./test/set_169.txt
[2016-12-12 16:23:12] start writing file: ./test/set_168.txt
[2016-12-12 16:23:12] finish writing file: ./test/set_168.txt
[2016-12-12 16:23:32] start writing file: ./test/set_170.txt
[2016-12-12 16:23:33] finish writing file: ./test/set_170.txt
[2016-12-12 16:24:06] current cores used: 0/20
[2016-12-12 16:24:06] Task parse_set_171 start...
[2016-12-12 16:24:06] spark-submit --master spark://master:7077 --executor-memory 1g --driver-memory 512m --total-executor-cores 2 /opt/hadoop/wwong/eric_umts/kpi_parser_eric.py ericsson_umts_demo/set_171 "parse_set_171" "./test" &
[2016-12-12 16:24:15] reading file: ericsson_umts_demo/set_171
[2016-12-12 16:24:18] current cores used: 2/20
[2016-12-12 16:24:18] Task parse_set_172 start...
[2016-12-12 16:24:18] spark-submit --master spark://master:7077 --executor-memory 1g --driver-memory 512m --total-executor-cores 2 /opt/hadoop/wwong/eric_umts/kpi_parser_eric.py ericsson_umts_demo/set_172 "parse_set_172" "./test" &
[2016-12-12 16:24:21] finish reading file: ericsson_umts_demo/set_171
[2016-12-12 16:24:27] reading file: ericsson_umts_demo/set_172
[2016-12-12 16:24:31] current cores used: 4/20
[2016-12-12 16:24:31] Task parse_set_173 start...
[2016-12-12 16:24:31] spark-submit --master spark://master:7077 --executor-memory 1g --driver-memory 512m --total-executor-cores 2 /opt/hadoop/wwong/eric_umts/kpi_parser_eric.py ericsson_umts_demo/set_173 "parse_set_173" "./test" &
[2016-12-12 16:24:38] finish reading file: ericsson_umts_demo/set_172
[2016-12-12 16:24:41] reading file: ericsson_umts_demo/set_173
[2016-12-12 16:24:43] current cores used: 6/20
[2016-12-12 16:24:43] Task parse_set_174 start...
[2016-12-12 16:24:43] spark-submit --master spark://master:7077 --executor-memory 1g --driver-memory 512m --total-executor-cores 2 /opt/hadoop/wwong/eric_umts/kpi_parser_eric.py ericsson_umts_demo/set_174 "parse_set_174" "./test" &
[2016-12-12 16:24:48] finish reading file: ericsson_umts_demo/set_173
[2016-12-12 16:24:51] start writing file: ./test/set_171.txt
[2016-12-12 16:24:52] finish writing file: ./test/set_171.txt
[2016-12-12 16:24:55] reading file: ericsson_umts_demo/set_174
[2016-12-12 16:24:55] current cores used: 6/20
[2016-12-12 16:24:55] Task parse_set_175 start...
[2016-12-12 16:24:55] spark-submit --master spark://master:7077 --executor-memory 1g --driver-memory 512m --total-executor-cores 2 /opt/hadoop/wwong/eric_umts/kpi_parser_eric.py ericsson_umts_demo/set_175 "parse_set_175" "./test" &
[2016-12-12 16:25:00] finish reading file: ericsson_umts_demo/set_174
[2016-12-12 16:25:06] reading file: ericsson_umts_demo/set_175
[2016-12-12 16:25:07] current cores used: 8/20
[2016-12-12 16:25:07] reached max num of job (4/4), retry again in 2 min
[2016-12-12 16:25:12] finish reading file: ericsson_umts_demo/set_175
[2016-12-12 16:25:28] start writing file: ./test/set_173.txt
[2016-12-12 16:25:29] finish writing file: ./test/set_173.txt
[2016-12-12 16:25:38] start writing file: ./test/set_174.txt
[2016-12-12 16:25:38] finish writing file: ./test/set_174.txt
[2016-12-12 16:25:58] start writing file: ./test/set_172.txt
[2016-12-12 16:25:59] finish writing file: ./test/set_172.txt
[2016-12-12 16:26:30] start writing file: ./test/set_175.txt
[2016-12-12 16:26:30] finish writing file: ./test/set_175.txt
[2016-12-12 16:27:07] current cores used: 0/20
[2016-12-12 16:27:07] Task parse_set_176 start...
[2016-12-12 16:27:07] spark-submit --master spark://master:7077 --executor-memory 1g --driver-memory 512m --total-executor-cores 2 /opt/hadoop/wwong/eric_umts/kpi_parser_eric.py ericsson_umts_demo/set_176 "parse_set_176" "./test" &
[2016-12-12 16:27:15] reading file: ericsson_umts_demo/set_176
[2016-12-12 16:27:19] current cores used: 2/20
[2016-12-12 16:27:19] Task parse_set_177 start...
[2016-12-12 16:27:19] spark-submit --master spark://master:7077 --executor-memory 1g --driver-memory 512m --total-executor-cores 2 /opt/hadoop/wwong/eric_umts/kpi_parser_eric.py ericsson_umts_demo/set_177 "parse_set_177" "./test" &
[2016-12-12 16:27:19] finish reading file: ericsson_umts_demo/set_176
[2016-12-12 16:27:27] reading file: ericsson_umts_demo/set_177
[2016-12-12 16:27:31] current cores used: 4/20
[2016-12-12 16:27:31] Task parse_set_178 start...
[2016-12-12 16:27:31] spark-submit --master spark://master:7077 --executor-memory 1g --driver-memory 512m --total-executor-cores 2 /opt/hadoop/wwong/eric_umts/kpi_parser_eric.py ericsson_umts_demo/set_178 "parse_set_178" "./test" &
[2016-12-12 16:27:36] finish reading file: ericsson_umts_demo/set_177
[2016-12-12 16:27:42] reading file: ericsson_umts_demo/set_178
[2016-12-12 16:27:43] current cores used: 6/20
[2016-12-12 16:27:43] Task parse_set_179 start...
[2016-12-12 16:27:43] spark-submit --master spark://master:7077 --executor-memory 1g --driver-memory 512m --total-executor-cores 2 /opt/hadoop/wwong/eric_umts/kpi_parser_eric.py ericsson_umts_demo/set_179 "parse_set_179" "./test" &
[2016-12-12 16:27:48] finish reading file: ericsson_umts_demo/set_178
[2016-12-12 16:27:52] start writing file: ./test/set_176.txt
[2016-12-12 16:27:52] reading file: ericsson_umts_demo/set_179
[2016-12-12 16:27:52] finish writing file: ./test/set_176.txt
[2016-12-12 16:27:55] current cores used: 6/20
[2016-12-12 16:27:55] Task parse_set_180 start...
[2016-12-12 16:27:55] spark-submit --master spark://master:7077 --executor-memory 1g --driver-memory 512m --total-executor-cores 2 /opt/hadoop/wwong/eric_umts/kpi_parser_eric.py ericsson_umts_demo/set_180 "parse_set_180" "./test" &
[2016-12-12 16:27:59] finish reading file: ericsson_umts_demo/set_179
[2016-12-12 16:28:07] reading file: ericsson_umts_demo/set_180
[2016-12-12 16:28:07] current cores used: 8/20
[2016-12-12 16:28:07] reached max num of job (4/4), retry again in 2 min
[2016-12-12 16:28:13] finish reading file: ericsson_umts_demo/set_180
[2016-12-12 16:28:29] start writing file: ./test/set_178.txt
[2016-12-12 16:28:30] finish writing file: ./test/set_178.txt
[2016-12-12 16:28:46] start writing file: ./test/set_180.txt
[2016-12-12 16:28:47] finish writing file: ./test/set_180.txt
[2016-12-12 16:28:55] start writing file: ./test/set_177.txt
[2016-12-12 16:28:56] finish writing file: ./test/set_177.txt
[2016-12-12 16:29:14] start writing file: ./test/set_179.txt
[2016-12-12 16:29:15] finish writing file: ./test/set_179.txt
[2016-12-12 16:30:07] current cores used: 0/20
[2016-12-12 16:30:07] Task parse_set_181 start...
[2016-12-12 16:30:07] spark-submit --master spark://master:7077 --executor-memory 1g --driver-memory 512m --total-executor-cores 2 /opt/hadoop/wwong/eric_umts/kpi_parser_eric.py ericsson_umts_demo/set_181 "parse_set_181" "./test" &
[2016-12-12 16:30:16] reading file: ericsson_umts_demo/set_181
[2016-12-12 16:30:20] current cores used: 2/20
[2016-12-12 16:30:20] Task parse_set_182 start...
[2016-12-12 16:30:20] spark-submit --master spark://master:7077 --executor-memory 1g --driver-memory 512m --total-executor-cores 2 /opt/hadoop/wwong/eric_umts/kpi_parser_eric.py ericsson_umts_demo/set_182 "parse_set_182" "./test" &
[2016-12-12 16:30:20] finish reading file: ericsson_umts_demo/set_181
[2016-12-12 16:30:27] reading file: ericsson_umts_demo/set_182
[2016-12-12 16:30:32] current cores used: 4/20
[2016-12-12 16:30:32] Task parse_set_183 start...
[2016-12-12 16:30:32] spark-submit --master spark://master:7077 --executor-memory 1g --driver-memory 512m --total-executor-cores 2 /opt/hadoop/wwong/eric_umts/kpi_parser_eric.py ericsson_umts_demo/set_183 "parse_set_183" "./test" &
[2016-12-12 16:30:38] finish reading file: ericsson_umts_demo/set_182
[2016-12-12 16:30:44] current cores used: 6/20
[2016-12-12 16:30:44] Task parse_set_184 start...
[2016-12-12 16:30:44] spark-submit --master spark://master:7077 --executor-memory 1g --driver-memory 512m --total-executor-cores 2 /opt/hadoop/wwong/eric_umts/kpi_parser_eric.py ericsson_umts_demo/set_184 "parse_set_184" "./test" &
[2016-12-12 16:30:45] reading file: ericsson_umts_demo/set_183
[2016-12-12 16:30:50] finish reading file: ericsson_umts_demo/set_183
[2016-12-12 16:30:51] start writing file: ./test/set_181.txt
[2016-12-12 16:30:52] finish writing file: ./test/set_181.txt
[2016-12-12 16:30:55] reading file: ericsson_umts_demo/set_184
[2016-12-12 16:30:56] current cores used: 6/20
[2016-12-12 16:30:56] Task parse_set_185 start...
[2016-12-12 16:30:56] spark-submit --master spark://master:7077 --executor-memory 1g --driver-memory 512m --total-executor-cores 2 /opt/hadoop/wwong/eric_umts/kpi_parser_eric.py ericsson_umts_demo/set_185 "parse_set_185" "./test" &
[2016-12-12 16:31:01] finish reading file: ericsson_umts_demo/set_184
[2016-12-12 16:31:08] current cores used: 8/20
[2016-12-12 16:31:08] reached max num of job (4/4), retry again in 2 min
[2016-12-12 16:31:08] reading file: ericsson_umts_demo/set_185
[2016-12-12 16:31:14] finish reading file: ericsson_umts_demo/set_185
[2016-12-12 16:31:28] start writing file: ./test/set_183.txt
[2016-12-12 16:31:29] finish writing file: ./test/set_183.txt
[2016-12-12 16:31:41] start writing file: ./test/set_184.txt
[2016-12-12 16:31:42] finish writing file: ./test/set_184.txt
[2016-12-12 16:32:01] start writing file: ./test/set_182.txt
[2016-12-12 16:32:01] finish writing file: ./test/set_182.txt
[2016-12-12 16:32:28] start writing file: ./test/set_185.txt
[2016-12-12 16:32:29] finish writing file: ./test/set_185.txt
[2016-12-12 16:33:08] current cores used: 0/20
[2016-12-12 16:33:08] Task parse_set_186 start...
[2016-12-12 16:33:08] spark-submit --master spark://master:7077 --executor-memory 1g --driver-memory 512m --total-executor-cores 2 /opt/hadoop/wwong/eric_umts/kpi_parser_eric.py ericsson_umts_demo/set_186 "parse_set_186" "./test" &
[2016-12-12 16:33:17] reading file: ericsson_umts_demo/set_186
[2016-12-12 16:33:20] current cores used: 2/20
[2016-12-12 16:33:20] Task parse_set_187 start...
[2016-12-12 16:33:20] spark-submit --master spark://master:7077 --executor-memory 1g --driver-memory 512m --total-executor-cores 2 /opt/hadoop/wwong/eric_umts/kpi_parser_eric.py ericsson_umts_demo/set_187 "parse_set_187" "./test" &
[2016-12-12 16:33:23] finish reading file: ericsson_umts_demo/set_186
[2016-12-12 16:33:29] reading file: ericsson_umts_demo/set_187
[2016-12-12 16:33:32] current cores used: 4/20
[2016-12-12 16:33:32] Task parse_set_188 start...
[2016-12-12 16:33:32] spark-submit --master spark://master:7077 --executor-memory 1g --driver-memory 512m --total-executor-cores 2 /opt/hadoop/wwong/eric_umts/kpi_parser_eric.py ericsson_umts_demo/set_188 "parse_set_188" "./test" &
[2016-12-12 16:33:37] finish reading file: ericsson_umts_demo/set_187
[2016-12-12 16:33:41] reading file: ericsson_umts_demo/set_188
[2016-12-12 16:33:44] current cores used: 6/20
[2016-12-12 16:33:44] Task parse_set_189 start...
[2016-12-12 16:33:44] spark-submit --master spark://master:7077 --executor-memory 1g --driver-memory 512m --total-executor-cores 2 /opt/hadoop/wwong/eric_umts/kpi_parser_eric.py ericsson_umts_demo/set_189 "parse_set_189" "./test" &
[2016-12-12 16:33:47] finish reading file: ericsson_umts_demo/set_188
[2016-12-12 16:33:53] start writing file: ./test/set_186.txt
[2016-12-12 16:33:54] finish writing file: ./test/set_186.txt
[2016-12-12 16:33:56] reading file: ericsson_umts_demo/set_189
[2016-12-12 16:33:56] current cores used: 6/20
[2016-12-12 16:33:56] Task parse_set_190 start...
[2016-12-12 16:33:56] spark-submit --master spark://master:7077 --executor-memory 1g --driver-memory 512m --total-executor-cores 2 /opt/hadoop/wwong/eric_umts/kpi_parser_eric.py ericsson_umts_demo/set_190 "parse_set_190" "./test" &
[2016-12-12 16:34:03] finish reading file: ericsson_umts_demo/set_189
[2016-12-12 16:34:08] reading file: ericsson_umts_demo/set_190
[2016-12-12 16:34:08] current cores used: 8/20
[2016-12-12 16:34:08] reached max num of job (4/4), retry again in 2 min
[2016-12-12 16:34:15] finish reading file: ericsson_umts_demo/set_190
[2016-12-12 16:34:30] start writing file: ./test/set_188.txt
[2016-12-12 16:34:31] finish writing file: ./test/set_188.txt
[2016-12-12 16:34:42] start writing file: ./test/set_189.txt
[2016-12-12 16:34:42] finish writing file: ./test/set_189.txt
[2016-12-12 16:35:02] start writing file: ./test/set_187.txt
[2016-12-12 16:35:02] finish writing file: ./test/set_187.txt
[2016-12-12 16:35:34] start writing file: ./test/set_190.txt
[2016-12-12 16:35:34] finish writing file: ./test/set_190.txt
[2016-12-12 16:36:09] current cores used: 0/20
[2016-12-12 16:36:09] Task parse_set_191 start...
[2016-12-12 16:36:09] spark-submit --master spark://master:7077 --executor-memory 1g --driver-memory 512m --total-executor-cores 2 /opt/hadoop/wwong/eric_umts/kpi_parser_eric.py ericsson_umts_demo/set_191 "parse_set_191" "./test" &
[2016-12-12 16:36:17] reading file: ericsson_umts_demo/set_191
[2016-12-12 16:36:21] current cores used: 2/20
[2016-12-12 16:36:21] Task parse_set_192 start...
[2016-12-12 16:36:21] spark-submit --master spark://master:7077 --executor-memory 1g --driver-memory 512m --total-executor-cores 2 /opt/hadoop/wwong/eric_umts/kpi_parser_eric.py ericsson_umts_demo/set_192 "parse_set_192" "./test" &
[2016-12-12 16:36:21] finish reading file: ericsson_umts_demo/set_191
[2016-12-12 16:36:29] reading file: ericsson_umts_demo/set_192
[2016-12-12 16:36:33] current cores used: 4/20
[2016-12-12 16:36:33] Task parse_set_193 start...
[2016-12-12 16:36:33] spark-submit --master spark://master:7077 --executor-memory 1g --driver-memory 512m --total-executor-cores 2 /opt/hadoop/wwong/eric_umts/kpi_parser_eric.py ericsson_umts_demo/set_193 "parse_set_193" "./test" &
[2016-12-12 16:36:38] finish reading file: ericsson_umts_demo/set_192
[2016-12-12 16:36:45] reading file: ericsson_umts_demo/set_193
[2016-12-12 16:36:45] current cores used: 6/20
[2016-12-12 16:36:45] Task parse_set_194 start...
[2016-12-12 16:36:45] spark-submit --master spark://master:7077 --executor-memory 1g --driver-memory 512m --total-executor-cores 2 /opt/hadoop/wwong/eric_umts/kpi_parser_eric.py ericsson_umts_demo/set_194 "parse_set_194" "./test" &
[2016-12-12 16:36:49] start writing file: ./test/set_191.txt
[2016-12-12 16:36:50] finish writing file: ./test/set_191.txt
[2016-12-12 16:36:51] finish reading file: ericsson_umts_demo/set_193
[2016-12-12 16:36:57] reading file: ericsson_umts_demo/set_194
[2016-12-12 16:36:57] current cores used: 6/20
[2016-12-12 16:36:57] Task parse_set_195 start...
[2016-12-12 16:36:57] spark-submit --master spark://master:7077 --executor-memory 1g --driver-memory 512m --total-executor-cores 2 /opt/hadoop/wwong/eric_umts/kpi_parser_eric.py ericsson_umts_demo/set_195 "parse_set_195" "./test" &
[2016-12-12 16:37:02] finish reading file: ericsson_umts_demo/set_194
[2016-12-12 16:37:08] reading file: ericsson_umts_demo/set_195
[2016-12-12 16:37:09] current cores used: 8/20
[2016-12-12 16:37:09] reached max num of job (4/4), retry again in 2 min
[2016-12-12 16:37:15] finish reading file: ericsson_umts_demo/set_195
[2016-12-12 16:37:33] start writing file: ./test/set_193.txt
[2016-12-12 16:37:34] finish writing file: ./test/set_193.txt
[2016-12-12 16:37:39] start writing file: ./test/set_194.txt
[2016-12-12 16:37:40] finish writing file: ./test/set_194.txt
[2016-12-12 16:38:04] start writing file: ./test/set_192.txt
[2016-12-12 16:38:05] finish writing file: ./test/set_192.txt
[2016-12-12 16:38:36] start writing file: ./test/set_195.txt
[2016-12-12 16:38:37] finish writing file: ./test/set_195.txt
[2016-12-12 16:39:09] current cores used: 0/20
[2016-12-12 16:39:09] Task parse_set_196 start...
[2016-12-12 16:39:09] spark-submit --master spark://master:7077 --executor-memory 1g --driver-memory 512m --total-executor-cores 2 /opt/hadoop/wwong/eric_umts/kpi_parser_eric.py ericsson_umts_demo/set_196 "parse_set_196" "./test" &
[2016-12-12 16:39:18] reading file: ericsson_umts_demo/set_196
[2016-12-12 16:39:21] current cores used: 2/20
[2016-12-12 16:39:21] Task parse_set_197 start...
[2016-12-12 16:39:21] spark-submit --master spark://master:7077 --executor-memory 1g --driver-memory 512m --total-executor-cores 2 /opt/hadoop/wwong/eric_umts/kpi_parser_eric.py ericsson_umts_demo/set_197 "parse_set_197" "./test" &
[2016-12-12 16:39:23] finish reading file: ericsson_umts_demo/set_196
[2016-12-12 16:39:29] reading file: ericsson_umts_demo/set_197
[2016-12-12 16:39:33] current cores used: 4/20
[2016-12-12 16:39:33] Task parse_set_198 start...
[2016-12-12 16:39:33] spark-submit --master spark://master:7077 --executor-memory 1g --driver-memory 512m --total-executor-cores 2 /opt/hadoop/wwong/eric_umts/kpi_parser_eric.py ericsson_umts_demo/set_198 "parse_set_198" "./test" &
[2016-12-12 16:39:39] finish reading file: ericsson_umts_demo/set_197
[2016-12-12 16:39:44] reading file: ericsson_umts_demo/set_198
[2016-12-12 16:39:45] current cores used: 6/20
[2016-12-12 16:39:45] Task parse_set_199 start...
[2016-12-12 16:39:45] spark-submit --master spark://master:7077 --executor-memory 1g --driver-memory 512m --total-executor-cores 2 /opt/hadoop/wwong/eric_umts/kpi_parser_eric.py ericsson_umts_demo/set_199 "parse_set_199" "./test" &
[2016-12-12 16:39:52] finish reading file: ericsson_umts_demo/set_198
[2016-12-12 16:39:54] start writing file: ./test/set_196.txt
[2016-12-12 16:39:55] finish writing file: ./test/set_196.txt
[2016-12-12 16:39:57] reading file: ericsson_umts_demo/set_199
[2016-12-12 16:39:57] current cores used: 6/20
[2016-12-12 16:39:57] Task parse_set_200 start...
[2016-12-12 16:39:57] spark-submit --master spark://master:7077 --executor-memory 1g --driver-memory 512m --total-executor-cores 2 /opt/hadoop/wwong/eric_umts/kpi_parser_eric.py ericsson_umts_demo/set_200 "parse_set_200" "./test" &
[2016-12-12 16:40:04] finish reading file: ericsson_umts_demo/set_199
[2016-12-12 16:40:09] reading file: ericsson_umts_demo/set_200
[2016-12-12 16:40:09] multi process ended
[2016-12-12 16:40:15] finish reading file: ericsson_umts_demo/set_200
[2016-12-12 16:40:33] start writing file: ./test/set_198.txt
[2016-12-12 16:40:34] finish writing file: ./test/set_198.txt
[2016-12-12 16:40:47] start writing file: ./test/set_199.txt
[2016-12-12 16:40:47] finish writing file: ./test/set_199.txt
[2016-12-12 16:41:00] start writing file: ./test/set_197.txt
[2016-12-12 16:41:00] finish writing file: ./test/set_197.txt
[2016-12-12 16:41:35] start writing file: ./test/set_200.txt
[2016-12-12 16:41:36] finish writing file: ./test/set_200.txt
