[2016-12-08 02:36:54] multi process started
[2016-12-08 02:36:55] current cores used: 0/20
[2016-12-08 02:36:55] Task parse_set_000 start...
[2016-12-08 02:36:55] spark-submit --master spark://master:7077 --executor-memory 1g --driver-memory 1g --total-executor-cores 2 /opt/hadoop/wwong/eric_umts/kpi_parser_eric.py ericsson_umts_demo/set_000 "parse_set_000" "./test" &
[2016-12-08 02:37:03] reading file: ericsson_umts_demo/set_000
[2016-12-08 02:37:07] current cores used: 2/20
[2016-12-08 02:37:07] Task parse_set_001 start...
[2016-12-08 02:37:07] spark-submit --master spark://master:7077 --executor-memory 1g --driver-memory 1g --total-executor-cores 2 /opt/hadoop/wwong/eric_umts/kpi_parser_eric.py ericsson_umts_demo/set_001 "parse_set_001" "./test" &
[2016-12-08 02:37:14] finish reading file: ericsson_umts_demo/set_000
[2016-12-08 02:37:17] reading file: ericsson_umts_demo/set_001
[2016-12-08 02:37:19] current cores used: 4/20
[2016-12-08 02:37:19] Task parse_set_002 start...
[2016-12-08 02:37:19] spark-submit --master spark://master:7077 --executor-memory 1g --driver-memory 1g --total-executor-cores 2 /opt/hadoop/wwong/eric_umts/kpi_parser_eric.py ericsson_umts_demo/set_002 "parse_set_002" "./test" &
[2016-12-08 02:37:23] finish reading file: ericsson_umts_demo/set_001
[2016-12-08 02:37:31] reading file: ericsson_umts_demo/set_002
[2016-12-08 02:37:31] current cores used: 6/20
[2016-12-08 02:37:31] Task parse_set_003 start...
[2016-12-08 02:37:31] spark-submit --master spark://master:7077 --executor-memory 1g --driver-memory 1g --total-executor-cores 2 /opt/hadoop/wwong/eric_umts/kpi_parser_eric.py ericsson_umts_demo/set_003 "parse_set_003" "./test" &
[2016-12-08 02:37:37] finish reading file: ericsson_umts_demo/set_002
[2016-12-08 02:37:43] current cores used: 8/20
[2016-12-08 02:37:43] Task parse_set_004 start...
[2016-12-08 02:37:43] spark-submit --master spark://master:7077 --executor-memory 1g --driver-memory 1g --total-executor-cores 2 /opt/hadoop/wwong/eric_umts/kpi_parser_eric.py ericsson_umts_demo/set_004 "parse_set_004" "./test" &
[2016-12-08 02:37:45] reading file: ericsson_umts_demo/set_003
[2016-12-08 02:37:51] finish reading file: ericsson_umts_demo/set_003
[2016-12-08 02:37:55] current cores used: 10/20
[2016-12-08 02:37:55] Task parse_set_005 start...
[2016-12-08 02:37:55] spark-submit --master spark://master:7077 --executor-memory 1g --driver-memory 1g --total-executor-cores 2 /opt/hadoop/wwong/eric_umts/kpi_parser_eric.py ericsson_umts_demo/set_005 "parse_set_005" "./test" &
[2016-12-08 02:37:56] reading file: ericsson_umts_demo/set_004
[2016-12-08 02:37:58] start writing file: ./test/set_001.txt
[2016-12-08 02:38:03] finish reading file: ericsson_umts_demo/set_004
[2016-12-08 02:38:07] current cores used: 12/20
[2016-12-08 02:38:07] Task parse_set_006 start...
[2016-12-08 02:38:07] spark-submit --master spark://master:7077 --executor-memory 1g --driver-memory 1g --total-executor-cores 2 /opt/hadoop/wwong/eric_umts/kpi_parser_eric.py ericsson_umts_demo/set_006 "parse_set_006" "./test" &
[2016-12-08 02:38:08] reading file: ericsson_umts_demo/set_005
[2016-12-08 02:38:19] current cores used: 12/20
[2016-12-08 02:38:19] last job submit (parse_set_006) not completed, retry again in 12 sec
[2016-12-08 02:38:22] reading file: ericsson_umts_demo/set_006
[2016-12-08 02:38:31] finish reading file: ericsson_umts_demo/set_005
[2016-12-08 02:38:31] current cores used: 14/20
[2016-12-08 02:38:31] Task parse_set_007 start...
[2016-12-08 02:38:31] spark-submit --master spark://master:7077 --executor-memory 1g --driver-memory 1g --total-executor-cores 2 /opt/hadoop/wwong/eric_umts/kpi_parser_eric.py ericsson_umts_demo/set_007 "parse_set_007" "./test" &
[2016-12-08 02:38:40] start writing file: ./test/set_004.txt
[2016-12-08 02:38:47] current cores used: 14/20
[2016-12-08 02:38:47] last job submit (parse_set_007) not completed, retry again in 12 sec
[2016-12-08 02:38:59] current cores used: 14/20
[2016-12-08 02:38:59] last job submit (parse_set_007) not completed, retry again in 12 sec
[2016-12-08 02:39:13] current cores used: 14/20
[2016-12-08 02:39:13] last job submit (parse_set_007) not completed, retry again in 12 sec
[2016-12-08 02:39:15] finish reading file: ericsson_umts_demo/set_006
[2016-12-08 02:39:26] current cores used: 14/20
[2016-12-08 02:39:26] last job submit (parse_set_007) not completed, retry again in 12 sec
[2016-12-08 02:39:39] current cores used: 14/20
[2016-12-08 02:39:39] last job submit (parse_set_007) not completed, retry again in 12 sec
[2016-12-08 02:39:54] current cores used: 14/20
[2016-12-08 02:39:54] last job submit (parse_set_007) not completed, retry again in 12 sec
[2016-12-08 02:40:26] current cores used: 14/20
[2016-12-08 02:40:26] last job submit (parse_set_007) not completed, retry again in 12 sec
[2016-12-08 02:41:14] current cores used: 14/20
[2016-12-08 02:41:14] last job submit (parse_set_007) not completed, retry again in 12 sec
[2016-12-08 02:41:55] current cores used: 14/20
[2016-12-08 02:41:55] last job submit (parse_set_007) not completed, retry again in 12 sec
[2016-12-08 02:42:08] current cores used: 14/20
[2016-12-08 02:42:08] last job submit (parse_set_007) not completed, retry again in 12 sec
[2016-12-08 02:42:20] start writing file: ./test/set_003.txt
[2016-12-08 02:42:21] current cores used: 14/20
[2016-12-08 02:42:21] last job submit (parse_set_007) not completed, retry again in 12 sec
[2016-12-08 02:42:21] start writing file: ./test/set_006.txt
[2016-12-08 02:42:22] start writing file: ./test/set_002.txt
[2016-12-08 02:42:29] start writing file: ./test/set_000.txt
[2016-12-08 02:42:33] current cores used: 14/20
[2016-12-08 02:42:33] last job submit (parse_set_007) not completed, retry again in 12 sec
[2016-12-08 02:42:46] current cores used: 16/20
[2016-12-08 02:42:47] reached max num of job (8/8), retry again in 2 min
[2016-12-08 02:43:04] reading file: ericsson_umts_demo/set_007
[2016-12-08 02:43:23] start writing file: ./test/set_005.txt
#
# There is insufficient memory for the Java Runtime Environment to continue.
# Native memory allocation (mmap) failed to map 104857600 bytes for committing reserved memory.
# An error report file with more information is saved as:
# /opt/hadoop/wwong/eric_umts/output/hs_err_pid40027.log
[2016-12-08 02:44:47] current cores used: 12/20
[2016-12-08 02:44:47] Task parse_set_008 start...
[2016-12-08 02:44:47] spark-submit --master spark://master:7077 --executor-memory 1g --driver-memory 1g --total-executor-cores 2 /opt/hadoop/wwong/eric_umts/kpi_parser_eric.py ericsson_umts_demo/set_008 "parse_set_008" "./test" &
[2016-12-08 02:44:59] current cores used: 12/20
[2016-12-08 02:44:59] last job submit (parse_set_008) not completed, retry again in 12 sec
[2016-12-08 02:45:10] reading file: ericsson_umts_demo/set_008
[2016-12-08 02:45:11] current cores used: 14/20
[2016-12-08 02:45:11] Task parse_set_009 start...
[2016-12-08 02:45:11] spark-submit --master spark://master:7077 --executor-memory 1g --driver-memory 1g --total-executor-cores 2 /opt/hadoop/wwong/eric_umts/kpi_parser_eric.py ericsson_umts_demo/set_009 "parse_set_009" "./test" &
[2016-12-08 02:45:23] finish reading file: ericsson_umts_demo/set_008
[2016-12-08 02:45:23] current cores used: 14/20
[2016-12-08 02:45:23] last job submit (parse_set_009) not completed, retry again in 12 sec
[2016-12-08 02:45:31] reading file: ericsson_umts_demo/set_009
[2016-12-08 02:45:35] current cores used: 16/20
[2016-12-08 02:45:35] reached max num of job (8/8), retry again in 2 min
[2016-12-08 02:45:42] finish reading file: ericsson_umts_demo/set_009
[2016-12-08 02:46:00] start writing file: ./test/set_008.txt
[2016-12-08 02:47:21] finish writing file: ./test/set_006.txt
[2016-12-08 02:47:36] current cores used: 14/20
[2016-12-08 02:47:36] Task parse_set_010 start...
[2016-12-08 02:47:36] spark-submit --master spark://master:7077 --executor-memory 1g --driver-memory 1g --total-executor-cores 2 /opt/hadoop/wwong/eric_umts/kpi_parser_eric.py ericsson_umts_demo/set_010 "parse_set_010" "./test" &
[2016-12-08 02:47:48] finish writing file: ./test/set_004.txt
[2016-12-08 02:47:48] current cores used: 14/20
[2016-12-08 02:47:48] last job submit (parse_set_010) not completed, retry again in 12 sec
[2016-12-08 02:48:00] current cores used: 14/20
[2016-12-08 02:48:00] Task parse_set_011 start...
[2016-12-08 02:48:00] spark-submit --master spark://master:7077 --executor-memory 1g --driver-memory 1g --total-executor-cores 2 /opt/hadoop/wwong/eric_umts/kpi_parser_eric.py ericsson_umts_demo/set_011 "parse_set_011" "./test" &
[2016-12-08 02:48:02] reading file: ericsson_umts_demo/set_010
[2016-12-08 02:48:11] finish reading file: ericsson_umts_demo/set_010
[2016-12-08 02:48:12] current cores used: 14/20
[2016-12-08 02:48:12] last job submit (parse_set_011) not completed, retry again in 12 sec
[2016-12-08 02:48:16] reading file: ericsson_umts_demo/set_011
[2016-12-08 02:48:24] finish reading file: ericsson_umts_demo/set_011
[2016-12-08 02:48:24] current cores used: 16/20
[2016-12-08 02:48:24] reached max num of job (8/8), retry again in 2 min
[2016-12-08 02:48:25] finish writing file: ./test/set_003.txt
[2016-12-08 02:48:32] finish writing file: ./test/set_000.txt
[2016-12-08 02:48:44] start writing file: ./test/set_010.txt
[2016-12-08 02:48:49] finish writing file: ./test/set_002.txt
[2016-12-08 02:49:19] start writing file: ./test/set_009.txt
[2016-12-08 02:49:32] finish writing file: ./test/set_005.txt
[2016-12-08 02:50:12] finish writing file: ./test/set_008.txt
[2016-12-08 02:50:23] start writing file: ./test/set_011.txt
[2016-12-08 02:50:25] current cores used: 6/20
[2016-12-08 02:50:25] Task parse_set_012 start...
[2016-12-08 02:50:25] spark-submit --master spark://master:7077 --executor-memory 1g --driver-memory 1g --total-executor-cores 2 /opt/hadoop/wwong/eric_umts/kpi_parser_eric.py ericsson_umts_demo/set_012 "parse_set_012" "./test" &
[2016-12-08 02:50:35] reading file: ericsson_umts_demo/set_012
[2016-12-08 02:50:37] current cores used: 8/20
[2016-12-08 02:50:37] Task parse_set_013 start...
[2016-12-08 02:50:37] spark-submit --master spark://master:7077 --executor-memory 1g --driver-memory 1g --total-executor-cores 2 /opt/hadoop/wwong/eric_umts/kpi_parser_eric.py ericsson_umts_demo/set_013 "parse_set_013" "./test" &
[2016-12-08 02:50:43] finish reading file: ericsson_umts_demo/set_012
[2016-12-08 02:50:49] current cores used: 8/20
[2016-12-08 02:50:49] last job submit (parse_set_013) not completed, retry again in 12 sec
[2016-12-08 02:50:52] reading file: ericsson_umts_demo/set_013
[2016-12-08 02:50:59] finish reading file: ericsson_umts_demo/set_013
[2016-12-08 02:51:01] current cores used: 10/20
[2016-12-08 02:51:01] Task parse_set_014 start...
[2016-12-08 02:51:01] spark-submit --master spark://master:7077 --executor-memory 1g --driver-memory 1g --total-executor-cores 2 /opt/hadoop/wwong/eric_umts/kpi_parser_eric.py ericsson_umts_demo/set_014 "parse_set_014" "./test" &
[2016-12-08 02:51:12] reading file: ericsson_umts_demo/set_014
[2016-12-08 02:51:13] current cores used: 12/20
[2016-12-08 02:51:13] Task parse_set_015 start...
[2016-12-08 02:51:13] spark-submit --master spark://master:7077 --executor-memory 1g --driver-memory 1g --total-executor-cores 2 /opt/hadoop/wwong/eric_umts/kpi_parser_eric.py ericsson_umts_demo/set_015 "parse_set_015" "./test" &
[2016-12-08 02:51:25] current cores used: 12/20
[2016-12-08 02:51:25] last job submit (parse_set_015) not completed, retry again in 12 sec
[2016-12-08 02:51:30] finish reading file: ericsson_umts_demo/set_014
[2016-12-08 02:51:36] reading file: ericsson_umts_demo/set_015
[2016-12-08 02:51:37] current cores used: 14/20
[2016-12-08 02:51:37] Task parse_set_016 start...
[2016-12-08 02:51:37] spark-submit --master spark://master:7077 --executor-memory 1g --driver-memory 1g --total-executor-cores 2 /opt/hadoop/wwong/eric_umts/kpi_parser_eric.py ericsson_umts_demo/set_016 "parse_set_016" "./test" &
[2016-12-08 02:51:46] finish reading file: ericsson_umts_demo/set_015
[2016-12-08 02:51:50] current cores used: 14/20
[2016-12-08 02:51:50] last job submit (parse_set_016) not completed, retry again in 12 sec
[2016-12-08 02:52:05] current cores used: 14/20
[2016-12-08 02:52:05] last job submit (parse_set_016) not completed, retry again in 12 sec
[2016-12-08 02:52:30] current cores used: 14/20
[2016-12-08 02:52:30] last job submit (parse_set_016) not completed, retry again in 12 sec
[2016-12-08 02:52:51] current cores used: 14/20
[2016-12-08 02:52:51] last job submit (parse_set_016) not completed, retry again in 12 sec
[2016-12-08 02:52:55] start writing file: ./test/set_015.txt
[2016-12-08 02:53:16] current cores used: 14/20
[2016-12-08 02:53:16] last job submit (parse_set_016) not completed, retry again in 12 sec
[2016-12-08 02:53:31] current cores used: 14/20
[2016-12-08 02:53:32] last job submit (parse_set_016) not completed, retry again in 12 sec
[2016-12-08 02:53:44] current cores used: 14/20
[2016-12-08 02:53:44] last job submit (parse_set_016) not completed, retry again in 12 sec
[2016-12-08 02:54:04] current cores used: 14/20
[2016-12-08 02:54:04] last job submit (parse_set_016) not completed, retry again in 12 sec
[2016-12-08 02:54:04] start writing file: ./test/set_013.txt
[2016-12-08 02:54:20] current cores used: 14/20
[2016-12-08 02:54:20] last job submit (parse_set_016) not completed, retry again in 12 sec
[2016-12-08 02:54:32] current cores used: 16/20
[2016-12-08 02:54:32] reached max num of job (8/8), retry again in 2 min
[2016-12-08 02:54:38] reading file: ericsson_umts_demo/set_016
[2016-12-08 02:55:34] finish reading file: ericsson_umts_demo/set_016
[2016-12-08 02:55:35] start writing file: ./test/set_014.txt
[2016-12-08 02:55:36] start writing file: ./test/set_012.txt
[2016-12-08 02:56:33] current cores used: 16/20
[2016-12-08 02:56:33] reached max num of job (8/8), retry again in 2 min
[2016-12-08 02:57:05] finish writing file: ./test/set_010.txt
[2016-12-08 02:57:27] finish writing file: ./test/set_009.txt
[2016-12-08 02:58:05] start writing file: ./test/set_016.txt
[2016-12-08 02:58:24] finish writing file: ./test/set_011.txt
[2016-12-08 02:58:34] current cores used: 10/20
[2016-12-08 02:58:34] Task parse_set_017 start...
[2016-12-08 02:58:34] spark-submit --master spark://master:7077 --executor-memory 1g --driver-memory 1g --total-executor-cores 2 /opt/hadoop/wwong/eric_umts/kpi_parser_eric.py ericsson_umts_demo/set_017 "parse_set_017" "./test" &
[2016-12-08 02:58:46] current cores used: 10/20
[2016-12-08 02:58:46] last job submit (parse_set_017) not completed, retry again in 12 sec
[2016-12-08 02:58:56] reading file: ericsson_umts_demo/set_017
[2016-12-08 02:58:58] current cores used: 12/20
[2016-12-08 02:58:58] Task parse_set_018 start...
[2016-12-08 02:58:58] spark-submit --master spark://master:7077 --executor-memory 1g --driver-memory 1g --total-executor-cores 2 /opt/hadoop/wwong/eric_umts/kpi_parser_eric.py ericsson_umts_demo/set_018 "parse_set_018" "./test" &
[2016-12-08 02:59:03] finish reading file: ericsson_umts_demo/set_017
[2016-12-08 02:59:10] current cores used: 12/20
[2016-12-08 02:59:10] last job submit (parse_set_018) not completed, retry again in 12 sec
[2016-12-08 02:59:13] reading file: ericsson_umts_demo/set_018
[2016-12-08 02:59:22] current cores used: 14/20
[2016-12-08 02:59:22] Task parse_set_019 start...
[2016-12-08 02:59:22] spark-submit --master spark://master:7077 --executor-memory 1g --driver-memory 1g --total-executor-cores 2 /opt/hadoop/wwong/eric_umts/kpi_parser_eric.py ericsson_umts_demo/set_019 "parse_set_019" "./test" &
[2016-12-08 02:59:28] finish reading file: ericsson_umts_demo/set_018
[2016-12-08 02:59:33] finish writing file: ./test/set_015.txt
[2016-12-08 02:59:34] current cores used: 12/20
[2016-12-08 02:59:34] last job submit (parse_set_019) not completed, retry again in 12 sec
[2016-12-08 02:59:35] start writing file: ./test/set_017.txt
[2016-12-08 02:59:40] reading file: ericsson_umts_demo/set_019
[2016-12-08 02:59:46] current cores used: 14/20
[2016-12-08 02:59:46] Task parse_set_020 start...
[2016-12-08 02:59:46] spark-submit --master spark://master:7077 --executor-memory 1g --driver-memory 1g --total-executor-cores 2 /opt/hadoop/wwong/eric_umts/kpi_parser_eric.py ericsson_umts_demo/set_020 "parse_set_020" "./test" &
[2016-12-08 02:59:48] finish reading file: ericsson_umts_demo/set_019
[2016-12-08 02:59:59] current cores used: 14/20
[2016-12-08 02:59:59] last job submit (parse_set_020) not completed, retry again in 12 sec
[2016-12-08 03:00:13] current cores used: 14/20
[2016-12-08 03:00:13] last job submit (parse_set_020) not completed, retry again in 12 sec
[2016-12-08 03:00:26] current cores used: 16/20
[2016-12-08 03:00:26] reached max num of job (8/8), retry again in 2 min
[2016-12-08 03:00:31] start writing file: ./test/set_019.txt
[2016-12-08 03:00:40] reading file: ericsson_umts_demo/set_020
[2016-12-08 03:01:09] start writing file: ./test/set_018.txt
[2016-12-08 03:01:18] finish writing file: ./test/set_013.txt
[2016-12-08 03:01:25] finish reading file: ericsson_umts_demo/set_020
[2016-12-08 03:02:25] finish writing file: ./test/set_012.txt
[2016-12-08 03:02:26] current cores used: 14/20
[2016-12-08 03:02:26] Task parse_set_021 start...
[2016-12-08 03:02:26] spark-submit --master spark://master:7077 --executor-memory 1g --driver-memory 1g --total-executor-cores 2 /opt/hadoop/wwong/eric_umts/kpi_parser_eric.py ericsson_umts_demo/set_021 "parse_set_021" "./test" &
[2016-12-08 03:02:38] current cores used: 12/20
[2016-12-08 03:02:38] last job submit (parse_set_021) not completed, retry again in 12 sec
[2016-12-08 03:02:40] finish writing file: ./test/set_014.txt
[2016-12-08 03:02:50] current cores used: 10/20
[2016-12-08 03:02:50] last job submit (parse_set_021) not completed, retry again in 12 sec
[2016-12-08 03:02:56] reading file: ericsson_umts_demo/set_021
[2016-12-08 03:03:03] current cores used: 12/20
[2016-12-08 03:03:03] Task parse_set_022 start...
[2016-12-08 03:03:03] spark-submit --master spark://master:7077 --executor-memory 1g --driver-memory 1g --total-executor-cores 2 /opt/hadoop/wwong/eric_umts/kpi_parser_eric.py ericsson_umts_demo/set_022 "parse_set_022" "./test" &
[2016-12-08 03:03:03] finish reading file: ericsson_umts_demo/set_021
[2016-12-08 03:03:15] current cores used: 14/20
[2016-12-08 03:03:15] Task parse_set_023 start...
[2016-12-08 03:03:15] spark-submit --master spark://master:7077 --executor-memory 1g --driver-memory 1g --total-executor-cores 2 /opt/hadoop/wwong/eric_umts/kpi_parser_eric.py ericsson_umts_demo/set_023 "parse_set_023" "./test" &
[2016-12-08 03:03:15] reading file: ericsson_umts_demo/set_022
[2016-12-08 03:03:18] start writing file: ./test/set_020.txt
[2016-12-08 03:03:27] current cores used: 14/20
[2016-12-08 03:03:27] last job submit (parse_set_023) not completed, retry again in 12 sec
[2016-12-08 03:03:29] finish reading file: ericsson_umts_demo/set_022
[2016-12-08 03:03:33] reading file: ericsson_umts_demo/set_023
[2016-12-08 03:03:39] current cores used: 16/20
[2016-12-08 03:03:39] reached max num of job (8/8), retry again in 2 min
[2016-12-08 03:04:23] finish reading file: ericsson_umts_demo/set_023
[2016-12-08 03:05:25] finish writing file: ./test/set_016.txt
[2016-12-08 03:05:41] current cores used: 16/20
[2016-12-08 03:05:41] reached max num of job (8/8), retry again in 2 min
[2016-12-08 03:07:23] finish writing file: ./test/set_019.txt
[2016-12-08 03:07:36] finish writing file: ./test/set_017.txt
[2016-12-08 03:07:36] finish writing file: ./test/set_018.txt
[2016-12-08 03:07:42] current cores used: 10/20
[2016-12-08 03:07:42] Task parse_set_024 start...
[2016-12-08 03:07:42] spark-submit --master spark://master:7077 --executor-memory 1g --driver-memory 1g --total-executor-cores 2 /opt/hadoop/wwong/eric_umts/kpi_parser_eric.py ericsson_umts_demo/set_024 "parse_set_024" "./test" &
[2016-12-08 03:07:47] start writing file: ./test/set_021.txt
[2016-12-08 03:07:56] current cores used: 8/20
[2016-12-08 03:07:56] last job submit (parse_set_024) not completed, retry again in 12 sec
[2016-12-08 03:08:09] current cores used: 8/20
[2016-12-08 03:08:09] last job submit (parse_set_024) not completed, retry again in 12 sec
[2016-12-08 03:08:13] reading file: ericsson_umts_demo/set_024
[2016-12-08 03:08:21] finish reading file: ericsson_umts_demo/set_024
[2016-12-08 03:08:21] current cores used: 10/20
[2016-12-08 03:08:21] Task parse_set_025 start...
[2016-12-08 03:08:21] spark-submit --master spark://master:7077 --executor-memory 1g --driver-memory 1g --total-executor-cores 2 /opt/hadoop/wwong/eric_umts/kpi_parser_eric.py ericsson_umts_demo/set_025 "parse_set_025" "./test" &
[2016-12-08 03:08:28] start writing file: ./test/set_022.txt
[2016-12-08 03:08:34] current cores used: 12/20
[2016-12-08 03:08:34] Task parse_set_026 start...
[2016-12-08 03:08:34] spark-submit --master spark://master:7077 --executor-memory 1g --driver-memory 1g --total-executor-cores 2 /opt/hadoop/wwong/eric_umts/kpi_parser_eric.py ericsson_umts_demo/set_026 "parse_set_026" "./test" &
[2016-12-08 03:08:34] reading file: ericsson_umts_demo/set_025
[2016-12-08 03:08:43] finish reading file: ericsson_umts_demo/set_025
[2016-12-08 03:08:46] current cores used: 14/20
[2016-12-08 03:08:46] Task parse_set_027 start...
[2016-12-08 03:08:46] spark-submit --master spark://master:7077 --executor-memory 1g --driver-memory 1g --total-executor-cores 2 /opt/hadoop/wwong/eric_umts/kpi_parser_eric.py ericsson_umts_demo/set_027 "parse_set_027" "./test" &
[2016-12-08 03:08:47] reading file: ericsson_umts_demo/set_026
[2016-12-08 03:08:47] start writing file: ./test/set_023.txt
[2016-12-08 03:08:52] start writing file: ./test/set_024.txt
[2016-12-08 03:08:59] current cores used: 14/20
[2016-12-08 03:08:59] last job submit (parse_set_027) not completed, retry again in 12 sec
[2016-12-08 03:09:32] current cores used: 14/20
[2016-12-08 03:09:32] last job submit (parse_set_027) not completed, retry again in 12 sec
[2016-12-08 03:10:01] current cores used: 14/20
[2016-12-08 03:10:01] last job submit (parse_set_027) not completed, retry again in 12 sec
[2016-12-08 03:10:41] current cores used: 14/20
[2016-12-08 03:10:41] last job submit (parse_set_027) not completed, retry again in 12 sec
[2016-12-08 03:10:54] current cores used: 14/20
[2016-12-08 03:10:54] last job submit (parse_set_027) not completed, retry again in 12 sec
[2016-12-08 03:11:05] finish reading file: ericsson_umts_demo/set_026
[2016-12-08 03:11:16] current cores used: 14/20
[2016-12-08 03:11:16] last job submit (parse_set_027) not completed, retry again in 12 sec
[2016-12-08 03:11:22] start writing file: ./test/set_025.txt
[2016-12-08 03:11:28] current cores used: 14/20
[2016-12-08 03:11:28] last job submit (parse_set_027) not completed, retry again in 12 sec
[2016-12-08 03:11:36] finish writing file: ./test/set_020.txt
[2016-12-08 03:11:41] current cores used: 16/20
[2016-12-08 03:11:41] reached max num of job (8/8), retry again in 2 min
[2016-12-08 03:11:46] start writing file: ./test/set_026.txt
[2016-12-08 03:11:55] reading file: ericsson_umts_demo/set_027
[2016-12-08 03:12:08] finish reading file: ericsson_umts_demo/set_027
[2016-12-08 03:13:41] current cores used: 14/20
[2016-12-08 03:13:41] Task parse_set_028 start...
[2016-12-08 03:13:41] spark-submit --master spark://master:7077 --executor-memory 1g --driver-memory 1g --total-executor-cores 2 /opt/hadoop/wwong/eric_umts/kpi_parser_eric.py ericsson_umts_demo/set_028 "parse_set_028" "./test" &
[2016-12-08 03:13:54] current cores used: 14/20
[2016-12-08 03:13:54] last job submit (parse_set_028) not completed, retry again in 12 sec
[2016-12-08 03:13:56] start writing file: ./test/set_027.txt
[2016-12-08 03:14:06] current cores used: 14/20
[2016-12-08 03:14:06] last job submit (parse_set_028) not completed, retry again in 12 sec
[2016-12-08 03:14:18] current cores used: 16/20
[2016-12-08 03:14:18] reached max num of job (8/8), retry again in 2 min
[2016-12-08 03:14:22] reading file: ericsson_umts_demo/set_028
[2016-12-08 03:14:54] finish reading file: ericsson_umts_demo/set_028
[2016-12-08 03:16:09] finish writing file: ./test/set_023.txt
[2016-12-08 03:16:20] current cores used: 14/20
[2016-12-08 03:16:20] Task parse_set_029 start...
[2016-12-08 03:16:20] spark-submit --master spark://master:7077 --executor-memory 1g --driver-memory 1g --total-executor-cores 2 /opt/hadoop/wwong/eric_umts/kpi_parser_eric.py ericsson_umts_demo/set_029 "parse_set_029" "./test" &
[2016-12-08 03:16:35] current cores used: 14/20
[2016-12-08 03:16:35] last job submit (parse_set_029) not completed, retry again in 12 sec
[2016-12-08 03:16:43] start writing file: ./test/set_028.txt
[2016-12-08 03:16:47] current cores used: 16/20
[2016-12-08 03:16:47] reached max num of job (8/8), retry again in 2 min
[2016-12-08 03:16:49] reading file: ericsson_umts_demo/set_029
[2016-12-08 03:17:03] finish writing file: ./test/set_024.txt
[2016-12-08 03:17:06] finish writing file: ./test/set_021.txt
[2016-12-08 03:17:13] finish reading file: ericsson_umts_demo/set_029
[2016-12-08 03:17:33] finish writing file: ./test/set_022.txt
[2016-12-08 03:18:10] finish writing file: ./test/set_025.txt
[2016-12-08 03:18:12] finish writing file: ./test/set_026.txt
[2016-12-08 03:18:48] current cores used: 6/20
[2016-12-08 03:18:48] Task parse_set_030 start...
[2016-12-08 03:18:48] spark-submit --master spark://master:7077 --executor-memory 1g --driver-memory 1g --total-executor-cores 2 /opt/hadoop/wwong/eric_umts/kpi_parser_eric.py ericsson_umts_demo/set_030 "parse_set_030" "./test" &
[2016-12-08 03:19:00] current cores used: 8/20
[2016-12-08 03:19:00] Task parse_set_031 start...
[2016-12-08 03:19:00] spark-submit --master spark://master:7077 --executor-memory 1g --driver-memory 1g --total-executor-cores 2 /opt/hadoop/wwong/eric_umts/kpi_parser_eric.py ericsson_umts_demo/set_031 "parse_set_031" "./test" &
[2016-12-08 03:19:01] reading file: ericsson_umts_demo/set_030
[2016-12-08 03:19:10] finish reading file: ericsson_umts_demo/set_030
[2016-12-08 03:19:13] current cores used: 10/20
[2016-12-08 03:19:13] Task parse_set_032 start...
[2016-12-08 03:19:13] spark-submit --master spark://master:7077 --executor-memory 1g --driver-memory 1g --total-executor-cores 2 /opt/hadoop/wwong/eric_umts/kpi_parser_eric.py ericsson_umts_demo/set_032 "parse_set_032" "./test" &
[2016-12-08 03:19:20] reading file: ericsson_umts_demo/set_031
[2016-12-08 03:19:25] current cores used: 10/20
[2016-12-08 03:19:25] last job submit (parse_set_032) not completed, retry again in 12 sec
[2016-12-08 03:19:34] reading file: ericsson_umts_demo/set_032
[2016-12-08 03:19:34] finish reading file: ericsson_umts_demo/set_031
[2016-12-08 03:19:37] current cores used: 12/20
[2016-12-08 03:19:37] Task parse_set_033 start...
[2016-12-08 03:19:37] spark-submit --master spark://master:7077 --executor-memory 1g --driver-memory 1g --total-executor-cores 2 /opt/hadoop/wwong/eric_umts/kpi_parser_eric.py ericsson_umts_demo/set_033 "parse_set_033" "./test" &
[2016-12-08 03:19:41] finish reading file: ericsson_umts_demo/set_032
[2016-12-08 03:19:42] start writing file: ./test/set_030.txt
[2016-12-08 03:19:49] current cores used: 12/20
[2016-12-08 03:19:49] last job submit (parse_set_033) not completed, retry again in 12 sec
[2016-12-08 03:20:07] current cores used: 14/20
[2016-12-08 03:20:08] Task parse_set_034 start...
[2016-12-08 03:20:08] spark-submit --master spark://master:7077 --executor-memory 1g --driver-memory 1g --total-executor-cores 2 /opt/hadoop/wwong/eric_umts/kpi_parser_eric.py ericsson_umts_demo/set_034 "parse_set_034" "./test" &
[2016-12-08 03:20:13] start writing file: ./test/set_029.txt
[2016-12-08 03:20:36] current cores used: 14/20
[2016-12-08 03:20:36] last job submit (parse_set_034) not completed, retry again in 12 sec
[2016-12-08 03:20:49] current cores used: 14/20
[2016-12-08 03:20:49] last job submit (parse_set_034) not completed, retry again in 12 sec
[2016-12-08 03:20:58] reading file: ericsson_umts_demo/set_033
[2016-12-08 03:21:08] current cores used: 14/20
[2016-12-08 03:21:08] last job submit (parse_set_034) not completed, retry again in 12 sec
[2016-12-08 03:21:24] current cores used: 14/20
[2016-12-08 03:21:24] last job submit (parse_set_034) not completed, retry again in 12 sec
[2016-12-08 03:21:44] current cores used: 14/20
[2016-12-08 03:21:44] last job submit (parse_set_034) not completed, retry again in 12 sec
[2016-12-08 03:21:56] current cores used: 14/20
[2016-12-08 03:21:56] last job submit (parse_set_034) not completed, retry again in 12 sec
[2016-12-08 03:22:04] finish writing file: ./test/set_027.txt
[2016-12-08 03:22:09] finish reading file: ericsson_umts_demo/set_033
[2016-12-08 03:22:10] current cores used: 14/20
[2016-12-08 03:22:10] last job submit (parse_set_034) not completed, retry again in 12 sec
[2016-12-08 03:22:24] start writing file: ./test/set_031.txt
[2016-12-08 03:22:30] current cores used: 14/20
[2016-12-08 03:22:30] last job submit (parse_set_034) not completed, retry again in 12 sec
[2016-12-08 03:22:48] current cores used: 14/20
[2016-12-08 03:22:48] last job submit (parse_set_034) not completed, retry again in 12 sec
[2016-12-08 03:23:01] current cores used: 12/20
[2016-12-08 03:23:01] last job submit (parse_set_034) not completed, retry again in 12 sec
[2016-12-08 03:23:17] start writing file: ./test/set_032.txt
[2016-12-08 03:23:17] start writing file: ./test/set_033.txt
[2016-12-08 03:23:17] current cores used: 12/20
[2016-12-08 03:23:17] last job submit (parse_set_034) not completed, retry again in 12 sec
[2016-12-08 03:23:31] current cores used: 14/20
[2016-12-08 03:23:31] Task parse_set_035 start...
[2016-12-08 03:23:31] spark-submit --master spark://master:7077 --executor-memory 1g --driver-memory 1g --total-executor-cores 2 /opt/hadoop/wwong/eric_umts/kpi_parser_eric.py ericsson_umts_demo/set_035 "parse_set_035" "./test" &
[2016-12-08 03:23:33] reading file: ericsson_umts_demo/set_034
[2016-12-08 03:23:44] current cores used: 14/20
[2016-12-08 03:23:44] last job submit (parse_set_035) not completed, retry again in 12 sec
[2016-12-08 03:23:46] finish reading file: ericsson_umts_demo/set_034
[2016-12-08 03:23:56] current cores used: 16/20
[2016-12-08 03:23:56] reached max num of job (8/8), retry again in 2 min
[2016-12-08 03:23:57] reading file: ericsson_umts_demo/set_035
[2016-12-08 03:26:00] current cores used: 16/20
[2016-12-08 03:26:00] reached max num of job (8/8), retry again in 2 min
[2016-12-08 03:26:03] finish reading file: ericsson_umts_demo/set_035
[2016-12-08 03:27:22] finish writing file: ./test/set_028.txt
[2016-12-08 03:28:00] current cores used: 14/20
[2016-12-08 03:28:00] Task parse_set_036 start...
[2016-12-08 03:28:00] spark-submit --master spark://master:7077 --executor-memory 1g --driver-memory 1g --total-executor-cores 2 /opt/hadoop/wwong/eric_umts/kpi_parser_eric.py ericsson_umts_demo/set_036 "parse_set_036" "./test" &
[2016-12-08 03:28:04] start writing file: ./test/set_034.txt
[2016-12-08 03:28:13] current cores used: 14/20
[2016-12-08 03:28:13] last job submit (parse_set_036) not completed, retry again in 12 sec
[2016-12-08 03:28:25] current cores used: 16/20
[2016-12-08 03:28:25] reached max num of job (8/8), retry again in 2 min
[2016-12-08 03:28:28] reading file: ericsson_umts_demo/set_036
[2016-12-08 03:29:51] start writing file: ./test/set_035.txt
[2016-12-08 03:30:09] finish reading file: ericsson_umts_demo/set_036
[2016-12-08 03:30:31] current cores used: 16/20
[2016-12-08 03:30:31] reached max num of job (8/8), retry again in 2 min
[2016-12-08 03:31:21] finish writing file: ./test/set_030.txt
[2016-12-08 03:31:46] start writing file: ./test/set_036.txt
[2016-12-08 03:32:31] finish writing file: ./test/set_029.txt
[2016-12-08 03:32:36] current cores used: 11/16
[2016-12-08 03:32:36] Task parse_set_037 start...
[2016-12-08 03:32:36] spark-submit --master spark://master:7077 --executor-memory 1g --driver-memory 1g --total-executor-cores 2 /opt/hadoop/wwong/eric_umts/kpi_parser_eric.py ericsson_umts_demo/set_037 "parse_set_037" "./test" &
[2016-12-08 03:32:49] current cores used: 12/20
[2016-12-08 03:32:49] last job submit (parse_set_037) not completed, retry again in 12 sec
[2016-12-08 03:32:59] finish writing file: ./test/set_033.txt
[2016-12-08 03:33:01] current cores used: 10/20
[2016-12-08 03:33:01] last job submit (parse_set_037) not completed, retry again in 12 sec
[2016-12-08 03:33:13] current cores used: 10/20
[2016-12-08 03:33:13] last job submit (parse_set_037) not completed, retry again in 12 sec
[2016-12-08 03:33:23] reading file: ericsson_umts_demo/set_037
[2016-12-08 03:33:24] finish writing file: ./test/set_031.txt
[2016-12-08 03:33:25] current cores used: 10/20
[2016-12-08 03:33:25] Task parse_set_038 start...
[2016-12-08 03:33:25] spark-submit --master spark://master:7077 --executor-memory 1g --driver-memory 1g --total-executor-cores 2 /opt/hadoop/wwong/eric_umts/kpi_parser_eric.py ericsson_umts_demo/set_038 "parse_set_038" "./test" &
[2016-12-08 03:33:36] finish writing file: ./test/set_032.txt
[2016-12-08 03:33:38] current cores used: 10/20
[2016-12-08 03:33:38] Task parse_set_039 start...
[2016-12-08 03:33:38] spark-submit --master spark://master:7077 --executor-memory 1g --driver-memory 1g --total-executor-cores 2 /opt/hadoop/wwong/eric_umts/kpi_parser_eric.py ericsson_umts_demo/set_039 "parse_set_039" "./test" &
[2016-12-08 03:33:40] reading file: ericsson_umts_demo/set_038
[2016-12-08 03:33:42] finish reading file: ericsson_umts_demo/set_037
[2016-12-08 03:33:49] finish reading file: ericsson_umts_demo/set_038
[2016-12-08 03:33:50] current cores used: 10/20
[2016-12-08 03:33:50] last job submit (parse_set_039) not completed, retry again in 12 sec
[2016-12-08 03:33:54] reading file: ericsson_umts_demo/set_039
[2016-12-08 03:34:02] current cores used: 12/20
[2016-12-08 03:34:02] Task parse_set_040 start...
[2016-12-08 03:34:02] spark-submit --master spark://master:7077 --executor-memory 1g --driver-memory 1g --total-executor-cores 2 /opt/hadoop/wwong/eric_umts/kpi_parser_eric.py ericsson_umts_demo/set_040 "parse_set_040" "./test" &
[2016-12-08 03:34:02] finish reading file: ericsson_umts_demo/set_039
[2016-12-08 03:34:14] current cores used: 12/20
[2016-12-08 03:34:14] last job submit (parse_set_040) not completed, retry again in 12 sec
[2016-12-08 03:34:19] reading file: ericsson_umts_demo/set_040
[2016-12-08 03:34:26] current cores used: 14/20
[2016-12-08 03:34:26] Task parse_set_041 start...
[2016-12-08 03:34:26] spark-submit --master spark://master:7077 --executor-memory 1g --driver-memory 1g --total-executor-cores 2 /opt/hadoop/wwong/eric_umts/kpi_parser_eric.py ericsson_umts_demo/set_041 "parse_set_041" "./test" &
[2016-12-08 03:34:28] finish reading file: ericsson_umts_demo/set_040
[2016-12-08 03:34:38] current cores used: 14/20
[2016-12-08 03:34:38] last job submit (parse_set_041) not completed, retry again in 12 sec
[2016-12-08 03:34:43] start writing file: ./test/set_039.txt
[2016-12-08 03:34:50] current cores used: 16/20
[2016-12-08 03:34:50] reached max num of job (8/8), retry again in 2 min
[2016-12-08 03:34:52] reading file: ericsson_umts_demo/set_041
[2016-12-08 03:35:01] start writing file: ./test/set_040.txt
[2016-12-08 03:36:05] start writing file: ./test/set_038.txt
[2016-12-08 03:36:32] start writing file: ./test/set_037.txt
[2016-12-08 03:36:34] finish reading file: ericsson_umts_demo/set_041
[2016-12-08 03:37:17] current cores used: 16/20
[2016-12-08 03:37:17] reached max num of job (8/8), retry again in 2 min
[2016-12-08 03:39:18] current cores used: 16/20
[2016-12-08 03:39:18] reached max num of job (8/8), retry again in 2 min
[2016-12-08 03:39:40] finish writing file: ./test/set_034.txt
[2016-12-08 03:39:55] finish writing file: ./test/set_036.txt
[2016-12-08 03:40:01] start writing file: ./test/set_041.txt
[2016-12-08 03:40:15] finish writing file: ./test/set_035.txt
[2016-12-08 03:41:11] finish writing file: ./test/set_039.txt
[2016-12-08 03:41:18] current cores used: 8/20
[2016-12-08 03:41:18] Task parse_set_042 start...
[2016-12-08 03:41:18] spark-submit --master spark://master:7077 --executor-memory 1g --driver-memory 1g --total-executor-cores 2 /opt/hadoop/wwong/eric_umts/kpi_parser_eric.py ericsson_umts_demo/set_042 "parse_set_042" "./test" &
[2016-12-08 03:41:31] current cores used: 8/20
[2016-12-08 03:41:31] last job submit (parse_set_042) not completed, retry again in 12 sec
[2016-12-08 03:41:36] reading file: ericsson_umts_demo/set_042
[2016-12-08 03:41:43] current cores used: 10/20
[2016-12-08 03:41:43] Task parse_set_043 start...
[2016-12-08 03:41:43] spark-submit --master spark://master:7077 --executor-memory 1g --driver-memory 1g --total-executor-cores 2 /opt/hadoop/wwong/eric_umts/kpi_parser_eric.py ericsson_umts_demo/set_043 "parse_set_043" "./test" &
[2016-12-08 03:41:43] finish reading file: ericsson_umts_demo/set_042
[2016-12-08 03:41:55] current cores used: 12/20
[2016-12-08 03:41:55] Task parse_set_044 start...
[2016-12-08 03:41:55] spark-submit --master spark://master:7077 --executor-memory 1g --driver-memory 1g --total-executor-cores 2 /opt/hadoop/wwong/eric_umts/kpi_parser_eric.py ericsson_umts_demo/set_044 "parse_set_044" "./test" &
[2016-12-08 03:41:58] reading file: ericsson_umts_demo/set_043
[2016-12-08 03:42:08] current cores used: 14/20
[2016-12-08 03:42:08] Task parse_set_045 start...
[2016-12-08 03:42:08] spark-submit --master spark://master:7077 --executor-memory 1g --driver-memory 1g --total-executor-cores 2 /opt/hadoop/wwong/eric_umts/kpi_parser_eric.py ericsson_umts_demo/set_045 "parse_set_045" "./test" &
[2016-12-08 03:42:10] finish reading file: ericsson_umts_demo/set_043
[2016-12-08 03:42:11] reading file: ericsson_umts_demo/set_044
[2016-12-08 03:42:16] finish writing file: ./test/set_040.txt
[2016-12-08 03:42:20] current cores used: 12/20
[2016-12-08 03:42:20] last job submit (parse_set_045) not completed, retry again in 12 sec
[2016-12-08 03:42:20] finish reading file: ericsson_umts_demo/set_044
[2016-12-08 03:42:24] reading file: ericsson_umts_demo/set_045
[2016-12-08 03:42:32] current cores used: 14/20
[2016-12-08 03:42:32] Task parse_set_046 start...
[2016-12-08 03:42:32] spark-submit --master spark://master:7077 --executor-memory 1g --driver-memory 1g --total-executor-cores 2 /opt/hadoop/wwong/eric_umts/kpi_parser_eric.py ericsson_umts_demo/set_046 "parse_set_046" "./test" &
[2016-12-08 03:42:44] finish reading file: ericsson_umts_demo/set_045
[2016-12-08 03:42:50] current cores used: 14/20
[2016-12-08 03:42:50] last job submit (parse_set_046) not completed, retry again in 12 sec
[2016-12-08 03:42:54] start writing file: ./test/set_044.txt
[2016-12-08 03:43:02] reading file: ericsson_umts_demo/set_046
[2016-12-08 03:43:16] current cores used: 16/20
[2016-12-08 03:43:16] reached max num of job (8/8), retry again in 2 min
[2016-12-08 03:43:24] start writing file: ./test/set_045.txt
[2016-12-08 03:44:20] finish writing file: ./test/set_038.txt
[2016-12-08 03:44:26] finish reading file: ericsson_umts_demo/set_046
[2016-12-08 03:44:35] finish writing file: ./test/set_037.txt
[2016-12-08 03:45:10] start writing file: ./test/set_042.txt
[2016-12-08 03:45:15] start writing file: ./test/set_046.txt
[2016-12-08 03:45:17] current cores used: 12/20
[2016-12-08 03:45:17] Task parse_set_047 start...
[2016-12-08 03:45:17] spark-submit --master spark://master:7077 --executor-memory 1g --driver-memory 1g --total-executor-cores 2 /opt/hadoop/wwong/eric_umts/kpi_parser_eric.py ericsson_umts_demo/set_047 "parse_set_047" "./test" &
[2016-12-08 03:45:29] current cores used: 12/20
[2016-12-08 03:45:29] last job submit (parse_set_047) not completed, retry again in 12 sec
[2016-12-08 03:45:39] finish writing file: ./test/set_041.txt
[2016-12-08 03:45:40] start writing file: ./test/set_043.txt
[2016-12-08 03:45:40] reading file: ericsson_umts_demo/set_047
[2016-12-08 03:45:42] current cores used: 12/20
[2016-12-08 03:45:42] Task parse_set_048 start...
[2016-12-08 03:45:42] spark-submit --master spark://master:7077 --executor-memory 1g --driver-memory 1g --total-executor-cores 2 /opt/hadoop/wwong/eric_umts/kpi_parser_eric.py ericsson_umts_demo/set_048 "parse_set_048" "./test" &
[2016-12-08 03:45:51] finish reading file: ericsson_umts_demo/set_047
[2016-12-08 03:45:54] current cores used: 12/20
[2016-12-08 03:45:54] last job submit (parse_set_048) not completed, retry again in 12 sec
[2016-12-08 03:46:00] reading file: ericsson_umts_demo/set_048
[2016-12-08 03:46:06] current cores used: 14/20
[2016-12-08 03:46:06] Task parse_set_049 start...
[2016-12-08 03:46:06] spark-submit --master spark://master:7077 --executor-memory 1g --driver-memory 1g --total-executor-cores 2 /opt/hadoop/wwong/eric_umts/kpi_parser_eric.py ericsson_umts_demo/set_049 "parse_set_049" "./test" &
[2016-12-08 03:46:11] finish reading file: ericsson_umts_demo/set_048
[2016-12-08 03:46:18] current cores used: 14/20
[2016-12-08 03:46:18] last job submit (parse_set_049) not completed, retry again in 12 sec
[2016-12-08 03:46:25] reading file: ericsson_umts_demo/set_049
[2016-12-08 03:46:31] current cores used: 16/20
[2016-12-08 03:46:31] reached max num of job (8/8), retry again in 2 min
[2016-12-08 03:46:39] finish reading file: ericsson_umts_demo/set_049
[2016-12-08 03:49:17] current cores used: 16/20
[2016-12-08 03:49:22] reached max num of job (8/8), retry again in 2 min
[2016-12-08 03:51:03] start writing file: ./test/set_047.txt
[2016-12-08 03:51:25] current cores used: 16/20
[2016-12-08 03:51:25] reached max num of job (8/8), retry again in 2 min
[2016-12-08 03:51:29] finish writing file: ./test/set_044.txt
[2016-12-08 03:52:01] start writing file: ./test/set_048.txt
[2016-12-08 03:52:17] finish writing file: ./test/set_045.txt
[2016-12-08 03:52:48] start writing file: ./test/set_049.txt
[2016-12-08 03:53:02] finish writing file: ./test/set_046.txt
[2016-12-08 03:53:25] current cores used: 10/20
[2016-12-08 03:53:25] Task parse_set_050 start...
[2016-12-08 03:53:25] spark-submit --master spark://master:7077 --executor-memory 1g --driver-memory 1g --total-executor-cores 2 /opt/hadoop/wwong/eric_umts/kpi_parser_eric.py ericsson_umts_demo/set_050 "parse_set_050" "./test" &
[2016-12-08 03:53:26] finish writing file: ./test/set_042.txt
[2016-12-08 03:53:38] current cores used: 8/20
[2016-12-08 03:53:38] last job submit (parse_set_050) not completed, retry again in 12 sec
[2016-12-08 03:53:48] reading file: ericsson_umts_demo/set_050
[2016-12-08 03:53:49] finish writing file: ./test/set_043.txt
[2016-12-08 03:53:50] current cores used: 10/20
[2016-12-08 03:53:50] Task parse_set_051 start...
[2016-12-08 03:53:50] spark-submit --master spark://master:7077 --executor-memory 1g --driver-memory 1g --total-executor-cores 2 /opt/hadoop/wwong/eric_umts/kpi_parser_eric.py ericsson_umts_demo/set_051 "parse_set_051" "./test" &
[2016-12-08 03:53:59] finish reading file: ericsson_umts_demo/set_050
[2016-12-08 03:54:02] current cores used: 10/20
[2016-12-08 03:54:02] Task parse_set_052 start...
[2016-12-08 03:54:02] spark-submit --master spark://master:7077 --executor-memory 1g --driver-memory 1g --total-executor-cores 2 /opt/hadoop/wwong/eric_umts/kpi_parser_eric.py ericsson_umts_demo/set_052 "parse_set_052" "./test" &
[2016-12-08 03:54:03] reading file: ericsson_umts_demo/set_051
[2016-12-08 03:54:15] current cores used: 12/20
[2016-12-08 03:54:15] Task parse_set_053 start...
[2016-12-08 03:54:15] spark-submit --master spark://master:7077 --executor-memory 1g --driver-memory 1g --total-executor-cores 2 /opt/hadoop/wwong/eric_umts/kpi_parser_eric.py ericsson_umts_demo/set_053 "parse_set_053" "./test" &
[2016-12-08 03:54:16] finish reading file: ericsson_umts_demo/set_051
[2016-12-08 03:54:18] reading file: ericsson_umts_demo/set_052
[2016-12-08 03:54:25] finish reading file: ericsson_umts_demo/set_052
[2016-12-08 03:54:27] current cores used: 14/20
[2016-12-08 03:54:27] Task parse_set_054 start...
[2016-12-08 03:54:27] spark-submit --master spark://master:7077 --executor-memory 1g --driver-memory 1g --total-executor-cores 2 /opt/hadoop/wwong/eric_umts/kpi_parser_eric.py ericsson_umts_demo/set_054 "parse_set_054" "./test" &
[2016-12-08 03:54:28] reading file: ericsson_umts_demo/set_053
[2016-12-08 03:54:36] finish reading file: ericsson_umts_demo/set_053
[2016-12-08 03:54:40] current cores used: 16/20
[2016-12-08 03:54:40] reached max num of job (8/8), retry again in 2 min
[2016-12-08 03:54:41] reading file: ericsson_umts_demo/set_054
[2016-12-08 03:54:44] start writing file: ./test/set_050.txt
[2016-12-08 03:55:36] start writing file: ./test/set_053.txt
[2016-12-08 03:55:49] finish reading file: ericsson_umts_demo/set_054
[2016-12-08 03:56:47] current cores used: 16/20
[2016-12-08 03:56:47] reached max num of job (8/8), retry again in 2 min
[2016-12-08 03:57:23] start writing file: ./test/set_054.txt
[2016-12-08 03:58:02] finish writing file: ./test/set_047.txt
[2016-12-08 03:58:13] start writing file: ./test/set_051.txt
[2016-12-08 03:58:48] current cores used: 14/20
[2016-12-08 03:58:48] Task parse_set_055 start...
[2016-12-08 03:58:48] spark-submit --master spark://master:7077 --executor-memory 1g --driver-memory 1g --total-executor-cores 2 /opt/hadoop/wwong/eric_umts/kpi_parser_eric.py ericsson_umts_demo/set_055 "parse_set_055" "./test" &
[2016-12-08 03:58:53] start writing file: ./test/set_052.txt
[2016-12-08 03:59:00] current cores used: 14/20
[2016-12-08 03:59:00] last job submit (parse_set_055) not completed, retry again in 12 sec
[2016-12-08 03:59:12] current cores used: 16/20
[2016-12-08 03:59:12] reached max num of job (8/8), retry again in 2 min
[2016-12-08 03:59:16] reading file: ericsson_umts_demo/set_055
[2016-12-08 03:59:30] finish reading file: ericsson_umts_demo/set_055
[2016-12-08 03:59:52] finish writing file: ./test/set_048.txt
[2016-12-08 04:01:12] finish writing file: ./test/set_049.txt
[2016-12-08 04:01:13] current cores used: 12/20
[2016-12-08 04:01:13] Task parse_set_056 start...
[2016-12-08 04:01:13] spark-submit --master spark://master:7077 --executor-memory 1g --driver-memory 1g --total-executor-cores 2 /opt/hadoop/wwong/eric_umts/kpi_parser_eric.py ericsson_umts_demo/set_056 "parse_set_056" "./test" &
[2016-12-08 04:01:25] current cores used: 12/20
[2016-12-08 04:01:25] last job submit (parse_set_056) not completed, retry again in 12 sec
[2016-12-08 04:01:32] reading file: ericsson_umts_demo/set_056
[2016-12-08 04:01:37] current cores used: 14/20
[2016-12-08 04:01:37] Task parse_set_057 start...
[2016-12-08 04:01:37] spark-submit --master spark://master:7077 --executor-memory 1g --driver-memory 1g --total-executor-cores 2 /opt/hadoop/wwong/eric_umts/kpi_parser_eric.py ericsson_umts_demo/set_057 "parse_set_057" "./test" &
[2016-12-08 04:01:45] finish reading file: ericsson_umts_demo/set_056
[2016-12-08 04:01:50] current cores used: 14/20
[2016-12-08 04:01:50] last job submit (parse_set_057) not completed, retry again in 12 sec
[2016-12-08 04:01:57] reading file: ericsson_umts_demo/set_057
[2016-12-08 04:02:02] current cores used: 16/20
[2016-12-08 04:02:02] reached max num of job (8/8), retry again in 2 min
[2016-12-08 04:02:19] start writing file: ./test/set_055.txt
[2016-12-08 04:03:48] finish writing file: ./test/set_053.txt
[2016-12-08 04:03:54] finish reading file: ericsson_umts_demo/set_057
[2016-12-08 04:03:55] start writing file: ./test/set_056.txt
[2016-12-08 04:04:09] current cores used: 14/20
[2016-12-08 04:04:09] Task parse_set_058 start...
[2016-12-08 04:04:09] spark-submit --master spark://master:7077 --executor-memory 1g --driver-memory 1g --total-executor-cores 2 /opt/hadoop/wwong/eric_umts/kpi_parser_eric.py ericsson_umts_demo/set_058 "parse_set_058" "./test" &
[2016-12-08 04:04:27] current cores used: 14/20
[2016-12-08 04:04:27] last job submit (parse_set_058) not completed, retry again in 12 sec
[2016-12-08 04:04:28] finish writing file: ./test/set_050.txt
[2016-12-08 04:04:42] current cores used: 14/20
[2016-12-08 04:04:42] last job submit (parse_set_058) not completed, retry again in 12 sec
[2016-12-08 04:05:04] current cores used: 14/20
[2016-12-08 04:05:04] last job submit (parse_set_058) not completed, retry again in 12 sec
[2016-12-08 04:05:16] current cores used: 14/20
[2016-12-08 04:05:16] last job submit (parse_set_058) not completed, retry again in 12 sec
[2016-12-08 04:05:20] finish writing file: ./test/set_054.txt
[2016-12-08 04:05:28] current cores used: 10/20
[2016-12-08 04:05:28] last job submit (parse_set_058) not completed, retry again in 12 sec
[2016-12-08 04:05:45] current cores used: 10/20
[2016-12-08 04:05:45] last job submit (parse_set_058) not completed, retry again in 12 sec
[2016-12-08 04:05:57] current cores used: 10/20
[2016-12-08 04:05:57] last job submit (parse_set_058) not completed, retry again in 12 sec
[2016-12-08 04:06:06] reading file: ericsson_umts_demo/set_058
[2016-12-08 04:06:09] current cores used: 12/20
[2016-12-08 04:06:09] Task parse_set_059 start...
[2016-12-08 04:06:09] spark-submit --master spark://master:7077 --executor-memory 1g --driver-memory 1g --total-executor-cores 2 /opt/hadoop/wwong/eric_umts/kpi_parser_eric.py ericsson_umts_demo/set_059 "parse_set_059" "./test" &
[2016-12-08 04:06:22] current cores used: 12/20
[2016-12-08 04:06:22] last job submit (parse_set_059) not completed, retry again in 12 sec
[2016-12-08 04:06:22] finish writing file: ./test/set_051.txt
[2016-12-08 04:06:28] reading file: ericsson_umts_demo/set_059
[2016-12-08 04:06:28] finish reading file: ericsson_umts_demo/set_058
[2016-12-08 04:06:33] finish reading file: ericsson_umts_demo/set_059
[2016-12-08 04:06:34] current cores used: 12/20
[2016-12-08 04:06:34] Task parse_set_060 start...
[2016-12-08 04:06:34] spark-submit --master spark://master:7077 --executor-memory 1g --driver-memory 1g --total-executor-cores 2 /opt/hadoop/wwong/eric_umts/kpi_parser_eric.py ericsson_umts_demo/set_060 "parse_set_060" "./test" &
[2016-12-08 04:06:45] reading file: ericsson_umts_demo/set_060
[2016-12-08 04:06:46] current cores used: 14/20
[2016-12-08 04:06:46] Task parse_set_061 start...
[2016-12-08 04:06:46] spark-submit --master spark://master:7077 --executor-memory 1g --driver-memory 1g --total-executor-cores 2 /opt/hadoop/wwong/eric_umts/kpi_parser_eric.py ericsson_umts_demo/set_061 "parse_set_061" "./test" &
[2016-12-08 04:06:55] finish reading file: ericsson_umts_demo/set_060
[2016-12-08 04:06:58] current cores used: 16/20
[2016-12-08 04:06:58] reached max num of job (8/8), retry again in 2 min
[2016-12-08 04:06:59] reading file: ericsson_umts_demo/set_061
[2016-12-08 04:07:47] start writing file: ./test/set_058.txt
[2016-12-08 04:07:47] start writing file: ./test/set_059.txt
[2016-12-08 04:08:48] finish writing file: ./test/set_052.txt
[2016-12-08 04:09:00] current cores used: 16/20
[2016-12-08 04:09:00] reached max num of job (8/8), retry again in 2 min
[2016-12-08 04:09:39] finish reading file: ericsson_umts_demo/set_061
[2016-12-08 04:10:04] start writing file: ./test/set_057.txt
[2016-12-08 04:10:37] finish writing file: ./test/set_055.txt
[2016-12-08 04:11:02] current cores used: 14/20
[2016-12-08 04:11:02] Task parse_set_062 start...
[2016-12-08 04:11:02] spark-submit --master spark://master:7077 --executor-memory 1g --driver-memory 1g --total-executor-cores 2 /opt/hadoop/wwong/eric_umts/kpi_parser_eric.py ericsson_umts_demo/set_062 "parse_set_062" "./test" &
[2016-12-08 04:11:16] current cores used: 12/20
[2016-12-08 04:11:16] last job submit (parse_set_062) not completed, retry again in 12 sec
[2016-12-08 04:11:25] finish writing file: ./test/set_056.txt
[2016-12-08 04:11:28] current cores used: 10/20
[2016-12-08 04:11:28] last job submit (parse_set_062) not completed, retry again in 12 sec
[2016-12-08 04:11:36] start writing file: ./test/set_060.txt
[2016-12-08 04:11:39] reading file: ericsson_umts_demo/set_062
[2016-12-08 04:11:41] current cores used: 12/20
[2016-12-08 04:11:41] Task parse_set_063 start...
[2016-12-08 04:11:41] spark-submit --master spark://master:7077 --executor-memory 1g --driver-memory 1g --total-executor-cores 2 /opt/hadoop/wwong/eric_umts/kpi_parser_eric.py ericsson_umts_demo/set_063 "parse_set_063" "./test" &
[2016-12-08 04:11:45] start writing file: ./test/set_061.txt
[2016-12-08 04:11:50] finish reading file: ericsson_umts_demo/set_062
[2016-12-08 04:11:54] current cores used: 12/20
[2016-12-08 04:11:54] last job submit (parse_set_063) not completed, retry again in 12 sec
[2016-12-08 04:12:00] reading file: ericsson_umts_demo/set_063
[2016-12-08 04:12:06] current cores used: 14/20
[2016-12-08 04:12:06] Task parse_set_064 start...
[2016-12-08 04:12:06] spark-submit --master spark://master:7077 --executor-memory 1g --driver-memory 1g --total-executor-cores 2 /opt/hadoop/wwong/eric_umts/kpi_parser_eric.py ericsson_umts_demo/set_064 "parse_set_064" "./test" &
[2016-12-08 04:12:08] finish reading file: ericsson_umts_demo/set_063
[2016-12-08 04:12:18] current cores used: 14/20
[2016-12-08 04:12:18] last job submit (parse_set_064) not completed, retry again in 12 sec
[2016-12-08 04:12:22] reading file: ericsson_umts_demo/set_064
[2016-12-08 04:12:29] finish writing file: ./test/set_058.txt
[2016-12-08 04:12:31] current cores used: 14/20
[2016-12-08 04:12:31] Task parse_set_065 start...
[2016-12-08 04:12:31] spark-submit --master spark://master:7077 --executor-memory 1g --driver-memory 1g --total-executor-cores 2 /opt/hadoop/wwong/eric_umts/kpi_parser_eric.py ericsson_umts_demo/set_065 "parse_set_065" "./test" &
[2016-12-08 04:12:37] start writing file: ./test/set_063.txt
[2016-12-08 04:12:46] current cores used: 14/20
[2016-12-08 04:12:46] last job submit (parse_set_065) not completed, retry again in 12 sec
[2016-12-08 04:12:52] reading file: ericsson_umts_demo/set_065
[2016-12-08 04:13:02] current cores used: 16/20
[2016-12-08 04:13:02] reached max num of job (8/8), retry again in 2 min
[2016-12-08 04:13:11] finish reading file: ericsson_umts_demo/set_064
[2016-12-08 04:15:15] current cores used: 16/20
[2016-12-08 04:15:15] reached max num of job (8/8), retry again in 2 min
[2016-12-08 04:16:09] start writing file: ./test/set_062.txt
[2016-12-08 04:16:11] finish reading file: ericsson_umts_demo/set_065
[2016-12-08 04:16:26] finish writing file: ./test/set_059.txt
[2016-12-08 04:16:49] start writing file: ./test/set_065.txt
[2016-12-08 04:17:15] current cores used: 14/20
[2016-12-08 04:17:15] Task parse_set_066 start...
[2016-12-08 04:17:15] spark-submit --master spark://master:7077 --executor-memory 1g --driver-memory 1g --total-executor-cores 2 /opt/hadoop/wwong/eric_umts/kpi_parser_eric.py ericsson_umts_demo/set_066 "parse_set_066" "./test" &
[2016-12-08 04:17:30] current cores used: 14/20
[2016-12-08 04:17:30] last job submit (parse_set_066) not completed, retry again in 12 sec
[2016-12-08 04:17:45] current cores used: 14/20
[2016-12-08 04:17:45] last job submit (parse_set_066) not completed, retry again in 12 sec
[2016-12-08 04:17:56] reading file: ericsson_umts_demo/set_066
[2016-12-08 04:17:57] current cores used: 16/20
[2016-12-08 04:17:57] reached max num of job (8/8), retry again in 2 min
[2016-12-08 04:18:38] start writing file: ./test/set_064.txt
[2016-12-08 04:18:51] finish reading file: ericsson_umts_demo/set_066
[2016-12-08 04:19:46] start writing file: ./test/set_066.txt
[2016-12-08 04:19:58] current cores used: 16/20
[2016-12-08 04:19:58] reached max num of job (8/8), retry again in 2 min
[2016-12-08 04:21:04] finish writing file: ./test/set_057.txt
[2016-12-08 04:21:46] finish writing file: ./test/set_061.txt
[2016-12-08 04:21:58] current cores used: 12/20
[2016-12-08 04:21:58] Task parse_set_067 start...
[2016-12-08 04:21:58] spark-submit --master spark://master:7077 --executor-memory 1g --driver-memory 1g --total-executor-cores 2 /opt/hadoop/wwong/eric_umts/kpi_parser_eric.py ericsson_umts_demo/set_067 "parse_set_067" "./test" &
[2016-12-08 04:22:10] current cores used: 12/20
[2016-12-08 04:22:10] last job submit (parse_set_067) not completed, retry again in 12 sec
[2016-12-08 04:22:22] reading file: ericsson_umts_demo/set_067
[2016-12-08 04:22:23] current cores used: 14/20
[2016-12-08 04:22:23] Task parse_set_068 start...
[2016-12-08 04:22:23] spark-submit --master spark://master:7077 --executor-memory 1g --driver-memory 1g --total-executor-cores 2 /opt/hadoop/wwong/eric_umts/kpi_parser_eric.py ericsson_umts_demo/set_068 "parse_set_068" "./test" &
[2016-12-08 04:22:35] current cores used: 14/20
[2016-12-08 04:22:35] last job submit (parse_set_068) not completed, retry again in 12 sec
[2016-12-08 04:22:38] finish reading file: ericsson_umts_demo/set_067
[2016-12-08 04:22:43] reading file: ericsson_umts_demo/set_068
[2016-12-08 04:22:47] current cores used: 16/20
[2016-12-08 04:22:47] reached max num of job (8/8), retry again in 2 min
[2016-12-08 04:22:50] finish writing file: ./test/set_060.txt
[2016-12-08 04:23:08] finish reading file: ericsson_umts_demo/set_068
[2016-12-08 04:23:25] finish writing file: ./test/set_065.txt
[2016-12-08 04:23:30] finish writing file: ./test/set_063.txt
[2016-12-08 04:24:14] finish writing file: ./test/set_062.txt
[2016-12-08 04:24:28] finish writing file: ./test/set_064.txt
[2016-12-08 04:24:47] current cores used: 6/20
[2016-12-08 04:24:47] Task parse_set_069 start...
[2016-12-08 04:24:47] spark-submit --master spark://master:7077 --executor-memory 1g --driver-memory 1g --total-executor-cores 2 /opt/hadoop/wwong/eric_umts/kpi_parser_eric.py ericsson_umts_demo/set_069 "parse_set_069" "./test" &
[2016-12-08 04:24:53] finish writing file: ./test/set_066.txt
[2016-12-08 04:25:00] current cores used: 6/20
[2016-12-08 04:25:00] Task parse_set_070 start...
[2016-12-08 04:25:00] spark-submit --master spark://master:7077 --executor-memory 1g --driver-memory 1g --total-executor-cores 2 /opt/hadoop/wwong/eric_umts/kpi_parser_eric.py ericsson_umts_demo/set_070 "parse_set_070" "./test" &
[2016-12-08 04:25:04] reading file: ericsson_umts_demo/set_069
[2016-12-08 04:25:12] current cores used: 6/20
[2016-12-08 04:25:12] last job submit (parse_set_070) not completed, retry again in 12 sec
[2016-12-08 04:25:19] finish reading file: ericsson_umts_demo/set_069
[2016-12-08 04:25:22] reading file: ericsson_umts_demo/set_070
[2016-12-08 04:25:24] current cores used: 8/20
[2016-12-08 04:25:24] Task parse_set_071 start...
[2016-12-08 04:25:24] spark-submit --master spark://master:7077 --executor-memory 1g --driver-memory 1g --total-executor-cores 2 /opt/hadoop/wwong/eric_umts/kpi_parser_eric.py ericsson_umts_demo/set_071 "parse_set_071" "./test" &
[2016-12-08 04:25:31] finish reading file: ericsson_umts_demo/set_070
[2016-12-08 04:25:34] reading file: ericsson_umts_demo/set_071
[2016-12-08 04:25:36] current cores used: 10/20
[2016-12-08 04:25:36] Task parse_set_072 start...
[2016-12-08 04:25:36] spark-submit --master spark://master:7077 --executor-memory 1g --driver-memory 1g --total-executor-cores 2 /opt/hadoop/wwong/eric_umts/kpi_parser_eric.py ericsson_umts_demo/set_072 "parse_set_072" "./test" &
[2016-12-08 04:25:38] start writing file: ./test/set_067.txt
[2016-12-08 04:25:45] finish reading file: ericsson_umts_demo/set_071
[2016-12-08 04:25:49] current cores used: 10/20
[2016-12-08 04:25:49] last job submit (parse_set_072) not completed, retry again in 12 sec
[2016-12-08 04:25:51] reading file: ericsson_umts_demo/set_072
[2016-12-08 04:25:58] start writing file: ./test/set_069.txt
[2016-12-08 04:26:00] finish reading file: ericsson_umts_demo/set_072
[2016-12-08 04:26:01] current cores used: 12/20
[2016-12-08 04:26:01] Task parse_set_073 start...
[2016-12-08 04:26:01] spark-submit --master spark://master:7077 --executor-memory 1g --driver-memory 1g --total-executor-cores 2 /opt/hadoop/wwong/eric_umts/kpi_parser_eric.py ericsson_umts_demo/set_073 "parse_set_073" "./test" &
[2016-12-08 04:26:13] current cores used: 12/20
[2016-12-08 04:26:13] last job submit (parse_set_073) not completed, retry again in 12 sec
[2016-12-08 04:26:13] start writing file: ./test/set_070.txt
[2016-12-08 04:26:14] start writing file: ./test/set_068.txt
[2016-12-08 04:26:36] current cores used: 14/20
[2016-12-08 04:26:36] Task parse_set_074 start...
[2016-12-08 04:26:36] spark-submit --master spark://master:7077 --executor-memory 1g --driver-memory 1g --total-executor-cores 2 /opt/hadoop/wwong/eric_umts/kpi_parser_eric.py ericsson_umts_demo/set_074 "parse_set_074" "./test" &
[2016-12-08 04:26:56] current cores used: 14/20
[2016-12-08 04:26:56] last job submit (parse_set_074) not completed, retry again in 12 sec
[2016-12-08 04:26:59] reading file: ericsson_umts_demo/set_073
[2016-12-08 04:27:12] current cores used: 14/20
[2016-12-08 04:27:12] last job submit (parse_set_074) not completed, retry again in 12 sec
[2016-12-08 04:27:33] current cores used: 14/20
[2016-12-08 04:27:33] last job submit (parse_set_074) not completed, retry again in 12 sec
[2016-12-08 04:27:40] start writing file: ./test/set_071.txt
[2016-12-08 04:27:48] current cores used: 14/20
[2016-12-08 04:27:48] last job submit (parse_set_074) not completed, retry again in 12 sec
[2016-12-08 04:28:04] current cores used: 14/20
[2016-12-08 04:28:04] last job submit (parse_set_074) not completed, retry again in 12 sec
[2016-12-08 04:28:05] start writing file: ./test/set_072.txt
[2016-12-08 04:28:10] finish reading file: ericsson_umts_demo/set_073
[2016-12-08 04:28:26] current cores used: 14/20
[2016-12-08 04:28:26] last job submit (parse_set_074) not completed, retry again in 12 sec
[2016-12-08 04:28:41] current cores used: 14/20
[2016-12-08 04:28:41] last job submit (parse_set_074) not completed, retry again in 12 sec
[2016-12-08 04:28:52] start writing file: ./test/set_073.txt
[2016-12-08 04:28:56] current cores used: 14/20
[2016-12-08 04:28:56] last job submit (parse_set_074) not completed, retry again in 12 sec
[2016-12-08 04:29:10] current cores used: 14/20
[2016-12-08 04:29:10] last job submit (parse_set_074) not completed, retry again in 12 sec
[2016-12-08 04:29:31] current cores used: 16/20
[2016-12-08 04:29:31] reached max num of job (8/8), retry again in 2 min
[2016-12-08 04:29:49] reading file: ericsson_umts_demo/set_074
[2016-12-08 04:30:18] finish reading file: ericsson_umts_demo/set_074
[2016-12-08 04:31:36] current cores used: 16/20
[2016-12-08 04:31:36] reached max num of job (8/8), retry again in 2 min
[2016-12-08 04:33:37] current cores used: 16/20
[2016-12-08 04:33:37] reached max num of job (8/8), retry again in 2 min
[2016-12-08 04:34:39] finish writing file: ./test/set_068.txt
[2016-12-08 04:34:44] start writing file: ./test/set_074.txt
[2016-12-08 04:34:55] finish writing file: ./test/set_069.txt
[2016-12-08 04:35:11] finish writing file: ./test/set_067.txt
[2016-12-08 04:35:13] finish writing file: ./test/set_072.txt
[2016-12-08 04:35:19] finish writing file: ./test/set_070.txt
[2016-12-08 04:35:35] finish writing file: ./test/set_071.txt
[2016-12-08 04:35:37] current cores used: 4/20
[2016-12-08 04:35:37] Task parse_set_075 start...
[2016-12-08 04:35:37] spark-submit --master spark://master:7077 --executor-memory 1g --driver-memory 1g --total-executor-cores 2 /opt/hadoop/wwong/eric_umts/kpi_parser_eric.py ericsson_umts_demo/set_075 "parse_set_075" "./test" &
[2016-12-08 04:35:50] current cores used: 4/20
[2016-12-08 04:35:50] last job submit (parse_set_075) not completed, retry again in 12 sec
[2016-12-08 04:35:50] finish writing file: ./test/set_073.txt
[2016-12-08 04:35:59] reading file: ericsson_umts_demo/set_075
[2016-12-08 04:36:02] current cores used: 4/20
[2016-12-08 04:36:02] Task parse_set_076 start...
[2016-12-08 04:36:02] spark-submit --master spark://master:7077 --executor-memory 1g --driver-memory 1g --total-executor-cores 2 /opt/hadoop/wwong/eric_umts/kpi_parser_eric.py ericsson_umts_demo/set_076 "parse_set_076" "./test" &
[2016-12-08 04:36:06] finish reading file: ericsson_umts_demo/set_075
[2016-12-08 04:36:12] reading file: ericsson_umts_demo/set_076
[2016-12-08 04:36:14] current cores used: 6/20
[2016-12-08 04:36:14] Task parse_set_077 start...
[2016-12-08 04:36:14] spark-submit --master spark://master:7077 --executor-memory 1g --driver-memory 1g --total-executor-cores 2 /opt/hadoop/wwong/eric_umts/kpi_parser_eric.py ericsson_umts_demo/set_077 "parse_set_077" "./test" &
[2016-12-08 04:36:22] finish reading file: ericsson_umts_demo/set_076
[2016-12-08 04:36:26] current cores used: 8/20
[2016-12-08 04:36:26] Task parse_set_078 start...
[2016-12-08 04:36:26] spark-submit --master spark://master:7077 --executor-memory 1g --driver-memory 1g --total-executor-cores 2 /opt/hadoop/wwong/eric_umts/kpi_parser_eric.py ericsson_umts_demo/set_078 "parse_set_078" "./test" &
[2016-12-08 04:36:33] reading file: ericsson_umts_demo/set_077
[2016-12-08 04:36:38] current cores used: 8/20
[2016-12-08 04:36:38] last job submit (parse_set_078) not completed, retry again in 12 sec
[2016-12-08 04:36:42] start writing file: ./test/set_075.txt
[2016-12-08 04:36:45] finish reading file: ericsson_umts_demo/set_077
[2016-12-08 04:36:46] reading file: ericsson_umts_demo/set_078
[2016-12-08 04:36:50] current cores used: 10/20
[2016-12-08 04:36:50] Task parse_set_079 start...
[2016-12-08 04:36:50] spark-submit --master spark://master:7077 --executor-memory 1g --driver-memory 1g --total-executor-cores 2 /opt/hadoop/wwong/eric_umts/kpi_parser_eric.py ericsson_umts_demo/set_079 "parse_set_079" "./test" &
[2016-12-08 04:36:54] finish reading file: ericsson_umts_demo/set_078
[2016-12-08 04:37:02] reading file: ericsson_umts_demo/set_079
[2016-12-08 04:37:02] current cores used: 12/20
[2016-12-08 04:37:02] Task parse_set_080 start...
[2016-12-08 04:37:02] spark-submit --master spark://master:7077 --executor-memory 1g --driver-memory 1g --total-executor-cores 2 /opt/hadoop/wwong/eric_umts/kpi_parser_eric.py ericsson_umts_demo/set_080 "parse_set_080" "./test" &
[2016-12-08 04:37:10] finish reading file: ericsson_umts_demo/set_079
[2016-12-08 04:37:14] current cores used: 14/20
[2016-12-08 04:37:14] Task parse_set_081 start...
[2016-12-08 04:37:14] spark-submit --master spark://master:7077 --executor-memory 1g --driver-memory 1g --total-executor-cores 2 /opt/hadoop/wwong/eric_umts/kpi_parser_eric.py ericsson_umts_demo/set_081 "parse_set_081" "./test" &
[2016-12-08 04:37:15] reading file: ericsson_umts_demo/set_080
[2016-12-08 04:37:20] start writing file: ./test/set_077.txt
[2016-12-08 04:37:28] current cores used: 14/20
[2016-12-08 04:37:28] last job submit (parse_set_081) not completed, retry again in 12 sec
[2016-12-08 04:38:03] current cores used: 14/20
[2016-12-08 04:38:03] last job submit (parse_set_081) not completed, retry again in 12 sec
[2016-12-08 04:39:28] current cores used: 14/20
[2016-12-08 04:39:28] last job submit (parse_set_081) not completed, retry again in 12 sec
[2016-12-08 04:39:50] current cores used: 14/20
[2016-12-08 04:39:50] last job submit (parse_set_081) not completed, retry again in 12 sec
[2016-12-08 04:39:52] start writing file: ./test/set_079.txt
[2016-12-08 04:39:53] start writing file: ./test/set_076.txt
[2016-12-08 04:39:56] start writing file: ./test/set_078.txt
[2016-12-08 04:40:03] current cores used: 14/20
[2016-12-08 04:40:03] last job submit (parse_set_081) not completed, retry again in 12 sec
[2016-12-08 04:40:13] finish reading file: ericsson_umts_demo/set_080
[2016-12-08 04:40:17] current cores used: 14/20
[2016-12-08 04:40:17] last job submit (parse_set_081) not completed, retry again in 12 sec
[2016-12-08 04:40:30] current cores used: 14/20
[2016-12-08 04:40:30] last job submit (parse_set_081) not completed, retry again in 12 sec
[2016-12-08 04:40:37] reading file: ericsson_umts_demo/set_081
[2016-12-08 04:40:43] current cores used: 16/20
[2016-12-08 04:40:43] reached max num of job (8/8), retry again in 2 min
[2016-12-08 04:40:50] start writing file: ./test/set_080.txt
[2016-12-08 04:41:17] finish reading file: ericsson_umts_demo/set_081
[2016-12-08 04:42:45] current cores used: 14/20
[2016-12-08 04:42:46] Task parse_set_082 start...
[2016-12-08 04:42:46] spark-submit --master spark://master:7077 --executor-memory 1g --driver-memory 1g --total-executor-cores 2 /opt/hadoop/wwong/eric_umts/kpi_parser_eric.py ericsson_umts_demo/set_082 "parse_set_082" "./test" &
[2016-12-08 04:43:06] current cores used: 14/20
[2016-12-08 04:43:06] last job submit (parse_set_082) not completed, retry again in 12 sec
[2016-12-08 04:43:28] current cores used: 14/20
[2016-12-08 04:43:28] last job submit (parse_set_082) not completed, retry again in 12 sec
[2016-12-08 04:43:43] current cores used: 14/20
[2016-12-08 04:43:43] last job submit (parse_set_082) not completed, retry again in 12 sec
[2016-12-08 04:43:53] finish writing file: ./test/set_074.txt
[2016-12-08 04:43:56] current cores used: 14/20
[2016-12-08 04:43:56] last job submit (parse_set_082) not completed, retry again in 12 sec
[2016-12-08 04:44:09] current cores used: 14/20
[2016-12-08 04:44:10] last job submit (parse_set_082) not completed, retry again in 12 sec
[2016-12-08 04:44:24] current cores used: 12/20
[2016-12-08 04:44:24] last job submit (parse_set_082) not completed, retry again in 12 sec
[2016-12-08 04:44:32] reading file: ericsson_umts_demo/set_082
[2016-12-08 04:44:37] current cores used: 14/20
[2016-12-08 04:44:37] Task parse_set_083 start...
[2016-12-08 04:44:37] spark-submit --master spark://master:7077 --executor-memory 1g --driver-memory 1g --total-executor-cores 2 /opt/hadoop/wwong/eric_umts/kpi_parser_eric.py ericsson_umts_demo/set_083 "parse_set_083" "./test" &
[2016-12-08 04:44:43] finish reading file: ericsson_umts_demo/set_082
[2016-12-08 04:44:49] current cores used: 14/20
[2016-12-08 04:44:49] last job submit (parse_set_083) not completed, retry again in 12 sec
[2016-12-08 04:44:52] reading file: ericsson_umts_demo/set_083
[2016-12-08 04:45:03] current cores used: 16/20
[2016-12-08 04:45:03] reached max num of job (8/8), retry again in 2 min
[2016-12-08 04:46:10] start writing file: ./test/set_081.txt
[2016-12-08 04:46:10] start writing file: ./test/set_082.txt
[2016-12-08 04:46:57] finish reading file: ericsson_umts_demo/set_083
[2016-12-08 04:47:06] current cores used: 14/20
[2016-12-08 04:47:06] Task parse_set_084 start...
[2016-12-08 04:47:06] spark-submit --master spark://master:7077 --executor-memory 1g --driver-memory 1g --total-executor-cores 2 /opt/hadoop/wwong/eric_umts/kpi_parser_eric.py ericsson_umts_demo/set_084 "parse_set_084" "./test" &
[2016-12-08 04:47:24] current cores used: 14/20
[2016-12-08 04:47:24] last job submit (parse_set_084) not completed, retry again in 12 sec
[2016-12-08 04:47:36] finish writing file: ./test/set_075.txt
[2016-12-08 04:47:37] current cores used: 14/20
[2016-12-08 04:47:37] last job submit (parse_set_084) not completed, retry again in 12 sec
[2016-12-08 04:48:01] current cores used: 14/20
[2016-12-08 04:48:01] last job submit (parse_set_084) not completed, retry again in 12 sec
[2016-12-08 04:48:14] current cores used: 12/20
[2016-12-08 04:48:14] last job submit (parse_set_084) not completed, retry again in 12 sec
[2016-12-08 04:48:15] finish writing file: ./test/set_077.txt
[2016-12-08 04:48:26] reading file: ericsson_umts_demo/set_084
[2016-12-08 04:48:27] current cores used: 12/20
[2016-12-08 04:48:27] Task parse_set_085 start...
[2016-12-08 04:48:27] spark-submit --master spark://master:7077 --executor-memory 1g --driver-memory 1g --total-executor-cores 2 /opt/hadoop/wwong/eric_umts/kpi_parser_eric.py ericsson_umts_demo/set_085 "parse_set_085" "./test" &
[2016-12-08 04:48:36] finish reading file: ericsson_umts_demo/set_084
[2016-12-08 04:48:39] current cores used: 12/20
[2016-12-08 04:48:39] last job submit (parse_set_085) not completed, retry again in 12 sec
[2016-12-08 04:48:45] reading file: ericsson_umts_demo/set_085
[2016-12-08 04:48:47] finish writing file: ./test/set_079.txt
[2016-12-08 04:48:51] current cores used: 12/20
[2016-12-08 04:48:51] Task parse_set_086 start...
[2016-12-08 04:48:51] spark-submit --master spark://master:7077 --executor-memory 1g --driver-memory 1g --total-executor-cores 2 /opt/hadoop/wwong/eric_umts/kpi_parser_eric.py ericsson_umts_demo/set_086 "parse_set_086" "./test" &
[2016-12-08 04:48:53] finish reading file: ericsson_umts_demo/set_085
[2016-12-08 04:49:03] current cores used: 12/20
[2016-12-08 04:49:03] last job submit (parse_set_086) not completed, retry again in 12 sec
[2016-12-08 04:49:05] finish writing file: ./test/set_078.txt
[2016-12-08 04:49:08] reading file: ericsson_umts_demo/set_086
[2016-12-08 04:49:15] current cores used: 12/20
[2016-12-08 04:49:15] Task parse_set_087 start...
[2016-12-08 04:49:15] spark-submit --master spark://master:7077 --executor-memory 1g --driver-memory 1g --total-executor-cores 2 /opt/hadoop/wwong/eric_umts/kpi_parser_eric.py ericsson_umts_demo/set_087 "parse_set_087" "./test" &
[2016-12-08 04:49:16] start writing file: ./test/set_084.txt
[2016-12-08 04:49:22] finish reading file: ericsson_umts_demo/set_086
[2016-12-08 04:49:28] current cores used: 12/20
[2016-12-08 04:49:28] last job submit (parse_set_087) not completed, retry again in 12 sec
[2016-12-08 04:49:29] start writing file: ./test/set_085.txt
[2016-12-08 04:49:31] reading file: ericsson_umts_demo/set_087
[2016-12-08 04:49:36] start writing file: ./test/set_083.txt
[2016-12-08 04:49:41] current cores used: 14/20
[2016-12-08 04:49:41] Task parse_set_088 start...
[2016-12-08 04:49:41] spark-submit --master spark://master:7077 --executor-memory 1g --driver-memory 1g --total-executor-cores 2 /opt/hadoop/wwong/eric_umts/kpi_parser_eric.py ericsson_umts_demo/set_088 "parse_set_088" "./test" &
[2016-12-08 04:49:54] current cores used: 14/20
[2016-12-08 04:49:54] last job submit (parse_set_088) not completed, retry again in 12 sec
[2016-12-08 04:49:54] finish reading file: ericsson_umts_demo/set_087
[2016-12-08 04:50:00] reading file: ericsson_umts_demo/set_088
[2016-12-08 04:50:06] current cores used: 16/20
[2016-12-08 04:50:06] reached max num of job (8/8), retry again in 2 min
[2016-12-08 04:50:08] finish reading file: ericsson_umts_demo/set_088
[2016-12-08 04:51:27] start writing file: ./test/set_088.txt
[2016-12-08 04:52:07] current cores used: 16/20
[2016-12-08 04:52:07] reached max num of job (8/8), retry again in 2 min
[2016-12-08 04:53:48] start writing file: ./test/set_086.txt
[2016-12-08 04:54:07] current cores used: 16/20
[2016-12-08 04:54:07] reached max num of job (8/8), retry again in 2 min
[2016-12-08 04:54:20] start writing file: ./test/set_087.txt
[2016-12-08 04:54:41] finish writing file: ./test/set_082.txt
[2016-12-08 04:55:24] finish writing file: ./test/set_081.txt
[2016-12-08 04:55:44] finish writing file: ./test/set_085.txt
[2016-12-08 04:56:06] finish writing file: ./test/set_084.txt
[2016-12-08 04:56:07] current cores used: 8/20
[2016-12-08 04:56:07] Task parse_set_089 start...
[2016-12-08 04:56:07] spark-submit --master spark://master:7077 --executor-memory 1g --driver-memory 1g --total-executor-cores 2 /opt/hadoop/wwong/eric_umts/kpi_parser_eric.py ericsson_umts_demo/set_089 "parse_set_089" "./test" &
[2016-12-08 04:56:19] current cores used: 8/20
[2016-12-08 04:56:19] last job submit (parse_set_089) not completed, retry again in 12 sec
[2016-12-08 04:56:25] reading file: ericsson_umts_demo/set_089
[2016-12-08 04:56:26] finish writing file: ./test/set_083.txt
[2016-12-08 04:56:31] finish reading file: ericsson_umts_demo/set_089
[2016-12-08 04:56:31] current cores used: 8/20
[2016-12-08 04:56:31] Task parse_set_090 start...
[2016-12-08 04:56:31] spark-submit --master spark://master:7077 --executor-memory 1g --driver-memory 1g --total-executor-cores 2 /opt/hadoop/wwong/eric_umts/kpi_parser_eric.py ericsson_umts_demo/set_090 "parse_set_090" "./test" &
[2016-12-08 04:56:42] reading file: ericsson_umts_demo/set_090
[2016-12-08 04:56:43] current cores used: 10/20
[2016-12-08 04:56:43] Task parse_set_091 start...
[2016-12-08 04:56:43] spark-submit --master spark://master:7077 --executor-memory 1g --driver-memory 1g --total-executor-cores 2 /opt/hadoop/wwong/eric_umts/kpi_parser_eric.py ericsson_umts_demo/set_091 "parse_set_091" "./test" &
[2016-12-08 04:56:51] finish reading file: ericsson_umts_demo/set_090
[2016-12-08 04:56:56] current cores used: 12/20
[2016-12-08 04:56:56] Task parse_set_092 start...
[2016-12-08 04:56:56] spark-submit --master spark://master:7077 --executor-memory 1g --driver-memory 1g --total-executor-cores 2 /opt/hadoop/wwong/eric_umts/kpi_parser_eric.py ericsson_umts_demo/set_092 "parse_set_092" "./test" &
[2016-12-08 04:56:56] reading file: ericsson_umts_demo/set_091
[2016-12-08 04:57:04] start writing file: ./test/set_089.txt
[2016-12-08 04:57:06] finish reading file: ericsson_umts_demo/set_091
[2016-12-08 04:57:08] current cores used: 12/20
[2016-12-08 04:57:08] last job submit (parse_set_092) not completed, retry again in 12 sec
[2016-12-08 04:57:17] reading file: ericsson_umts_demo/set_092
[2016-12-08 04:57:20] current cores used: 14/20
[2016-12-08 04:57:20] Task parse_set_093 start...
[2016-12-08 04:57:20] spark-submit --master spark://master:7077 --executor-memory 1g --driver-memory 1g --total-executor-cores 2 /opt/hadoop/wwong/eric_umts/kpi_parser_eric.py ericsson_umts_demo/set_093 "parse_set_093" "./test" &
[2016-12-08 04:57:26] finish reading file: ericsson_umts_demo/set_092
[2016-12-08 04:57:33] current cores used: 14/20
[2016-12-08 04:57:33] last job submit (parse_set_093) not completed, retry again in 12 sec
[2016-12-08 04:58:10] reading file: ericsson_umts_demo/set_093
[2016-12-08 04:58:20] current cores used: 16/20
[2016-12-08 04:58:21] reached max num of job (8/8), retry again in 2 min
[2016-12-08 04:58:37] start writing file: ./test/set_090.txt
[2016-12-08 04:58:40] start writing file: ./test/set_092.txt
[2016-12-08 04:58:42] start writing file: ./test/set_091.txt
[2016-12-08 04:59:02] finish writing file: ./test/set_088.txt
[2016-12-08 04:59:19] finish reading file: ericsson_umts_demo/set_093
[2016-12-08 05:00:29] current cores used: 14/20
[2016-12-08 05:00:29] Task parse_set_094 start...
[2016-12-08 05:00:29] spark-submit --master spark://master:7077 --executor-memory 1g --driver-memory 1g --total-executor-cores 2 /opt/hadoop/wwong/eric_umts/kpi_parser_eric.py ericsson_umts_demo/set_094 "parse_set_094" "./test" &
[2016-12-08 05:00:43] current cores used: 14/20
[2016-12-08 05:00:43] last job submit (parse_set_094) not completed, retry again in 12 sec
[2016-12-08 05:00:56] current cores used: 14/20
[2016-12-08 05:00:56] last job submit (parse_set_094) not completed, retry again in 12 sec
[2016-12-08 05:01:16] current cores used: 14/20
[2016-12-08 05:01:16] last job submit (parse_set_094) not completed, retry again in 12 sec
[2016-12-08 05:01:30] current cores used: 14/20
[2016-12-08 05:01:30] last job submit (parse_set_094) not completed, retry again in 12 sec
[2016-12-08 05:01:36] finish writing file: ./test/set_086.txt
[2016-12-08 05:01:47] current cores used: 14/20
[2016-12-08 05:01:47] last job submit (parse_set_094) not completed, retry again in 12 sec
[2016-12-08 05:02:00] current cores used: 13/20
[2016-12-08 05:02:00] last job submit (parse_set_094) not completed, retry again in 12 sec
[2016-12-08 05:02:12] current cores used: 12/20
[2016-12-08 05:02:12] last job submit (parse_set_094) not completed, retry again in 12 sec
[2016-12-08 05:02:24] current cores used: 14/20
[2016-12-08 05:02:24] Task parse_set_095 start...
[2016-12-08 05:02:24] spark-submit --master spark://master:7077 --executor-memory 1g --driver-memory 1g --total-executor-cores 2 /opt/hadoop/wwong/eric_umts/kpi_parser_eric.py ericsson_umts_demo/set_095 "parse_set_095" "./test" &
[2016-12-08 05:02:27] reading file: ericsson_umts_demo/set_094
[2016-12-08 05:02:36] current cores used: 14/20
[2016-12-08 05:02:36] last job submit (parse_set_095) not completed, retry again in 12 sec
[2016-12-08 05:02:36] finish reading file: ericsson_umts_demo/set_094
[2016-12-08 05:02:49] current cores used: 16/20
[2016-12-08 05:02:49] reached max num of job (8/8), retry again in 2 min
[2016-12-08 05:02:51] reading file: ericsson_umts_demo/set_095
[2016-12-08 05:02:51] finish writing file: ./test/set_087.txt
[2016-12-08 05:02:53] start writing file: ./test/set_093.txt
[2016-12-08 05:04:36] finish reading file: ericsson_umts_demo/set_095
[2016-12-08 05:04:49] current cores used: 14/20
[2016-12-08 05:04:49] Task parse_set_096 start...
[2016-12-08 05:04:49] spark-submit --master spark://master:7077 --executor-memory 1g --driver-memory 1g --total-executor-cores 2 /opt/hadoop/wwong/eric_umts/kpi_parser_eric.py ericsson_umts_demo/set_096 "parse_set_096" "./test" &
[2016-12-08 05:05:02] current cores used: 14/20
[2016-12-08 05:05:02] last job submit (parse_set_096) not completed, retry again in 12 sec
[2016-12-08 05:05:02] start writing file: ./test/set_094.txt
[2016-12-08 05:05:19] current cores used: 14/20
[2016-12-08 05:05:19] last job submit (parse_set_096) not completed, retry again in 12 sec
[2016-12-08 05:05:52] current cores used: 16/20
[2016-12-08 05:05:52] reached max num of job (8/8), retry again in 2 min
[2016-12-08 05:05:53] reading file: ericsson_umts_demo/set_096
[2016-12-08 05:07:14] start writing file: ./test/set_095.txt
[2016-12-08 05:07:23] finish reading file: ericsson_umts_demo/set_096
[2016-12-08 05:08:01] current cores used: 16/20
[2016-12-08 05:08:01] reached max num of job (8/8), retry again in 2 min
[2016-12-08 05:09:37] finish writing file: ./test/set_092.txt
[2016-12-08 05:09:42] start writing file: ./test/set_096.txt
[2016-12-08 05:09:42] finish writing file: ./test/set_089.txt
[2016-12-08 05:09:53] finish writing file: ./test/set_090.txt
[2016-12-08 05:10:03] current cores used: 10/20
[2016-12-08 05:10:03] Task parse_set_097 start...
[2016-12-08 05:10:03] spark-submit --master spark://master:7077 --executor-memory 1g --driver-memory 1g --total-executor-cores 2 /opt/hadoop/wwong/eric_umts/kpi_parser_eric.py ericsson_umts_demo/set_097 "parse_set_097" "./test" &
[2016-12-08 05:10:16] current cores used: 10/20
[2016-12-08 05:10:16] last job submit (parse_set_097) not completed, retry again in 12 sec
[2016-12-08 05:10:26] reading file: ericsson_umts_demo/set_097
[2016-12-08 05:10:29] current cores used: 12/20
[2016-12-08 05:10:29] Task parse_set_098 start...
[2016-12-08 05:10:29] spark-submit --master spark://master:7077 --executor-memory 1g --driver-memory 1g --total-executor-cores 2 /opt/hadoop/wwong/eric_umts/kpi_parser_eric.py ericsson_umts_demo/set_098 "parse_set_098" "./test" &
[2016-12-08 05:10:34] finish reading file: ericsson_umts_demo/set_097
[2016-12-08 05:10:35] finish writing file: ./test/set_091.txt
[2016-12-08 05:10:41] current cores used: 12/20
[2016-12-08 05:10:41] Task parse_set_099 start...
[2016-12-08 05:10:41] spark-submit --master spark://master:7077 --executor-memory 1g --driver-memory 1g --total-executor-cores 2 /opt/hadoop/wwong/eric_umts/kpi_parser_eric.py ericsson_umts_demo/set_099 "parse_set_099" "./test" &
[2016-12-08 05:10:43] reading file: ericsson_umts_demo/set_098
[2016-12-08 05:10:49] finish reading file: ericsson_umts_demo/set_098
[2016-12-08 05:10:54] current cores used: 14/20
[2016-12-08 05:10:54] Task parse_set_100 start...
[2016-12-08 05:10:54] spark-submit --master spark://master:7077 --executor-memory 1g --driver-memory 1g --total-executor-cores 2 /opt/hadoop/wwong/eric_umts/kpi_parser_eric.py ericsson_umts_demo/set_100 "parse_set_100" "./test" &
[2016-12-08 05:10:58] reading file: ericsson_umts_demo/set_099
[2016-12-08 05:11:06] multi process ended
[2016-12-08 05:11:09] finish reading file: ericsson_umts_demo/set_099
[2016-12-08 05:11:12] reading file: ericsson_umts_demo/set_100
[2016-12-08 05:11:16] start writing file: ./test/set_097.txt
[2016-12-08 05:11:32] start writing file: ./test/set_098.txt
[2016-12-08 05:11:37] finish writing file: ./test/set_093.txt
[2016-12-08 05:11:43] finish reading file: ericsson_umts_demo/set_100
[2016-12-08 05:11:45] start writing file: ./test/set_099.txt
[2016-12-08 05:13:46] finish writing file: ./test/set_094.txt
[2016-12-08 05:14:10] finish writing file: ./test/set_095.txt
[2016-12-08 05:14:56] finish writing file: ./test/set_096.txt
[2016-12-08 05:15:23] finish writing file: ./test/set_097.txt
[2016-12-08 05:15:24] start writing file: ./test/set_100.txt
[2016-12-08 05:16:13] finish writing file: ./test/set_098.txt
[2016-12-08 05:16:25] finish writing file: ./test/set_099.txt
[2016-12-08 05:17:39] finish writing file: ./test/set_100.txt
