[2016-12-08 00:00:21] multi process started
[2016-12-08 00:00:21] current cores used: 0/20
[2016-12-08 00:00:21] Task parse_set_000 start...
[2016-12-08 00:00:21] spark-submit --master spark://master:7077 --executor-memory 1g --driver-memory 1g --total-executor-cores 2 /opt/hadoop/wwong/eric_umts/kpi_parser_eric.py ericsson_umts_demo/set_000 "parse_set_000" "./test" &
[2016-12-08 00:00:29] reading file: ericsson_umts_demo/set_000
[2016-12-08 00:00:33] current cores used: 2/20
[2016-12-08 00:00:33] Task parse_set_001 start...
[2016-12-08 00:00:33] spark-submit --master spark://master:7077 --executor-memory 1g --driver-memory 1g --total-executor-cores 2 /opt/hadoop/wwong/eric_umts/kpi_parser_eric.py ericsson_umts_demo/set_001 "parse_set_001" "./test" &
[2016-12-08 00:00:40] finish reading file: ericsson_umts_demo/set_000
[2016-12-08 00:00:42] reading file: ericsson_umts_demo/set_001
[2016-12-08 00:00:45] current cores used: 4/20
[2016-12-08 00:00:45] Task parse_set_002 start...
[2016-12-08 00:00:45] spark-submit --master spark://master:7077 --executor-memory 1g --driver-memory 1g --total-executor-cores 2 /opt/hadoop/wwong/eric_umts/kpi_parser_eric.py ericsson_umts_demo/set_002 "parse_set_002" "./test" &
[2016-12-08 00:00:48] finish reading file: ericsson_umts_demo/set_001
[2016-12-08 00:00:54] reading file: ericsson_umts_demo/set_002
[2016-12-08 00:00:57] current cores used: 6/20
[2016-12-08 00:00:57] Task parse_set_003 start...
[2016-12-08 00:00:57] spark-submit --master spark://master:7077 --executor-memory 1g --driver-memory 1g --total-executor-cores 2 /opt/hadoop/wwong/eric_umts/kpi_parser_eric.py ericsson_umts_demo/set_003 "parse_set_003" "./test" &
[2016-12-08 00:01:00] finish reading file: ericsson_umts_demo/set_002
[2016-12-08 00:01:07] reading file: ericsson_umts_demo/set_003
[2016-12-08 00:01:09] current cores used: 8/20
[2016-12-08 00:01:09] reached max num of job (4/4), retry again in 2 min
[2016-12-08 00:01:13] finish reading file: ericsson_umts_demo/set_003
[2016-12-08 00:01:20] start writing file: ./test/set_001.txt
[2016-12-08 00:02:08] start writing file: ./test/set_000.txt
[2016-12-08 00:02:20] start writing file: ./test/set_002.txt
[2016-12-08 00:02:36] start writing file: ./test/set_003.txt
[2016-12-08 00:03:10] current cores used: 8/20
[2016-12-08 00:03:10] reached max num of job (4/4), retry again in 2 min
[2016-12-08 00:04:22] finish writing file: ./test/set_001.txt
[2016-12-08 00:05:00] finish writing file: ./test/set_000.txt
[2016-12-08 00:05:10] current cores used: 4/20
[2016-12-08 00:05:10] Task parse_set_004 start...
[2016-12-08 00:05:10] spark-submit --master spark://master:7077 --executor-memory 1g --driver-memory 1g --total-executor-cores 2 /opt/hadoop/wwong/eric_umts/kpi_parser_eric.py ericsson_umts_demo/set_004 "parse_set_004" "./test" &
[2016-12-08 00:05:17] finish writing file: ./test/set_003.txt
[2016-12-08 00:05:19] reading file: ericsson_umts_demo/set_004
[2016-12-08 00:05:22] current cores used: 4/20
[2016-12-08 00:05:22] Task parse_set_005 start...
[2016-12-08 00:05:22] spark-submit --master spark://master:7077 --executor-memory 1g --driver-memory 1g --total-executor-cores 2 /opt/hadoop/wwong/eric_umts/kpi_parser_eric.py ericsson_umts_demo/set_005 "parse_set_005" "./test" &
[2016-12-08 00:05:24] finish reading file: ericsson_umts_demo/set_004
[2016-12-08 00:05:25] finish writing file: ./test/set_002.txt
[2016-12-08 00:05:30] reading file: ericsson_umts_demo/set_005
[2016-12-08 00:05:34] current cores used: 4/20
[2016-12-08 00:05:34] Task parse_set_006 start...
[2016-12-08 00:05:34] spark-submit --master spark://master:7077 --executor-memory 1g --driver-memory 1g --total-executor-cores 2 /opt/hadoop/wwong/eric_umts/kpi_parser_eric.py ericsson_umts_demo/set_006 "parse_set_006" "./test" &
[2016-12-08 00:05:36] finish reading file: ericsson_umts_demo/set_005
[2016-12-08 00:05:43] reading file: ericsson_umts_demo/set_006
[2016-12-08 00:05:46] current cores used: 6/20
[2016-12-08 00:05:46] Task parse_set_007 start...
[2016-12-08 00:05:46] spark-submit --master spark://master:7077 --executor-memory 1g --driver-memory 1g --total-executor-cores 2 /opt/hadoop/wwong/eric_umts/kpi_parser_eric.py ericsson_umts_demo/set_007 "parse_set_007" "./test" &
[2016-12-08 00:05:48] finish reading file: ericsson_umts_demo/set_006
[2016-12-08 00:05:58] reading file: ericsson_umts_demo/set_007
[2016-12-08 00:05:58] current cores used: 8/20
[2016-12-08 00:05:58] reached max num of job (4/4), retry again in 2 min
[2016-12-08 00:06:03] finish reading file: ericsson_umts_demo/set_007
[2016-12-08 00:06:53] start writing file: ./test/set_004.txt
[2016-12-08 00:06:54] start writing file: ./test/set_005.txt
[2016-12-08 00:07:06] start writing file: ./test/set_006.txt
[2016-12-08 00:07:37] start writing file: ./test/set_007.txt
[2016-12-08 00:07:58] current cores used: 8/20
[2016-12-08 00:07:58] reached max num of job (4/4), retry again in 2 min
[2016-12-08 00:09:39] finish writing file: ./test/set_006.txt
[2016-12-08 00:09:58] current cores used: 6/20
[2016-12-08 00:09:58] Task parse_set_008 start...
[2016-12-08 00:09:58] spark-submit --master spark://master:7077 --executor-memory 1g --driver-memory 1g --total-executor-cores 2 /opt/hadoop/wwong/eric_umts/kpi_parser_eric.py ericsson_umts_demo/set_008 "parse_set_008" "./test" &
[2016-12-08 00:10:07] finish writing file: ./test/set_005.txt
[2016-12-08 00:10:08] reading file: ericsson_umts_demo/set_008
[2016-12-08 00:10:11] current cores used: 6/20
[2016-12-08 00:10:11] Task parse_set_009 start...
[2016-12-08 00:10:11] spark-submit --master spark://master:7077 --executor-memory 1g --driver-memory 1g --total-executor-cores 2 /opt/hadoop/wwong/eric_umts/kpi_parser_eric.py ericsson_umts_demo/set_009 "parse_set_009" "./test" &
[2016-12-08 00:10:14] finish reading file: ericsson_umts_demo/set_008
[2016-12-08 00:10:16] finish writing file: ./test/set_004.txt
[2016-12-08 00:10:20] reading file: ericsson_umts_demo/set_009
[2016-12-08 00:10:23] current cores used: 6/20
[2016-12-08 00:10:23] Task parse_set_010 start...
[2016-12-08 00:10:23] spark-submit --master spark://master:7077 --executor-memory 1g --driver-memory 1g --total-executor-cores 2 /opt/hadoop/wwong/eric_umts/kpi_parser_eric.py ericsson_umts_demo/set_010 "parse_set_010" "./test" &
[2016-12-08 00:10:27] finish reading file: ericsson_umts_demo/set_009
[2016-12-08 00:10:32] reading file: ericsson_umts_demo/set_010
[2016-12-08 00:10:35] current cores used: 8/20
[2016-12-08 00:10:35] reached max num of job (4/4), retry again in 2 min
[2016-12-08 00:10:38] finish reading file: ericsson_umts_demo/set_010
[2016-12-08 00:10:43] finish writing file: ./test/set_007.txt
[2016-12-08 00:11:25] start writing file: ./test/set_008.txt
[2016-12-08 00:11:54] start writing file: ./test/set_009.txt
[2016-12-08 00:11:58] start writing file: ./test/set_010.txt
[2016-12-08 00:12:35] current cores used: 6/20
[2016-12-08 00:12:35] Task parse_set_011 start...
[2016-12-08 00:12:35] spark-submit --master spark://master:7077 --executor-memory 1g --driver-memory 1g --total-executor-cores 2 /opt/hadoop/wwong/eric_umts/kpi_parser_eric.py ericsson_umts_demo/set_011 "parse_set_011" "./test" &
[2016-12-08 00:12:44] reading file: ericsson_umts_demo/set_011
[2016-12-08 00:12:47] current cores used: 8/20
[2016-12-08 00:12:47] reached max num of job (4/4), retry again in 2 min
[2016-12-08 00:12:51] finish reading file: ericsson_umts_demo/set_011
[2016-12-08 00:13:46] finish writing file: ./test/set_008.txt
[2016-12-08 00:14:21] start writing file: ./test/set_011.txt
[2016-12-08 00:14:26] finish writing file: ./test/set_009.txt
[2016-12-08 00:14:36] finish writing file: ./test/set_010.txt
[2016-12-08 00:14:47] current cores used: 2/20
[2016-12-08 00:14:47] Task parse_set_012 start...
[2016-12-08 00:14:47] spark-submit --master spark://master:7077 --executor-memory 1g --driver-memory 1g --total-executor-cores 2 /opt/hadoop/wwong/eric_umts/kpi_parser_eric.py ericsson_umts_demo/set_012 "parse_set_012" "./test" &
[2016-12-08 00:14:55] reading file: ericsson_umts_demo/set_012
[2016-12-08 00:14:59] current cores used: 4/20
[2016-12-08 00:14:59] Task parse_set_013 start...
[2016-12-08 00:14:59] spark-submit --master spark://master:7077 --executor-memory 1g --driver-memory 1g --total-executor-cores 2 /opt/hadoop/wwong/eric_umts/kpi_parser_eric.py ericsson_umts_demo/set_013 "parse_set_013" "./test" &
[2016-12-08 00:15:01] finish reading file: ericsson_umts_demo/set_012
[2016-12-08 00:15:08] reading file: ericsson_umts_demo/set_013
[2016-12-08 00:15:11] current cores used: 6/20
[2016-12-08 00:15:11] Task parse_set_014 start...
[2016-12-08 00:15:11] spark-submit --master spark://master:7077 --executor-memory 1g --driver-memory 1g --total-executor-cores 2 /opt/hadoop/wwong/eric_umts/kpi_parser_eric.py ericsson_umts_demo/set_014 "parse_set_014" "./test" &
[2016-12-08 00:15:15] finish reading file: ericsson_umts_demo/set_013
[2016-12-08 00:15:20] reading file: ericsson_umts_demo/set_014
[2016-12-08 00:15:23] current cores used: 8/20
[2016-12-08 00:15:23] reached max num of job (4/4), retry again in 2 min
[2016-12-08 00:15:26] finish reading file: ericsson_umts_demo/set_014
[2016-12-08 00:16:26] start writing file: ./test/set_012.txt
[2016-12-08 00:16:35] finish writing file: ./test/set_011.txt
[2016-12-08 00:16:38] start writing file: ./test/set_013.txt
[2016-12-08 00:16:52] start writing file: ./test/set_014.txt
[2016-12-08 00:17:23] current cores used: 6/20
[2016-12-08 00:17:23] Task parse_set_015 start...
[2016-12-08 00:17:23] spark-submit --master spark://master:7077 --executor-memory 1g --driver-memory 1g --total-executor-cores 2 /opt/hadoop/wwong/eric_umts/kpi_parser_eric.py ericsson_umts_demo/set_015 "parse_set_015" "./test" &
[2016-12-08 00:17:33] reading file: ericsson_umts_demo/set_015
[2016-12-08 00:17:36] current cores used: 8/20
[2016-12-08 00:17:36] reached max num of job (4/4), retry again in 2 min
[2016-12-08 00:17:38] finish reading file: ericsson_umts_demo/set_015
[2016-12-08 00:19:01] finish writing file: ./test/set_012.txt
[2016-12-08 00:19:10] start writing file: ./test/set_015.txt
[2016-12-08 00:19:34] finish writing file: ./test/set_013.txt
[2016-12-08 00:19:36] current cores used: 4/20
[2016-12-08 00:19:36] Task parse_set_016 start...
[2016-12-08 00:19:36] spark-submit --master spark://master:7077 --executor-memory 1g --driver-memory 1g --total-executor-cores 2 /opt/hadoop/wwong/eric_umts/kpi_parser_eric.py ericsson_umts_demo/set_016 "parse_set_016" "./test" &
[2016-12-08 00:19:44] reading file: ericsson_umts_demo/set_016
[2016-12-08 00:19:46] finish writing file: ./test/set_014.txt
[2016-12-08 00:19:48] current cores used: 4/20
[2016-12-08 00:19:48] Task parse_set_017 start...
[2016-12-08 00:19:48] spark-submit --master spark://master:7077 --executor-memory 1g --driver-memory 1g --total-executor-cores 2 /opt/hadoop/wwong/eric_umts/kpi_parser_eric.py ericsson_umts_demo/set_017 "parse_set_017" "./test" &
[2016-12-08 00:19:51] finish reading file: ericsson_umts_demo/set_016
[2016-12-08 00:19:57] reading file: ericsson_umts_demo/set_017
[2016-12-08 00:20:00] current cores used: 6/20
[2016-12-08 00:20:00] Task parse_set_018 start...
[2016-12-08 00:20:00] spark-submit --master spark://master:7077 --executor-memory 1g --driver-memory 1g --total-executor-cores 2 /opt/hadoop/wwong/eric_umts/kpi_parser_eric.py ericsson_umts_demo/set_018 "parse_set_018" "./test" &
[2016-12-08 00:20:02] finish reading file: ericsson_umts_demo/set_017
[2016-12-08 00:20:12] current cores used: 8/20
[2016-12-08 00:20:12] reached max num of job (4/4), retry again in 2 min
[2016-12-08 00:20:12] reading file: ericsson_umts_demo/set_018
[2016-12-08 00:20:18] finish reading file: ericsson_umts_demo/set_018
[2016-12-08 00:21:09] start writing file: ./test/set_016.txt
[2016-12-08 00:21:22] start writing file: ./test/set_017.txt
[2016-12-08 00:21:25] finish writing file: ./test/set_015.txt
[2016-12-08 00:21:37] start writing file: ./test/set_018.txt
[2016-12-08 00:22:12] current cores used: 6/20
[2016-12-08 00:22:12] Task parse_set_019 start...
[2016-12-08 00:22:12] spark-submit --master spark://master:7077 --executor-memory 1g --driver-memory 1g --total-executor-cores 2 /opt/hadoop/wwong/eric_umts/kpi_parser_eric.py ericsson_umts_demo/set_019 "parse_set_019" "./test" &
[2016-12-08 00:22:22] reading file: ericsson_umts_demo/set_019
[2016-12-08 00:22:24] current cores used: 8/20
[2016-12-08 00:22:24] reached max num of job (4/4), retry again in 2 min
[2016-12-08 00:22:29] finish reading file: ericsson_umts_demo/set_019
[2016-12-08 00:23:38] finish writing file: ./test/set_016.txt
[2016-12-08 00:23:48] start writing file: ./test/set_019.txt
[2016-12-08 00:24:12] finish writing file: ./test/set_017.txt
[2016-12-08 00:24:18] finish writing file: ./test/set_018.txt
[2016-12-08 00:24:24] current cores used: 2/20
[2016-12-08 00:24:24] Task parse_set_020 start...
[2016-12-08 00:24:24] spark-submit --master spark://master:7077 --executor-memory 1g --driver-memory 1g --total-executor-cores 2 /opt/hadoop/wwong/eric_umts/kpi_parser_eric.py ericsson_umts_demo/set_020 "parse_set_020" "./test" &
[2016-12-08 00:24:33] reading file: ericsson_umts_demo/set_020
[2016-12-08 00:24:36] current cores used: 4/20
[2016-12-08 00:24:36] Task parse_set_021 start...
[2016-12-08 00:24:36] spark-submit --master spark://master:7077 --executor-memory 1g --driver-memory 1g --total-executor-cores 2 /opt/hadoop/wwong/eric_umts/kpi_parser_eric.py ericsson_umts_demo/set_021 "parse_set_021" "./test" &
[2016-12-08 00:24:39] finish reading file: ericsson_umts_demo/set_020
[2016-12-08 00:24:45] reading file: ericsson_umts_demo/set_021
[2016-12-08 00:24:48] current cores used: 6/20
[2016-12-08 00:24:48] Task parse_set_022 start...
[2016-12-08 00:24:48] spark-submit --master spark://master:7077 --executor-memory 1g --driver-memory 1g --total-executor-cores 2 /opt/hadoop/wwong/eric_umts/kpi_parser_eric.py ericsson_umts_demo/set_022 "parse_set_022" "./test" &
[2016-12-08 00:24:50] finish reading file: ericsson_umts_demo/set_021
[2016-12-08 00:24:58] reading file: ericsson_umts_demo/set_022
[2016-12-08 00:25:01] current cores used: 8/20
[2016-12-08 00:25:01] reached max num of job (4/4), retry again in 2 min
[2016-12-08 00:25:05] finish reading file: ericsson_umts_demo/set_022
[2016-12-08 00:25:51] finish writing file: ./test/set_019.txt
[2016-12-08 00:26:02] start writing file: ./test/set_020.txt
[2016-12-08 00:26:11] start writing file: ./test/set_021.txt
[2016-12-08 00:26:29] start writing file: ./test/set_022.txt
[2016-12-08 00:27:01] current cores used: 6/20
[2016-12-08 00:27:01] Task parse_set_023 start...
[2016-12-08 00:27:01] spark-submit --master spark://master:7077 --executor-memory 1g --driver-memory 1g --total-executor-cores 2 /opt/hadoop/wwong/eric_umts/kpi_parser_eric.py ericsson_umts_demo/set_023 "parse_set_023" "./test" &
[2016-12-08 00:27:10] reading file: ericsson_umts_demo/set_023
[2016-12-08 00:27:13] current cores used: 8/20
[2016-12-08 00:27:13] reached max num of job (4/4), retry again in 2 min
[2016-12-08 00:27:17] finish reading file: ericsson_umts_demo/set_023
[2016-12-08 00:28:32] finish writing file: ./test/set_020.txt
[2016-12-08 00:28:45] start writing file: ./test/set_023.txt
[2016-12-08 00:29:02] finish writing file: ./test/set_022.txt
[2016-12-08 00:29:13] current cores used: 4/20
[2016-12-08 00:29:13] Task parse_set_024 start...
[2016-12-08 00:29:13] spark-submit --master spark://master:7077 --executor-memory 1g --driver-memory 1g --total-executor-cores 2 /opt/hadoop/wwong/eric_umts/kpi_parser_eric.py ericsson_umts_demo/set_024 "parse_set_024" "./test" &
[2016-12-08 00:29:17] finish writing file: ./test/set_021.txt
[2016-12-08 00:29:22] reading file: ericsson_umts_demo/set_024
[2016-12-08 00:29:25] current cores used: 4/20
[2016-12-08 00:29:25] Task parse_set_025 start...
[2016-12-08 00:29:25] spark-submit --master spark://master:7077 --executor-memory 1g --driver-memory 1g --total-executor-cores 2 /opt/hadoop/wwong/eric_umts/kpi_parser_eric.py ericsson_umts_demo/set_025 "parse_set_025" "./test" &
[2016-12-08 00:29:26] finish reading file: ericsson_umts_demo/set_024
[2016-12-08 00:29:34] reading file: ericsson_umts_demo/set_025
[2016-12-08 00:29:37] current cores used: 6/20
[2016-12-08 00:29:37] Task parse_set_026 start...
[2016-12-08 00:29:37] spark-submit --master spark://master:7077 --executor-memory 1g --driver-memory 1g --total-executor-cores 2 /opt/hadoop/wwong/eric_umts/kpi_parser_eric.py ericsson_umts_demo/set_026 "parse_set_026" "./test" &
[2016-12-08 00:29:41] finish reading file: ericsson_umts_demo/set_025
[2016-12-08 00:29:49] current cores used: 8/20
[2016-12-08 00:29:49] reached max num of job (4/4), retry again in 2 min
[2016-12-08 00:29:50] reading file: ericsson_umts_demo/set_026
[2016-12-08 00:29:56] finish reading file: ericsson_umts_demo/set_026
[2016-12-08 00:30:45] start writing file: ./test/set_024.txt
[2016-12-08 00:31:05] finish writing file: ./test/set_023.txt
[2016-12-08 00:31:09] start writing file: ./test/set_025.txt
[2016-12-08 00:31:25] start writing file: ./test/set_026.txt
[2016-12-08 00:31:49] current cores used: 6/20
[2016-12-08 00:31:49] Task parse_set_027 start...
[2016-12-08 00:31:49] spark-submit --master spark://master:7077 --executor-memory 1g --driver-memory 1g --total-executor-cores 2 /opt/hadoop/wwong/eric_umts/kpi_parser_eric.py ericsson_umts_demo/set_027 "parse_set_027" "./test" &
[2016-12-08 00:31:59] reading file: ericsson_umts_demo/set_027
[2016-12-08 00:32:01] current cores used: 8/20
[2016-12-08 00:32:01] reached max num of job (4/4), retry again in 2 min
[2016-12-08 00:32:06] finish reading file: ericsson_umts_demo/set_027
[2016-12-08 00:33:26] start writing file: ./test/set_027.txt
[2016-12-08 00:33:36] finish writing file: ./test/set_024.txt
[2016-12-08 00:34:02] current cores used: 6/20
[2016-12-08 00:34:02] Task parse_set_028 start...
[2016-12-08 00:34:02] spark-submit --master spark://master:7077 --executor-memory 1g --driver-memory 1g --total-executor-cores 2 /opt/hadoop/wwong/eric_umts/kpi_parser_eric.py ericsson_umts_demo/set_028 "parse_set_028" "./test" &
[2016-12-08 00:34:12] reading file: ericsson_umts_demo/set_028
[2016-12-08 00:34:12] finish writing file: ./test/set_025.txt
[2016-12-08 00:34:14] current cores used: 6/20
[2016-12-08 00:34:14] Task parse_set_029 start...
[2016-12-08 00:34:14] spark-submit --master spark://master:7077 --executor-memory 1g --driver-memory 1g --total-executor-cores 2 /opt/hadoop/wwong/eric_umts/kpi_parser_eric.py ericsson_umts_demo/set_029 "parse_set_029" "./test" &
[2016-12-08 00:34:17] finish reading file: ericsson_umts_demo/set_028
[2016-12-08 00:34:24] reading file: ericsson_umts_demo/set_029
[2016-12-08 00:34:26] current cores used: 8/20
[2016-12-08 00:34:26] reached max num of job (4/4), retry again in 2 min
[2016-12-08 00:34:32] finish reading file: ericsson_umts_demo/set_029
[2016-12-08 00:34:33] finish writing file: ./test/set_026.txt
[2016-12-08 00:35:35] start writing file: ./test/set_028.txt
[2016-12-08 00:35:53] start writing file: ./test/set_029.txt
[2016-12-08 00:36:18] finish writing file: ./test/set_027.txt
[2016-12-08 00:36:26] current cores used: 4/20
[2016-12-08 00:36:26] Task parse_set_030 start...
[2016-12-08 00:36:26] spark-submit --master spark://master:7077 --executor-memory 1g --driver-memory 1g --total-executor-cores 2 /opt/hadoop/wwong/eric_umts/kpi_parser_eric.py ericsson_umts_demo/set_030 "parse_set_030" "./test" &
[2016-12-08 00:36:35] reading file: ericsson_umts_demo/set_030
[2016-12-08 00:36:38] current cores used: 6/20
[2016-12-08 00:36:38] Task parse_set_031 start...
[2016-12-08 00:36:38] spark-submit --master spark://master:7077 --executor-memory 1g --driver-memory 1g --total-executor-cores 2 /opt/hadoop/wwong/eric_umts/kpi_parser_eric.py ericsson_umts_demo/set_031 "parse_set_031" "./test" &
[2016-12-08 00:36:41] finish reading file: ericsson_umts_demo/set_030
[2016-12-08 00:36:50] current cores used: 8/20
[2016-12-08 00:36:50] reached max num of job (4/4), retry again in 2 min
[2016-12-08 00:36:51] reading file: ericsson_umts_demo/set_031
[2016-12-08 00:36:57] finish reading file: ericsson_umts_demo/set_031
[2016-12-08 00:38:03] finish writing file: ./test/set_028.txt
[2016-12-08 00:38:09] start writing file: ./test/set_030.txt
[2016-12-08 00:38:26] finish writing file: ./test/set_029.txt
[2016-12-08 00:38:28] start writing file: ./test/set_031.txt
[2016-12-08 00:38:50] current cores used: 4/20
[2016-12-08 00:38:50] Task parse_set_032 start...
[2016-12-08 00:38:50] spark-submit --master spark://master:7077 --executor-memory 1g --driver-memory 1g --total-executor-cores 2 /opt/hadoop/wwong/eric_umts/kpi_parser_eric.py ericsson_umts_demo/set_032 "parse_set_032" "./test" &
[2016-12-08 00:39:00] reading file: ericsson_umts_demo/set_032
[2016-12-08 00:39:02] current cores used: 6/20
[2016-12-08 00:39:02] Task parse_set_033 start...
[2016-12-08 00:39:02] spark-submit --master spark://master:7077 --executor-memory 1g --driver-memory 1g --total-executor-cores 2 /opt/hadoop/wwong/eric_umts/kpi_parser_eric.py ericsson_umts_demo/set_033 "parse_set_033" "./test" &
[2016-12-08 00:39:05] finish reading file: ericsson_umts_demo/set_032
[2016-12-08 00:39:14] current cores used: 8/20
[2016-12-08 00:39:14] reached max num of job (4/4), retry again in 2 min
[2016-12-08 00:39:15] reading file: ericsson_umts_demo/set_033
[2016-12-08 00:39:22] finish reading file: ericsson_umts_demo/set_033
[2016-12-08 00:40:27] finish writing file: ./test/set_030.txt
[2016-12-08 00:40:42] start writing file: ./test/set_032.txt
[2016-12-08 00:40:46] start writing file: ./test/set_033.txt
[2016-12-08 00:40:49] finish writing file: ./test/set_031.txt
[2016-12-08 00:41:14] current cores used: 4/20
[2016-12-08 00:41:14] Task parse_set_034 start...
[2016-12-08 00:41:14] spark-submit --master spark://master:7077 --executor-memory 1g --driver-memory 1g --total-executor-cores 2 /opt/hadoop/wwong/eric_umts/kpi_parser_eric.py ericsson_umts_demo/set_034 "parse_set_034" "./test" &
[2016-12-08 00:41:24] reading file: ericsson_umts_demo/set_034
[2016-12-08 00:41:27] current cores used: 6/20
[2016-12-08 00:41:27] Task parse_set_035 start...
[2016-12-08 00:41:27] spark-submit --master spark://master:7077 --executor-memory 1g --driver-memory 1g --total-executor-cores 2 /opt/hadoop/wwong/eric_umts/kpi_parser_eric.py ericsson_umts_demo/set_035 "parse_set_035" "./test" &
[2016-12-08 00:41:30] finish reading file: ericsson_umts_demo/set_034
[2016-12-08 00:41:36] reading file: ericsson_umts_demo/set_035
[2016-12-08 00:41:39] current cores used: 8/20
[2016-12-08 00:41:39] reached max num of job (4/4), retry again in 2 min
[2016-12-08 00:41:42] finish reading file: ericsson_umts_demo/set_035
[2016-12-08 00:42:53] start writing file: ./test/set_034.txt
[2016-12-08 00:42:56] finish writing file: ./test/set_033.txt
[2016-12-08 00:43:05] start writing file: ./test/set_035.txt
[2016-12-08 00:43:13] finish writing file: ./test/set_032.txt
[2016-12-08 00:43:39] current cores used: 4/20
[2016-12-08 00:43:39] Task parse_set_036 start...
[2016-12-08 00:43:39] spark-submit --master spark://master:7077 --executor-memory 1g --driver-memory 1g --total-executor-cores 2 /opt/hadoop/wwong/eric_umts/kpi_parser_eric.py ericsson_umts_demo/set_036 "parse_set_036" "./test" &
[2016-12-08 00:43:48] reading file: ericsson_umts_demo/set_036
[2016-12-08 00:43:51] current cores used: 6/20
[2016-12-08 00:43:51] Task parse_set_037 start...
[2016-12-08 00:43:51] spark-submit --master spark://master:7077 --executor-memory 1g --driver-memory 1g --total-executor-cores 2 /opt/hadoop/wwong/eric_umts/kpi_parser_eric.py ericsson_umts_demo/set_037 "parse_set_037" "./test" &
[2016-12-08 00:43:55] finish reading file: ericsson_umts_demo/set_036
[2016-12-08 00:44:01] reading file: ericsson_umts_demo/set_037
[2016-12-08 00:44:03] current cores used: 8/20
[2016-12-08 00:44:03] reached max num of job (4/4), retry again in 2 min
[2016-12-08 00:44:07] finish reading file: ericsson_umts_demo/set_037
[2016-12-08 00:45:30] start writing file: ./test/set_036.txt
[2016-12-08 00:45:38] start writing file: ./test/set_037.txt
[2016-12-08 00:45:42] finish writing file: ./test/set_034.txt
[2016-12-08 00:46:03] current cores used: 6/20
[2016-12-08 00:46:03] Task parse_set_038 start...
[2016-12-08 00:46:03] spark-submit --master spark://master:7077 --executor-memory 1g --driver-memory 1g --total-executor-cores 2 /opt/hadoop/wwong/eric_umts/kpi_parser_eric.py ericsson_umts_demo/set_038 "parse_set_038" "./test" &
[2016-12-08 00:46:12] finish writing file: ./test/set_035.txt
[2016-12-08 00:46:13] reading file: ericsson_umts_demo/set_038
[2016-12-08 00:46:15] current cores used: 6/20
[2016-12-08 00:46:15] Task parse_set_039 start...
[2016-12-08 00:46:15] spark-submit --master spark://master:7077 --executor-memory 1g --driver-memory 1g --total-executor-cores 2 /opt/hadoop/wwong/eric_umts/kpi_parser_eric.py ericsson_umts_demo/set_039 "parse_set_039" "./test" &
[2016-12-08 00:46:18] finish reading file: ericsson_umts_demo/set_038
[2016-12-08 00:46:26] reading file: ericsson_umts_demo/set_039
[2016-12-08 00:46:27] current cores used: 8/20
[2016-12-08 00:46:27] reached max num of job (4/4), retry again in 2 min
[2016-12-08 00:46:33] finish reading file: ericsson_umts_demo/set_039
[2016-12-08 00:47:37] start writing file: ./test/set_038.txt
[2016-12-08 00:47:51] start writing file: ./test/set_039.txt
[2016-12-08 00:48:10] finish writing file: ./test/set_036.txt
[2016-12-08 00:48:23] finish writing file: ./test/set_037.txt
[2016-12-08 00:48:27] current cores used: 4/20
[2016-12-08 00:48:27] Task parse_set_040 start...
[2016-12-08 00:48:27] spark-submit --master spark://master:7077 --executor-memory 1g --driver-memory 1g --total-executor-cores 2 /opt/hadoop/wwong/eric_umts/kpi_parser_eric.py ericsson_umts_demo/set_040 "parse_set_040" "./test" &
[2016-12-08 00:48:36] reading file: ericsson_umts_demo/set_040
[2016-12-08 00:48:39] current cores used: 6/20
[2016-12-08 00:48:39] Task parse_set_041 start...
[2016-12-08 00:48:39] spark-submit --master spark://master:7077 --executor-memory 1g --driver-memory 1g --total-executor-cores 2 /opt/hadoop/wwong/eric_umts/kpi_parser_eric.py ericsson_umts_demo/set_041 "parse_set_041" "./test" &
[2016-12-08 00:48:43] finish reading file: ericsson_umts_demo/set_040
[2016-12-08 00:48:49] reading file: ericsson_umts_demo/set_041
[2016-12-08 00:48:52] current cores used: 8/20
[2016-12-08 00:48:52] reached max num of job (4/4), retry again in 2 min
[2016-12-08 00:48:56] finish reading file: ericsson_umts_demo/set_041
[2016-12-08 00:50:10] start writing file: ./test/set_040.txt
[2016-12-08 00:50:15] start writing file: ./test/set_041.txt
[2016-12-08 00:50:18] finish writing file: ./test/set_039.txt
[2016-12-08 00:50:35] finish writing file: ./test/set_038.txt
[2016-12-08 00:50:52] current cores used: 4/20
[2016-12-08 00:50:52] Task parse_set_042 start...
[2016-12-08 00:50:52] spark-submit --master spark://master:7077 --executor-memory 1g --driver-memory 1g --total-executor-cores 2 /opt/hadoop/wwong/eric_umts/kpi_parser_eric.py ericsson_umts_demo/set_042 "parse_set_042" "./test" &
[2016-12-08 00:51:00] reading file: ericsson_umts_demo/set_042
[2016-12-08 00:51:04] current cores used: 6/20
[2016-12-08 00:51:04] Task parse_set_043 start...
[2016-12-08 00:51:04] spark-submit --master spark://master:7077 --executor-memory 1g --driver-memory 1g --total-executor-cores 2 /opt/hadoop/wwong/eric_umts/kpi_parser_eric.py ericsson_umts_demo/set_043 "parse_set_043" "./test" &
[2016-12-08 00:51:05] finish reading file: ericsson_umts_demo/set_042
[2016-12-08 00:51:13] reading file: ericsson_umts_demo/set_043
[2016-12-08 00:51:16] current cores used: 8/20
[2016-12-08 00:51:16] reached max num of job (4/4), retry again in 2 min
[2016-12-08 00:51:20] finish reading file: ericsson_umts_demo/set_043
[2016-12-08 00:52:28] start writing file: ./test/set_042.txt
[2016-12-08 00:52:29] finish writing file: ./test/set_040.txt
[2016-12-08 00:52:44] start writing file: ./test/set_043.txt
[2016-12-08 00:52:59] finish writing file: ./test/set_041.txt
[2016-12-08 00:53:16] current cores used: 4/20
[2016-12-08 00:53:16] Task parse_set_044 start...
[2016-12-08 00:53:16] spark-submit --master spark://master:7077 --executor-memory 1g --driver-memory 1g --total-executor-cores 2 /opt/hadoop/wwong/eric_umts/kpi_parser_eric.py ericsson_umts_demo/set_044 "parse_set_044" "./test" &
[2016-12-08 00:53:25] reading file: ericsson_umts_demo/set_044
[2016-12-08 00:53:28] current cores used: 6/20
[2016-12-08 00:53:28] Task parse_set_045 start...
[2016-12-08 00:53:28] spark-submit --master spark://master:7077 --executor-memory 1g --driver-memory 1g --total-executor-cores 2 /opt/hadoop/wwong/eric_umts/kpi_parser_eric.py ericsson_umts_demo/set_045 "parse_set_045" "./test" &
[2016-12-08 00:53:32] finish reading file: ericsson_umts_demo/set_044
[2016-12-08 00:53:38] reading file: ericsson_umts_demo/set_045
[2016-12-08 00:53:40] current cores used: 8/20
[2016-12-08 00:53:40] reached max num of job (4/4), retry again in 2 min
[2016-12-08 00:53:42] finish reading file: ericsson_umts_demo/set_045
[2016-12-08 00:54:49] start writing file: ./test/set_044.txt
[2016-12-08 00:54:55] finish writing file: ./test/set_042.txt
[2016-12-08 00:55:02] start writing file: ./test/set_045.txt
[2016-12-08 00:55:18] finish writing file: ./test/set_043.txt
[2016-12-08 00:55:40] current cores used: 4/20
[2016-12-08 00:55:40] Task parse_set_046 start...
[2016-12-08 00:55:40] spark-submit --master spark://master:7077 --executor-memory 1g --driver-memory 1g --total-executor-cores 2 /opt/hadoop/wwong/eric_umts/kpi_parser_eric.py ericsson_umts_demo/set_046 "parse_set_046" "./test" &
[2016-12-08 00:55:49] reading file: ericsson_umts_demo/set_046
[2016-12-08 00:55:52] current cores used: 6/20
[2016-12-08 00:55:52] Task parse_set_047 start...
[2016-12-08 00:55:52] spark-submit --master spark://master:7077 --executor-memory 1g --driver-memory 1g --total-executor-cores 2 /opt/hadoop/wwong/eric_umts/kpi_parser_eric.py ericsson_umts_demo/set_047 "parse_set_047" "./test" &
[2016-12-08 00:55:56] finish reading file: ericsson_umts_demo/set_046
[2016-12-08 00:56:02] reading file: ericsson_umts_demo/set_047
[2016-12-08 00:56:05] current cores used: 8/20
[2016-12-08 00:56:05] reached max num of job (4/4), retry again in 2 min
[2016-12-08 00:56:09] finish reading file: ericsson_umts_demo/set_047
[2016-12-08 00:57:12] start writing file: ./test/set_046.txt
[2016-12-08 00:57:29] finish writing file: ./test/set_044.txt
[2016-12-08 00:57:30] start writing file: ./test/set_047.txt
[2016-12-08 00:57:57] finish writing file: ./test/set_045.txt
[2016-12-08 00:58:05] current cores used: 4/20
[2016-12-08 00:58:05] Task parse_set_048 start...
[2016-12-08 00:58:05] spark-submit --master spark://master:7077 --executor-memory 1g --driver-memory 1g --total-executor-cores 2 /opt/hadoop/wwong/eric_umts/kpi_parser_eric.py ericsson_umts_demo/set_048 "parse_set_048" "./test" &
[2016-12-08 00:58:15] reading file: ericsson_umts_demo/set_048
[2016-12-08 00:58:17] current cores used: 6/20
[2016-12-08 00:58:17] Task parse_set_049 start...
[2016-12-08 00:58:17] spark-submit --master spark://master:7077 --executor-memory 1g --driver-memory 1g --total-executor-cores 2 /opt/hadoop/wwong/eric_umts/kpi_parser_eric.py ericsson_umts_demo/set_049 "parse_set_049" "./test" &
[2016-12-08 00:58:21] finish reading file: ericsson_umts_demo/set_048
[2016-12-08 00:58:27] reading file: ericsson_umts_demo/set_049
[2016-12-08 00:58:29] current cores used: 8/20
[2016-12-08 00:58:29] reached max num of job (4/4), retry again in 2 min
[2016-12-08 00:58:32] finish reading file: ericsson_umts_demo/set_049
[2016-12-08 00:59:31] finish writing file: ./test/set_046.txt
[2016-12-08 00:59:43] start writing file: ./test/set_048.txt
[2016-12-08 00:59:52] start writing file: ./test/set_049.txt
[2016-12-08 00:59:55] finish writing file: ./test/set_047.txt
[2016-12-08 01:00:29] current cores used: 4/20
[2016-12-08 01:00:29] Task parse_set_050 start...
[2016-12-08 01:00:29] spark-submit --master spark://master:7077 --executor-memory 1g --driver-memory 1g --total-executor-cores 2 /opt/hadoop/wwong/eric_umts/kpi_parser_eric.py ericsson_umts_demo/set_050 "parse_set_050" "./test" &
[2016-12-08 01:00:38] reading file: ericsson_umts_demo/set_050
[2016-12-08 01:00:41] current cores used: 6/20
[2016-12-08 01:00:41] Task parse_set_051 start...
[2016-12-08 01:00:41] spark-submit --master spark://master:7077 --executor-memory 1g --driver-memory 1g --total-executor-cores 2 /opt/hadoop/wwong/eric_umts/kpi_parser_eric.py ericsson_umts_demo/set_051 "parse_set_051" "./test" &
[2016-12-08 01:00:47] finish reading file: ericsson_umts_demo/set_050
[2016-12-08 01:00:52] reading file: ericsson_umts_demo/set_051
[2016-12-08 01:00:53] current cores used: 8/20
[2016-12-08 01:00:53] reached max num of job (4/4), retry again in 2 min
[2016-12-08 01:01:00] finish reading file: ericsson_umts_demo/set_051
[2016-12-08 01:02:18] start writing file: ./test/set_050.txt
[2016-12-08 01:02:25] finish writing file: ./test/set_048.txt
[2016-12-08 01:02:32] start writing file: ./test/set_051.txt
[2016-12-08 01:02:40] finish writing file: ./test/set_049.txt
[2016-12-08 01:02:53] current cores used: 4/20
[2016-12-08 01:02:53] Task parse_set_052 start...
[2016-12-08 01:02:53] spark-submit --master spark://master:7077 --executor-memory 1g --driver-memory 1g --total-executor-cores 2 /opt/hadoop/wwong/eric_umts/kpi_parser_eric.py ericsson_umts_demo/set_052 "parse_set_052" "./test" &
[2016-12-08 01:03:02] reading file: ericsson_umts_demo/set_052
[2016-12-08 01:03:05] current cores used: 6/20
[2016-12-08 01:03:05] Task parse_set_053 start...
[2016-12-08 01:03:05] spark-submit --master spark://master:7077 --executor-memory 1g --driver-memory 1g --total-executor-cores 2 /opt/hadoop/wwong/eric_umts/kpi_parser_eric.py ericsson_umts_demo/set_053 "parse_set_053" "./test" &
[2016-12-08 01:03:07] finish reading file: ericsson_umts_demo/set_052
[2016-12-08 01:03:15] reading file: ericsson_umts_demo/set_053
[2016-12-08 01:03:18] current cores used: 8/20
[2016-12-08 01:03:18] reached max num of job (4/4), retry again in 2 min
[2016-12-08 01:03:21] finish reading file: ericsson_umts_demo/set_053
[2016-12-08 01:04:28] start writing file: ./test/set_052.txt
[2016-12-08 01:04:44] start writing file: ./test/set_053.txt
[2016-12-08 01:04:54] finish writing file: ./test/set_051.txt
[2016-12-08 01:04:57] finish writing file: ./test/set_050.txt
[2016-12-08 01:05:18] current cores used: 4/20
[2016-12-08 01:05:18] Task parse_set_054 start...
[2016-12-08 01:05:18] spark-submit --master spark://master:7077 --executor-memory 1g --driver-memory 1g --total-executor-cores 2 /opt/hadoop/wwong/eric_umts/kpi_parser_eric.py ericsson_umts_demo/set_054 "parse_set_054" "./test" &
[2016-12-08 01:05:26] reading file: ericsson_umts_demo/set_054
[2016-12-08 01:05:30] current cores used: 6/20
[2016-12-08 01:05:30] Task parse_set_055 start...
[2016-12-08 01:05:30] spark-submit --master spark://master:7077 --executor-memory 1g --driver-memory 1g --total-executor-cores 2 /opt/hadoop/wwong/eric_umts/kpi_parser_eric.py ericsson_umts_demo/set_055 "parse_set_055" "./test" &
[2016-12-08 01:05:32] finish reading file: ericsson_umts_demo/set_054
[2016-12-08 01:05:40] reading file: ericsson_umts_demo/set_055
[2016-12-08 01:05:42] current cores used: 8/20
[2016-12-08 01:05:42] reached max num of job (4/4), retry again in 2 min
[2016-12-08 01:05:48] finish reading file: ericsson_umts_demo/set_055
[2016-12-08 01:07:05] start writing file: ./test/set_054.txt
[2016-12-08 01:07:13] start writing file: ./test/set_055.txt
[2016-12-08 01:07:16] finish writing file: ./test/set_052.txt
[2016-12-08 01:07:18] finish writing file: ./test/set_053.txt
[2016-12-08 01:07:42] current cores used: 4/20
[2016-12-08 01:07:42] Task parse_set_056 start...
[2016-12-08 01:07:42] spark-submit --master spark://master:7077 --executor-memory 1g --driver-memory 1g --total-executor-cores 2 /opt/hadoop/wwong/eric_umts/kpi_parser_eric.py ericsson_umts_demo/set_056 "parse_set_056" "./test" &
[2016-12-08 01:07:51] reading file: ericsson_umts_demo/set_056
[2016-12-08 01:07:54] current cores used: 6/20
[2016-12-08 01:07:54] Task parse_set_057 start...
[2016-12-08 01:07:54] spark-submit --master spark://master:7077 --executor-memory 1g --driver-memory 1g --total-executor-cores 2 /opt/hadoop/wwong/eric_umts/kpi_parser_eric.py ericsson_umts_demo/set_057 "parse_set_057" "./test" &
[2016-12-08 01:07:56] finish reading file: ericsson_umts_demo/set_056
[2016-12-08 01:08:04] reading file: ericsson_umts_demo/set_057
[2016-12-08 01:08:06] current cores used: 8/20
[2016-12-08 01:08:06] reached max num of job (4/4), retry again in 2 min
[2016-12-08 01:08:12] finish reading file: ericsson_umts_demo/set_057
[2016-12-08 01:09:17] start writing file: ./test/set_056.txt
[2016-12-08 01:09:22] finish writing file: ./test/set_054.txt
[2016-12-08 01:09:36] start writing file: ./test/set_057.txt
[2016-12-08 01:09:53] finish writing file: ./test/set_055.txt
[2016-12-08 01:10:06] current cores used: 4/20
[2016-12-08 01:10:06] Task parse_set_058 start...
[2016-12-08 01:10:06] spark-submit --master spark://master:7077 --executor-memory 1g --driver-memory 1g --total-executor-cores 2 /opt/hadoop/wwong/eric_umts/kpi_parser_eric.py ericsson_umts_demo/set_058 "parse_set_058" "./test" &
[2016-12-08 01:10:15] reading file: ericsson_umts_demo/set_058
[2016-12-08 01:10:18] current cores used: 6/20
[2016-12-08 01:10:18] Task parse_set_059 start...
[2016-12-08 01:10:18] spark-submit --master spark://master:7077 --executor-memory 1g --driver-memory 1g --total-executor-cores 2 /opt/hadoop/wwong/eric_umts/kpi_parser_eric.py ericsson_umts_demo/set_059 "parse_set_059" "./test" &
[2016-12-08 01:10:22] finish reading file: ericsson_umts_demo/set_058
[2016-12-08 01:10:28] reading file: ericsson_umts_demo/set_059
[2016-12-08 01:10:30] current cores used: 8/20
[2016-12-08 01:10:30] reached max num of job (4/4), retry again in 2 min
[2016-12-08 01:10:34] finish reading file: ericsson_umts_demo/set_059
[2016-12-08 01:11:41] start writing file: ./test/set_058.txt
[2016-12-08 01:12:03] start writing file: ./test/set_059.txt
[2016-12-08 01:12:03] finish writing file: ./test/set_056.txt
[2016-12-08 01:12:18] finish writing file: ./test/set_057.txt
[2016-12-08 01:12:30] current cores used: 4/20
[2016-12-08 01:12:30] Task parse_set_060 start...
[2016-12-08 01:12:30] spark-submit --master spark://master:7077 --executor-memory 1g --driver-memory 1g --total-executor-cores 2 /opt/hadoop/wwong/eric_umts/kpi_parser_eric.py ericsson_umts_demo/set_060 "parse_set_060" "./test" &
[2016-12-08 01:12:40] reading file: ericsson_umts_demo/set_060
[2016-12-08 01:12:43] current cores used: 6/20
[2016-12-08 01:12:43] Task parse_set_061 start...
[2016-12-08 01:12:43] spark-submit --master spark://master:7077 --executor-memory 1g --driver-memory 1g --total-executor-cores 2 /opt/hadoop/wwong/eric_umts/kpi_parser_eric.py ericsson_umts_demo/set_061 "parse_set_061" "./test" &
[2016-12-08 01:12:46] finish reading file: ericsson_umts_demo/set_060
[2016-12-08 01:12:55] current cores used: 8/20
[2016-12-08 01:12:55] reached max num of job (4/4), retry again in 2 min
[2016-12-08 01:12:55] reading file: ericsson_umts_demo/set_061
[2016-12-08 01:13:00] finish reading file: ericsson_umts_demo/set_061
[2016-12-08 01:14:20] finish writing file: ./test/set_058.txt
[2016-12-08 01:14:20] start writing file: ./test/set_061.txt
[2016-12-08 01:14:22] start writing file: ./test/set_060.txt
[2016-12-08 01:14:55] current cores used: 6/20
[2016-12-08 01:14:55] Task parse_set_062 start...
[2016-12-08 01:14:55] spark-submit --master spark://master:7077 --executor-memory 1g --driver-memory 1g --total-executor-cores 2 /opt/hadoop/wwong/eric_umts/kpi_parser_eric.py ericsson_umts_demo/set_062 "parse_set_062" "./test" &
[2016-12-08 01:15:04] reading file: ericsson_umts_demo/set_062
[2016-12-08 01:15:07] current cores used: 8/20
[2016-12-08 01:15:07] reached max num of job (4/4), retry again in 2 min
[2016-12-08 01:15:09] finish writing file: ./test/set_059.txt
[2016-12-08 01:15:11] finish reading file: ericsson_umts_demo/set_062
[2016-12-08 01:16:19] finish writing file: ./test/set_061.txt
[2016-12-08 01:16:30] start writing file: ./test/set_062.txt
[2016-12-08 01:17:02] finish writing file: ./test/set_060.txt
[2016-12-08 01:17:07] current cores used: 2/20
[2016-12-08 01:17:07] Task parse_set_063 start...
[2016-12-08 01:17:07] spark-submit --master spark://master:7077 --executor-memory 1g --driver-memory 1g --total-executor-cores 2 /opt/hadoop/wwong/eric_umts/kpi_parser_eric.py ericsson_umts_demo/set_063 "parse_set_063" "./test" &
[2016-12-08 01:17:15] reading file: ericsson_umts_demo/set_063
[2016-12-08 01:17:19] current cores used: 4/20
[2016-12-08 01:17:19] Task parse_set_064 start...
[2016-12-08 01:17:19] spark-submit --master spark://master:7077 --executor-memory 1g --driver-memory 1g --total-executor-cores 2 /opt/hadoop/wwong/eric_umts/kpi_parser_eric.py ericsson_umts_demo/set_064 "parse_set_064" "./test" &
[2016-12-08 01:17:21] finish reading file: ericsson_umts_demo/set_063
[2016-12-08 01:17:28] reading file: ericsson_umts_demo/set_064
[2016-12-08 01:17:31] current cores used: 6/20
[2016-12-08 01:17:31] Task parse_set_065 start...
[2016-12-08 01:17:31] spark-submit --master spark://master:7077 --executor-memory 1g --driver-memory 1g --total-executor-cores 2 /opt/hadoop/wwong/eric_umts/kpi_parser_eric.py ericsson_umts_demo/set_065 "parse_set_065" "./test" &
[2016-12-08 01:17:34] finish reading file: ericsson_umts_demo/set_064
[2016-12-08 01:17:41] reading file: ericsson_umts_demo/set_065
[2016-12-08 01:17:43] current cores used: 8/20
[2016-12-08 01:17:43] reached max num of job (4/4), retry again in 2 min
[2016-12-08 01:17:47] finish reading file: ericsson_umts_demo/set_065
[2016-12-08 01:18:43] start writing file: ./test/set_063.txt
[2016-12-08 01:18:52] finish writing file: ./test/set_062.txt
[2016-12-08 01:19:11] start writing file: ./test/set_064.txt
[2016-12-08 01:19:15] start writing file: ./test/set_065.txt
[2016-12-08 01:19:43] current cores used: 6/20
[2016-12-08 01:19:43] Task parse_set_066 start...
[2016-12-08 01:19:43] spark-submit --master spark://master:7077 --executor-memory 1g --driver-memory 1g --total-executor-cores 2 /opt/hadoop/wwong/eric_umts/kpi_parser_eric.py ericsson_umts_demo/set_066 "parse_set_066" "./test" &
[2016-12-08 01:19:53] reading file: ericsson_umts_demo/set_066
[2016-12-08 01:19:55] current cores used: 8/20
[2016-12-08 01:19:55] reached max num of job (4/4), retry again in 2 min
[2016-12-08 01:19:59] finish reading file: ericsson_umts_demo/set_066
[2016-12-08 01:21:16] start writing file: ./test/set_066.txt
[2016-12-08 01:21:20] finish writing file: ./test/set_065.txt
[2016-12-08 01:21:37] finish writing file: ./test/set_063.txt
[2016-12-08 01:21:56] current cores used: 4/20
[2016-12-08 01:21:56] Task parse_set_067 start...
[2016-12-08 01:21:56] spark-submit --master spark://master:7077 --executor-memory 1g --driver-memory 1g --total-executor-cores 2 /opt/hadoop/wwong/eric_umts/kpi_parser_eric.py ericsson_umts_demo/set_067 "parse_set_067" "./test" &
[2016-12-08 01:22:04] reading file: ericsson_umts_demo/set_067
[2016-12-08 01:22:08] current cores used: 6/20
[2016-12-08 01:22:08] Task parse_set_068 start...
[2016-12-08 01:22:08] spark-submit --master spark://master:7077 --executor-memory 1g --driver-memory 1g --total-executor-cores 2 /opt/hadoop/wwong/eric_umts/kpi_parser_eric.py ericsson_umts_demo/set_068 "parse_set_068" "./test" &
[2016-12-08 01:22:10] finish reading file: ericsson_umts_demo/set_067
[2016-12-08 01:22:17] reading file: ericsson_umts_demo/set_068
[2016-12-08 01:22:18] finish writing file: ./test/set_064.txt
[2016-12-08 01:22:20] current cores used: 6/20
[2016-12-08 01:22:20] Task parse_set_069 start...
[2016-12-08 01:22:20] spark-submit --master spark://master:7077 --executor-memory 1g --driver-memory 1g --total-executor-cores 2 /opt/hadoop/wwong/eric_umts/kpi_parser_eric.py ericsson_umts_demo/set_069 "parse_set_069" "./test" &
[2016-12-08 01:22:24] finish reading file: ericsson_umts_demo/set_068
[2016-12-08 01:22:29] reading file: ericsson_umts_demo/set_069
[2016-12-08 01:22:32] current cores used: 8/20
[2016-12-08 01:22:32] reached max num of job (4/4), retry again in 2 min
[2016-12-08 01:22:36] finish reading file: ericsson_umts_demo/set_069
[2016-12-08 01:23:37] start writing file: ./test/set_067.txt
[2016-12-08 01:23:45] start writing file: ./test/set_068.txt
[2016-12-08 01:23:50] start writing file: ./test/set_069.txt
[2016-12-08 01:24:07] finish writing file: ./test/set_066.txt
[2016-12-08 01:24:32] current cores used: 6/20
[2016-12-08 01:24:32] Task parse_set_070 start...
[2016-12-08 01:24:32] spark-submit --master spark://master:7077 --executor-memory 1g --driver-memory 1g --total-executor-cores 2 /opt/hadoop/wwong/eric_umts/kpi_parser_eric.py ericsson_umts_demo/set_070 "parse_set_070" "./test" &
[2016-12-08 01:24:42] reading file: ericsson_umts_demo/set_070
[2016-12-08 01:24:44] current cores used: 8/20
[2016-12-08 01:24:44] reached max num of job (4/4), retry again in 2 min
[2016-12-08 01:24:49] finish reading file: ericsson_umts_demo/set_070
[2016-12-08 01:26:12] start writing file: ./test/set_070.txt
[2016-12-08 01:26:44] current cores used: 8/20
[2016-12-08 01:26:44] reached max num of job (4/4), retry again in 2 min
[2016-12-08 01:27:02] finish writing file: ./test/set_068.txt
[2016-12-08 01:27:17] finish writing file: ./test/set_069.txt
[2016-12-08 01:27:28] finish writing file: ./test/set_067.txt
[2016-12-08 01:28:44] current cores used: 2/20
[2016-12-08 01:28:44] Task parse_set_071 start...
[2016-12-08 01:28:44] spark-submit --master spark://master:7077 --executor-memory 1g --driver-memory 1g --total-executor-cores 2 /opt/hadoop/wwong/eric_umts/kpi_parser_eric.py ericsson_umts_demo/set_071 "parse_set_071" "./test" &
[2016-12-08 01:28:51] finish writing file: ./test/set_070.txt
[2016-12-08 01:28:53] reading file: ericsson_umts_demo/set_071
[2016-12-08 01:28:56] current cores used: 2/20
[2016-12-08 01:28:56] Task parse_set_072 start...
[2016-12-08 01:28:56] spark-submit --master spark://master:7077 --executor-memory 1g --driver-memory 1g --total-executor-cores 2 /opt/hadoop/wwong/eric_umts/kpi_parser_eric.py ericsson_umts_demo/set_072 "parse_set_072" "./test" &
[2016-12-08 01:29:04] finish reading file: ericsson_umts_demo/set_071
[2016-12-08 01:29:06] reading file: ericsson_umts_demo/set_072
[2016-12-08 01:29:09] current cores used: 4/20
[2016-12-08 01:29:09] Task parse_set_073 start...
[2016-12-08 01:29:09] spark-submit --master spark://master:7077 --executor-memory 1g --driver-memory 1g --total-executor-cores 2 /opt/hadoop/wwong/eric_umts/kpi_parser_eric.py ericsson_umts_demo/set_073 "parse_set_073" "./test" &
[2016-12-08 01:29:10] finish reading file: ericsson_umts_demo/set_072
[2016-12-08 01:29:20] reading file: ericsson_umts_demo/set_073
[2016-12-08 01:29:21] current cores used: 6/20
[2016-12-08 01:29:21] Task parse_set_074 start...
[2016-12-08 01:29:21] spark-submit --master spark://master:7077 --executor-memory 1g --driver-memory 1g --total-executor-cores 2 /opt/hadoop/wwong/eric_umts/kpi_parser_eric.py ericsson_umts_demo/set_074 "parse_set_074" "./test" &
[2016-12-08 01:29:26] finish reading file: ericsson_umts_demo/set_073
[2016-12-08 01:29:33] current cores used: 8/20
[2016-12-08 01:29:33] reached max num of job (4/4), retry again in 2 min
[2016-12-08 01:29:33] reading file: ericsson_umts_demo/set_074
[2016-12-08 01:29:39] finish reading file: ericsson_umts_demo/set_074
[2016-12-08 01:29:39] start writing file: ./test/set_072.txt
[2016-12-08 01:30:34] start writing file: ./test/set_071.txt
[2016-12-08 01:30:46] start writing file: ./test/set_073.txt
[2016-12-08 01:31:06] start writing file: ./test/set_074.txt
[2016-12-08 01:31:33] current cores used: 8/20
[2016-12-08 01:31:33] reached max num of job (4/4), retry again in 2 min
[2016-12-08 01:32:11] finish writing file: ./test/set_072.txt
[2016-12-08 01:33:24] finish writing file: ./test/set_071.txt
[2016-12-08 01:33:33] current cores used: 4/20
[2016-12-08 01:33:33] Task parse_set_075 start...
[2016-12-08 01:33:33] spark-submit --master spark://master:7077 --executor-memory 1g --driver-memory 1g --total-executor-cores 2 /opt/hadoop/wwong/eric_umts/kpi_parser_eric.py ericsson_umts_demo/set_075 "parse_set_075" "./test" &
[2016-12-08 01:33:43] reading file: ericsson_umts_demo/set_075
[2016-12-08 01:33:45] current cores used: 6/20
[2016-12-08 01:33:45] Task parse_set_076 start...
[2016-12-08 01:33:45] spark-submit --master spark://master:7077 --executor-memory 1g --driver-memory 1g --total-executor-cores 2 /opt/hadoop/wwong/eric_umts/kpi_parser_eric.py ericsson_umts_demo/set_076 "parse_set_076" "./test" &
[2016-12-08 01:33:49] finish writing file: ./test/set_073.txt
[2016-12-08 01:33:49] finish reading file: ericsson_umts_demo/set_075
[2016-12-08 01:33:55] reading file: ericsson_umts_demo/set_076
[2016-12-08 01:33:56] finish writing file: ./test/set_074.txt
[2016-12-08 01:33:57] current cores used: 4/20
[2016-12-08 01:33:57] Task parse_set_077 start...
[2016-12-08 01:33:57] spark-submit --master spark://master:7077 --executor-memory 1g --driver-memory 1g --total-executor-cores 2 /opt/hadoop/wwong/eric_umts/kpi_parser_eric.py ericsson_umts_demo/set_077 "parse_set_077" "./test" &
[2016-12-08 01:34:02] finish reading file: ericsson_umts_demo/set_076
[2016-12-08 01:34:09] reading file: ericsson_umts_demo/set_077
[2016-12-08 01:34:09] current cores used: 6/20
[2016-12-08 01:34:09] Task parse_set_078 start...
[2016-12-08 01:34:09] spark-submit --master spark://master:7077 --executor-memory 1g --driver-memory 1g --total-executor-cores 2 /opt/hadoop/wwong/eric_umts/kpi_parser_eric.py ericsson_umts_demo/set_078 "parse_set_078" "./test" &
[2016-12-08 01:34:15] finish reading file: ericsson_umts_demo/set_077
[2016-12-08 01:34:21] current cores used: 8/20
[2016-12-08 01:34:21] reached max num of job (4/4), retry again in 2 min
[2016-12-08 01:34:22] reading file: ericsson_umts_demo/set_078
[2016-12-08 01:34:27] finish reading file: ericsson_umts_demo/set_078
[2016-12-08 01:35:06] start writing file: ./test/set_075.txt
[2016-12-08 01:35:17] start writing file: ./test/set_076.txt
[2016-12-08 01:35:37] start writing file: ./test/set_077.txt
[2016-12-08 01:35:57] start writing file: ./test/set_078.txt
[2016-12-08 01:36:21] current cores used: 8/20
[2016-12-08 01:36:21] reached max num of job (4/4), retry again in 2 min
[2016-12-08 01:37:55] finish writing file: ./test/set_075.txt
[2016-12-08 01:38:18] finish writing file: ./test/set_076.txt
[2016-12-08 01:38:22] current cores used: 4/20
[2016-12-08 01:38:22] Task parse_set_079 start...
[2016-12-08 01:38:22] spark-submit --master spark://master:7077 --executor-memory 1g --driver-memory 1g --total-executor-cores 2 /opt/hadoop/wwong/eric_umts/kpi_parser_eric.py ericsson_umts_demo/set_079 "parse_set_079" "./test" &
[2016-12-08 01:38:27] finish writing file: ./test/set_077.txt
[2016-12-08 01:38:31] reading file: ericsson_umts_demo/set_079
[2016-12-08 01:38:34] current cores used: 4/20
[2016-12-08 01:38:34] Task parse_set_080 start...
[2016-12-08 01:38:34] spark-submit --master spark://master:7077 --executor-memory 1g --driver-memory 1g --total-executor-cores 2 /opt/hadoop/wwong/eric_umts/kpi_parser_eric.py ericsson_umts_demo/set_080 "parse_set_080" "./test" &
[2016-12-08 01:38:36] finish reading file: ericsson_umts_demo/set_079
[2016-12-08 01:38:43] reading file: ericsson_umts_demo/set_080
[2016-12-08 01:38:46] current cores used: 6/20
[2016-12-08 01:38:46] Task parse_set_081 start...
[2016-12-08 01:38:46] spark-submit --master spark://master:7077 --executor-memory 1g --driver-memory 1g --total-executor-cores 2 /opt/hadoop/wwong/eric_umts/kpi_parser_eric.py ericsson_umts_demo/set_081 "parse_set_081" "./test" &
[2016-12-08 01:38:49] finish reading file: ericsson_umts_demo/set_080
[2016-12-08 01:38:56] reading file: ericsson_umts_demo/set_081
[2016-12-08 01:38:58] current cores used: 8/20
[2016-12-08 01:38:58] reached max num of job (4/4), retry again in 2 min
[2016-12-08 01:39:02] finish reading file: ericsson_umts_demo/set_081
[2016-12-08 01:39:17] finish writing file: ./test/set_078.txt
[2016-12-08 01:39:58] start writing file: ./test/set_079.txt
[2016-12-08 01:40:08] start writing file: ./test/set_080.txt
[2016-12-08 01:40:29] start writing file: ./test/set_081.txt
[2016-12-08 01:40:58] current cores used: 6/20
[2016-12-08 01:40:58] Task parse_set_082 start...
[2016-12-08 01:40:58] spark-submit --master spark://master:7077 --executor-memory 1g --driver-memory 1g --total-executor-cores 2 /opt/hadoop/wwong/eric_umts/kpi_parser_eric.py ericsson_umts_demo/set_082 "parse_set_082" "./test" &
[2016-12-08 01:41:09] reading file: ericsson_umts_demo/set_082
[2016-12-08 01:41:10] current cores used: 8/20
[2016-12-08 01:41:10] reached max num of job (4/4), retry again in 2 min
[2016-12-08 01:41:16] finish reading file: ericsson_umts_demo/set_082
[2016-12-08 01:42:26] finish writing file: ./test/set_079.txt
[2016-12-08 01:42:29] start writing file: ./test/set_082.txt
[2016-12-08 01:43:02] finish writing file: ./test/set_080.txt
[2016-12-08 01:43:10] current cores used: 4/20
[2016-12-08 01:43:10] Task parse_set_083 start...
[2016-12-08 01:43:10] spark-submit --master spark://master:7077 --executor-memory 1g --driver-memory 1g --total-executor-cores 2 /opt/hadoop/wwong/eric_umts/kpi_parser_eric.py ericsson_umts_demo/set_083 "parse_set_083" "./test" &
[2016-12-08 01:43:18] reading file: ericsson_umts_demo/set_083
[2016-12-08 01:43:22] current cores used: 6/20
[2016-12-08 01:43:22] Task parse_set_084 start...
[2016-12-08 01:43:22] spark-submit --master spark://master:7077 --executor-memory 1g --driver-memory 1g --total-executor-cores 2 /opt/hadoop/wwong/eric_umts/kpi_parser_eric.py ericsson_umts_demo/set_084 "parse_set_084" "./test" &
[2016-12-08 01:43:25] finish reading file: ericsson_umts_demo/set_083
[2016-12-08 01:43:33] reading file: ericsson_umts_demo/set_084
[2016-12-08 01:43:34] current cores used: 8/20
[2016-12-08 01:43:34] reached max num of job (4/4), retry again in 2 min
[2016-12-08 01:43:37] finish writing file: ./test/set_081.txt
[2016-12-08 01:43:38] finish reading file: ericsson_umts_demo/set_084
[2016-12-08 01:44:37] finish writing file: ./test/set_082.txt
[2016-12-08 01:44:40] start writing file: ./test/set_083.txt
[2016-12-08 01:45:00] start writing file: ./test/set_084.txt
[2016-12-08 01:45:34] current cores used: 4/20
[2016-12-08 01:45:34] Task parse_set_085 start...
[2016-12-08 01:45:34] spark-submit --master spark://master:7077 --executor-memory 1g --driver-memory 1g --total-executor-cores 2 /opt/hadoop/wwong/eric_umts/kpi_parser_eric.py ericsson_umts_demo/set_085 "parse_set_085" "./test" &
[2016-12-08 01:45:43] reading file: ericsson_umts_demo/set_085
[2016-12-08 01:45:47] current cores used: 6/20
[2016-12-08 01:45:47] Task parse_set_086 start...
[2016-12-08 01:45:47] spark-submit --master spark://master:7077 --executor-memory 1g --driver-memory 1g --total-executor-cores 2 /opt/hadoop/wwong/eric_umts/kpi_parser_eric.py ericsson_umts_demo/set_086 "parse_set_086" "./test" &
[2016-12-08 01:45:49] finish reading file: ericsson_umts_demo/set_085
[2016-12-08 01:45:56] reading file: ericsson_umts_demo/set_086
[2016-12-08 01:45:59] current cores used: 8/20
[2016-12-08 01:45:59] reached max num of job (4/4), retry again in 2 min
[2016-12-08 01:46:04] finish reading file: ericsson_umts_demo/set_086
[2016-12-08 01:47:03] finish writing file: ./test/set_083.txt
[2016-12-08 01:47:18] start writing file: ./test/set_085.txt
[2016-12-08 01:47:25] finish writing file: ./test/set_084.txt
[2016-12-08 01:47:30] start writing file: ./test/set_086.txt
[2016-12-08 01:47:59] current cores used: 4/20
[2016-12-08 01:47:59] Task parse_set_087 start...
[2016-12-08 01:47:59] spark-submit --master spark://master:7077 --executor-memory 1g --driver-memory 1g --total-executor-cores 2 /opt/hadoop/wwong/eric_umts/kpi_parser_eric.py ericsson_umts_demo/set_087 "parse_set_087" "./test" &
[2016-12-08 01:48:07] reading file: ericsson_umts_demo/set_087
[2016-12-08 01:48:11] current cores used: 6/20
[2016-12-08 01:48:11] Task parse_set_088 start...
[2016-12-08 01:48:11] spark-submit --master spark://master:7077 --executor-memory 1g --driver-memory 1g --total-executor-cores 2 /opt/hadoop/wwong/eric_umts/kpi_parser_eric.py ericsson_umts_demo/set_088 "parse_set_088" "./test" &
[2016-12-08 01:48:13] finish reading file: ericsson_umts_demo/set_087
[2016-12-08 01:48:21] reading file: ericsson_umts_demo/set_088
[2016-12-08 01:48:23] current cores used: 8/20
[2016-12-08 01:48:23] reached max num of job (4/4), retry again in 2 min
[2016-12-08 01:48:26] finish reading file: ericsson_umts_demo/set_088
[2016-12-08 01:49:22] finish writing file: ./test/set_085.txt
[2016-12-08 01:49:37] start writing file: ./test/set_087.txt
[2016-12-08 01:49:45] start writing file: ./test/set_088.txt
[2016-12-08 01:49:53] finish writing file: ./test/set_086.txt
[2016-12-08 01:50:23] current cores used: 4/20
[2016-12-08 01:50:23] Task parse_set_089 start...
[2016-12-08 01:50:23] spark-submit --master spark://master:7077 --executor-memory 1g --driver-memory 1g --total-executor-cores 2 /opt/hadoop/wwong/eric_umts/kpi_parser_eric.py ericsson_umts_demo/set_089 "parse_set_089" "./test" &
[2016-12-08 01:50:32] reading file: ericsson_umts_demo/set_089
[2016-12-08 01:50:35] current cores used: 6/20
[2016-12-08 01:50:35] Task parse_set_090 start...
[2016-12-08 01:50:35] spark-submit --master spark://master:7077 --executor-memory 1g --driver-memory 1g --total-executor-cores 2 /opt/hadoop/wwong/eric_umts/kpi_parser_eric.py ericsson_umts_demo/set_090 "parse_set_090" "./test" &
[2016-12-08 01:50:37] finish reading file: ericsson_umts_demo/set_089
[2016-12-08 01:50:45] reading file: ericsson_umts_demo/set_090
[2016-12-08 01:50:47] current cores used: 8/20
[2016-12-08 01:50:47] reached max num of job (4/4), retry again in 2 min
[2016-12-08 01:50:51] finish reading file: ericsson_umts_demo/set_090
[2016-12-08 01:52:09] start writing file: ./test/set_089.txt
[2016-12-08 01:52:15] finish writing file: ./test/set_087.txt
[2016-12-08 01:52:20] start writing file: ./test/set_090.txt
[2016-12-08 01:52:33] finish writing file: ./test/set_088.txt
[2016-12-08 01:52:47] current cores used: 4/20
[2016-12-08 01:52:47] Task parse_set_091 start...
[2016-12-08 01:52:47] spark-submit --master spark://master:7077 --executor-memory 1g --driver-memory 1g --total-executor-cores 2 /opt/hadoop/wwong/eric_umts/kpi_parser_eric.py ericsson_umts_demo/set_091 "parse_set_091" "./test" &
[2016-12-08 01:52:56] reading file: ericsson_umts_demo/set_091
[2016-12-08 01:53:00] current cores used: 6/20
[2016-12-08 01:53:00] Task parse_set_092 start...
[2016-12-08 01:53:00] spark-submit --master spark://master:7077 --executor-memory 1g --driver-memory 1g --total-executor-cores 2 /opt/hadoop/wwong/eric_umts/kpi_parser_eric.py ericsson_umts_demo/set_092 "parse_set_092" "./test" &
[2016-12-08 01:53:01] finish reading file: ericsson_umts_demo/set_091
[2016-12-08 01:53:11] reading file: ericsson_umts_demo/set_092
[2016-12-08 01:53:12] current cores used: 8/20
[2016-12-08 01:53:12] reached max num of job (4/4), retry again in 2 min
[2016-12-08 01:53:18] finish reading file: ericsson_umts_demo/set_092
[2016-12-08 01:54:23] start writing file: ./test/set_091.txt
[2016-12-08 01:54:55] start writing file: ./test/set_092.txt
[2016-12-08 01:55:02] finish writing file: ./test/set_089.txt
[2016-12-08 01:55:07] finish writing file: ./test/set_090.txt
[2016-12-08 01:55:12] current cores used: 4/20
[2016-12-08 01:55:12] Task parse_set_093 start...
[2016-12-08 01:55:12] spark-submit --master spark://master:7077 --executor-memory 1g --driver-memory 1g --total-executor-cores 2 /opt/hadoop/wwong/eric_umts/kpi_parser_eric.py ericsson_umts_demo/set_093 "parse_set_093" "./test" &
[2016-12-08 01:55:21] reading file: ericsson_umts_demo/set_093
[2016-12-08 01:55:24] current cores used: 6/20
[2016-12-08 01:55:24] Task parse_set_094 start...
[2016-12-08 01:55:24] spark-submit --master spark://master:7077 --executor-memory 1g --driver-memory 1g --total-executor-cores 2 /opt/hadoop/wwong/eric_umts/kpi_parser_eric.py ericsson_umts_demo/set_094 "parse_set_094" "./test" &
[2016-12-08 01:55:27] finish reading file: ericsson_umts_demo/set_093
[2016-12-08 01:55:34] reading file: ericsson_umts_demo/set_094
[2016-12-08 01:55:36] current cores used: 8/20
[2016-12-08 01:55:36] reached max num of job (4/4), retry again in 2 min
[2016-12-08 01:55:40] finish reading file: ericsson_umts_demo/set_094
[2016-12-08 01:56:51] start writing file: ./test/set_093.txt
[2016-12-08 01:56:51] finish writing file: ./test/set_091.txt
[2016-12-08 01:57:01] start writing file: ./test/set_094.txt
[2016-12-08 01:57:15] finish writing file: ./test/set_092.txt
[2016-12-08 01:57:36] current cores used: 4/20
[2016-12-08 01:57:36] Task parse_set_095 start...
[2016-12-08 01:57:36] spark-submit --master spark://master:7077 --executor-memory 1g --driver-memory 1g --total-executor-cores 2 /opt/hadoop/wwong/eric_umts/kpi_parser_eric.py ericsson_umts_demo/set_095 "parse_set_095" "./test" &
[2016-12-08 01:57:46] reading file: ericsson_umts_demo/set_095
[2016-12-08 01:57:48] current cores used: 6/20
[2016-12-08 01:57:48] Task parse_set_096 start...
[2016-12-08 01:57:48] spark-submit --master spark://master:7077 --executor-memory 1g --driver-memory 1g --total-executor-cores 2 /opt/hadoop/wwong/eric_umts/kpi_parser_eric.py ericsson_umts_demo/set_096 "parse_set_096" "./test" &
[2016-12-08 01:57:52] finish reading file: ericsson_umts_demo/set_095
[2016-12-08 01:57:58] reading file: ericsson_umts_demo/set_096
[2016-12-08 01:58:00] current cores used: 8/20
[2016-12-08 01:58:00] reached max num of job (4/4), retry again in 2 min
[2016-12-08 01:58:05] finish reading file: ericsson_umts_demo/set_096
[2016-12-08 01:59:22] start writing file: ./test/set_095.txt
[2016-12-08 01:59:26] finish writing file: ./test/set_093.txt
[2016-12-08 01:59:31] start writing file: ./test/set_096.txt
[2016-12-08 01:59:53] finish writing file: ./test/set_094.txt
[2016-12-08 02:00:00] current cores used: 4/20
[2016-12-08 02:00:00] Task parse_set_097 start...
[2016-12-08 02:00:00] spark-submit --master spark://master:7077 --executor-memory 1g --driver-memory 1g --total-executor-cores 2 /opt/hadoop/wwong/eric_umts/kpi_parser_eric.py ericsson_umts_demo/set_097 "parse_set_097" "./test" &
[2016-12-08 02:00:09] reading file: ericsson_umts_demo/set_097
[2016-12-08 02:00:12] current cores used: 6/20
[2016-12-08 02:00:12] Task parse_set_098 start...
[2016-12-08 02:00:12] spark-submit --master spark://master:7077 --executor-memory 1g --driver-memory 1g --total-executor-cores 2 /opt/hadoop/wwong/eric_umts/kpi_parser_eric.py ericsson_umts_demo/set_098 "parse_set_098" "./test" &
[2016-12-08 02:00:16] finish reading file: ericsson_umts_demo/set_097
[2016-12-08 02:00:25] current cores used: 8/20
[2016-12-08 02:00:25] reached max num of job (4/4), retry again in 2 min
[2016-12-08 02:00:26] reading file: ericsson_umts_demo/set_098
[2016-12-08 02:00:32] finish reading file: ericsson_umts_demo/set_098
[2016-12-08 02:01:48] start writing file: ./test/set_097.txt
[2016-12-08 02:01:48] start writing file: ./test/set_098.txt
[2016-12-08 02:02:25] current cores used: 8/20
[2016-12-08 02:02:25] reached max num of job (4/4), retry again in 2 min
[2016-12-08 02:02:49] finish writing file: ./test/set_095.txt
[2016-12-08 02:02:53] finish writing file: ./test/set_096.txt
[2016-12-08 02:04:25] current cores used: 4/20
[2016-12-08 02:04:25] Task parse_set_099 start...
[2016-12-08 02:04:25] spark-submit --master spark://master:7077 --executor-memory 1g --driver-memory 1g --total-executor-cores 2 /opt/hadoop/wwong/eric_umts/kpi_parser_eric.py ericsson_umts_demo/set_099 "parse_set_099" "./test" &
[2016-12-08 02:04:25] finish writing file: ./test/set_097.txt
[2016-12-08 02:04:33] reading file: ericsson_umts_demo/set_099
[2016-12-08 02:04:37] current cores used: 4/20
[2016-12-08 02:04:37] Task parse_set_100 start...
[2016-12-08 02:04:37] spark-submit --master spark://master:7077 --executor-memory 1g --driver-memory 1g --total-executor-cores 2 /opt/hadoop/wwong/eric_umts/kpi_parser_eric.py ericsson_umts_demo/set_100 "parse_set_100" "./test" &
[2016-12-08 02:04:39] finish reading file: ericsson_umts_demo/set_099
[2016-12-08 02:04:40] finish writing file: ./test/set_098.txt
[2016-12-08 02:04:46] reading file: ericsson_umts_demo/set_100
[2016-12-08 02:04:49] multi process ended
[2016-12-08 02:04:53] finish reading file: ericsson_umts_demo/set_100
[2016-12-08 02:06:02] start writing file: ./test/set_099.txt
[2016-12-08 02:06:13] start writing file: ./test/set_100.txt
[2016-12-08 02:08:40] finish writing file: ./test/set_100.txt
[2016-12-08 02:08:46] finish writing file: ./test/set_099.txt
