[2016-12-08 12:49:44] multi process started
[2016-12-08 12:49:44] current cores used: 0/20
[2016-12-08 12:49:44] Task parse_set_101 start...
[2016-12-08 12:49:44] spark-submit --master spark://master:7077 --executor-memory 1g --driver-memory 512m --total-executor-cores 2 /opt/hadoop/wwong/eric_umts/kpi_parser_eric.py ericsson_umts_demo/set_101 "parse_set_101" "./test" &
[2016-12-08 12:49:53] reading file: ericsson_umts_demo/set_101
[2016-12-08 12:49:56] current cores used: 2/20
[2016-12-08 12:49:56] Task parse_set_102 start...
[2016-12-08 12:49:56] spark-submit --master spark://master:7077 --executor-memory 1g --driver-memory 512m --total-executor-cores 2 /opt/hadoop/wwong/eric_umts/kpi_parser_eric.py ericsson_umts_demo/set_102 "parse_set_102" "./test" &
[2016-12-08 12:49:59] finish reading file: ericsson_umts_demo/set_101
[2016-12-08 12:50:05] reading file: ericsson_umts_demo/set_102
[2016-12-08 12:50:08] current cores used: 4/20
[2016-12-08 12:50:08] Task parse_set_103 start...
[2016-12-08 12:50:08] spark-submit --master spark://master:7077 --executor-memory 1g --driver-memory 512m --total-executor-cores 2 /opt/hadoop/wwong/eric_umts/kpi_parser_eric.py ericsson_umts_demo/set_103 "parse_set_103" "./test" &
[2016-12-08 12:50:12] finish reading file: ericsson_umts_demo/set_102
[2016-12-08 12:50:17] reading file: ericsson_umts_demo/set_103
[2016-12-08 12:50:20] current cores used: 6/20
[2016-12-08 12:50:20] Task parse_set_104 start...
[2016-12-08 12:50:20] spark-submit --master spark://master:7077 --executor-memory 1g --driver-memory 512m --total-executor-cores 2 /opt/hadoop/wwong/eric_umts/kpi_parser_eric.py ericsson_umts_demo/set_104 "parse_set_104" "./test" &
[2016-12-08 12:50:32] reading file: ericsson_umts_demo/set_104
[2016-12-08 12:50:32] current cores used: 8/20
[2016-12-08 12:50:32] reached max num of job (4/4), retry again in 2 min
[2016-12-08 12:50:35] finish reading file: ericsson_umts_demo/set_103
[2016-12-08 12:50:39] finish reading file: ericsson_umts_demo/set_104
[2016-12-08 12:50:41] start writing file: ./test/set_102.txt
[2016-12-08 12:51:06] start writing file: ./test/set_104.txt
[2016-12-08 12:51:20] start writing file: ./test/set_101.txt
[2016-12-08 12:52:04] start writing file: ./test/set_103.txt
[2016-12-08 12:52:32] current cores used: 8/20
[2016-12-08 12:52:32] reached max num of job (4/4), retry again in 2 min
[2016-12-08 12:54:14] finish writing file: ./test/set_101.txt
[2016-12-08 12:54:23] finish writing file: ./test/set_104.txt
[2016-12-08 12:54:32] current cores used: 4/20
[2016-12-08 12:54:32] Task parse_set_105 start...
[2016-12-08 12:54:32] spark-submit --master spark://master:7077 --executor-memory 1g --driver-memory 512m --total-executor-cores 2 /opt/hadoop/wwong/eric_umts/kpi_parser_eric.py ericsson_umts_demo/set_105 "parse_set_105" "./test" &
[2016-12-08 12:54:39] finish writing file: ./test/set_102.txt
[2016-12-08 12:54:42] reading file: ericsson_umts_demo/set_105
[2016-12-08 12:54:45] current cores used: 4/20
[2016-12-08 12:54:45] Task parse_set_106 start...
[2016-12-08 12:54:45] spark-submit --master spark://master:7077 --executor-memory 1g --driver-memory 512m --total-executor-cores 2 /opt/hadoop/wwong/eric_umts/kpi_parser_eric.py ericsson_umts_demo/set_106 "parse_set_106" "./test" &
[2016-12-08 12:54:46] finish reading file: ericsson_umts_demo/set_105
[2016-12-08 12:54:53] reading file: ericsson_umts_demo/set_106
[2016-12-08 12:54:54] finish writing file: ./test/set_103.txt
[2016-12-08 12:54:57] current cores used: 4/20
[2016-12-08 12:54:57] Task parse_set_107 start...
[2016-12-08 12:54:57] spark-submit --master spark://master:7077 --executor-memory 1g --driver-memory 512m --total-executor-cores 2 /opt/hadoop/wwong/eric_umts/kpi_parser_eric.py ericsson_umts_demo/set_107 "parse_set_107" "./test" &
[2016-12-08 12:54:59] finish reading file: ericsson_umts_demo/set_106
[2016-12-08 12:55:06] reading file: ericsson_umts_demo/set_107
[2016-12-08 12:55:09] current cores used: 6/20
[2016-12-08 12:55:09] Task parse_set_108 start...
[2016-12-08 12:55:09] spark-submit --master spark://master:7077 --executor-memory 1g --driver-memory 512m --total-executor-cores 2 /opt/hadoop/wwong/eric_umts/kpi_parser_eric.py ericsson_umts_demo/set_108 "parse_set_108" "./test" &
[2016-12-08 12:55:16] start writing file: ./test/set_105.txt
[2016-12-08 12:55:17] finish reading file: ericsson_umts_demo/set_107
[2016-12-08 12:55:21] current cores used: 8/20
[2016-12-08 12:55:21] reached max num of job (4/4), retry again in 2 min
[2016-12-08 12:55:22] reading file: ericsson_umts_demo/set_108
[2016-12-08 12:55:29] finish reading file: ericsson_umts_demo/set_108
[2016-12-08 12:55:53] start writing file: ./test/set_108.txt
[2016-12-08 12:56:25] start writing file: ./test/set_106.txt
[2016-12-08 12:56:39] start writing file: ./test/set_107.txt
[2016-12-08 12:57:21] current cores used: 8/20
[2016-12-08 12:57:21] reached max num of job (4/4), retry again in 2 min
[2016-12-08 12:58:30] finish writing file: ./test/set_105.txt
[2016-12-08 12:58:40] finish writing file: ./test/set_108.txt
[2016-12-08 12:59:21] current cores used: 4/20
[2016-12-08 12:59:21] Task parse_set_109 start...
[2016-12-08 12:59:21] spark-submit --master spark://master:7077 --executor-memory 1g --driver-memory 512m --total-executor-cores 2 /opt/hadoop/wwong/eric_umts/kpi_parser_eric.py ericsson_umts_demo/set_109 "parse_set_109" "./test" &
[2016-12-08 12:59:27] finish writing file: ./test/set_107.txt
[2016-12-08 12:59:30] reading file: ericsson_umts_demo/set_109
[2016-12-08 12:59:30] finish writing file: ./test/set_106.txt
[2016-12-08 12:59:33] current cores used: 2/20
[2016-12-08 12:59:33] Task parse_set_110 start...
[2016-12-08 12:59:33] spark-submit --master spark://master:7077 --executor-memory 1g --driver-memory 512m --total-executor-cores 2 /opt/hadoop/wwong/eric_umts/kpi_parser_eric.py ericsson_umts_demo/set_110 "parse_set_110" "./test" &
[2016-12-08 12:59:35] finish reading file: ericsson_umts_demo/set_109
[2016-12-08 12:59:41] reading file: ericsson_umts_demo/set_110
[2016-12-08 12:59:45] current cores used: 4/20
[2016-12-08 12:59:45] Task parse_set_111 start...
[2016-12-08 12:59:45] spark-submit --master spark://master:7077 --executor-memory 1g --driver-memory 512m --total-executor-cores 2 /opt/hadoop/wwong/eric_umts/kpi_parser_eric.py ericsson_umts_demo/set_111 "parse_set_111" "./test" &
[2016-12-08 12:59:46] finish reading file: ericsson_umts_demo/set_110
[2016-12-08 12:59:57] reading file: ericsson_umts_demo/set_111
[2016-12-08 12:59:57] current cores used: 6/20
[2016-12-08 12:59:57] Task parse_set_112 start...
[2016-12-08 12:59:57] spark-submit --master spark://master:7077 --executor-memory 1g --driver-memory 512m --total-executor-cores 2 /opt/hadoop/wwong/eric_umts/kpi_parser_eric.py ericsson_umts_demo/set_112 "parse_set_112" "./test" &
[2016-12-08 13:00:04] start writing file: ./test/set_109.txt
[2016-12-08 13:00:07] finish reading file: ericsson_umts_demo/set_111
[2016-12-08 13:00:09] current cores used: 8/20
[2016-12-08 13:00:09] reached max num of job (4/4), retry again in 2 min
[2016-12-08 13:00:11] reading file: ericsson_umts_demo/set_112
[2016-12-08 13:00:15] finish reading file: ericsson_umts_demo/set_112
[2016-12-08 13:00:42] start writing file: ./test/set_112.txt
[2016-12-08 13:01:21] start writing file: ./test/set_110.txt
[2016-12-08 13:01:34] start writing file: ./test/set_111.txt
[2016-12-08 13:02:10] current cores used: 8/20
[2016-12-08 13:02:10] reached max num of job (4/4), retry again in 2 min
[2016-12-08 13:03:35] finish writing file: ./test/set_109.txt
[2016-12-08 13:04:10] current cores used: 6/20
[2016-12-08 13:04:10] Task parse_set_113 start...
[2016-12-08 13:04:10] spark-submit --master spark://master:7077 --executor-memory 1g --driver-memory 512m --total-executor-cores 2 /opt/hadoop/wwong/eric_umts/kpi_parser_eric.py ericsson_umts_demo/set_113 "parse_set_113" "./test" &
[2016-12-08 13:04:16] finish writing file: ./test/set_111.txt
[2016-12-08 13:04:19] reading file: ericsson_umts_demo/set_113
[2016-12-08 13:04:22] finish writing file: ./test/set_112.txt
[2016-12-08 13:04:22] current cores used: 6/20
[2016-12-08 13:04:22] Task parse_set_114 start...
[2016-12-08 13:04:22] spark-submit --master spark://master:7077 --executor-memory 1g --driver-memory 512m --total-executor-cores 2 /opt/hadoop/wwong/eric_umts/kpi_parser_eric.py ericsson_umts_demo/set_114 "parse_set_114" "./test" &
[2016-12-08 13:04:27] finish writing file: ./test/set_110.txt
[2016-12-08 13:04:30] finish reading file: ericsson_umts_demo/set_113
[2016-12-08 13:04:32] reading file: ericsson_umts_demo/set_114
[2016-12-08 13:04:34] current cores used: 4/20
[2016-12-08 13:04:34] Task parse_set_115 start...
[2016-12-08 13:04:34] spark-submit --master spark://master:7077 --executor-memory 1g --driver-memory 512m --total-executor-cores 2 /opt/hadoop/wwong/eric_umts/kpi_parser_eric.py ericsson_umts_demo/set_115 "parse_set_115" "./test" &
[2016-12-08 13:04:38] finish reading file: ericsson_umts_demo/set_114
[2016-12-08 13:04:43] reading file: ericsson_umts_demo/set_115
[2016-12-08 13:04:46] current cores used: 6/20
[2016-12-08 13:04:46] Task parse_set_116 start...
[2016-12-08 13:04:46] spark-submit --master spark://master:7077 --executor-memory 1g --driver-memory 512m --total-executor-cores 2 /opt/hadoop/wwong/eric_umts/kpi_parser_eric.py ericsson_umts_demo/set_116 "parse_set_116" "./test" &
[2016-12-08 13:04:49] finish reading file: ericsson_umts_demo/set_115
[2016-12-08 13:04:55] reading file: ericsson_umts_demo/set_116
[2016-12-08 13:04:58] current cores used: 8/20
[2016-12-08 13:04:58] reached max num of job (4/4), retry again in 2 min
[2016-12-08 13:05:01] finish reading file: ericsson_umts_demo/set_116
[2016-12-08 13:05:13] start writing file: ./test/set_114.txt
[2016-12-08 13:05:29] start writing file: ./test/set_116.txt
[2016-12-08 13:05:54] start writing file: ./test/set_113.txt
[2016-12-08 13:06:18] start writing file: ./test/set_115.txt
[2016-12-08 13:06:58] current cores used: 8/20
[2016-12-08 13:06:58] reached max num of job (4/4), retry again in 2 min
[2016-12-08 13:08:04] finish writing file: ./test/set_114.txt
[2016-12-08 13:08:40] finish writing file: ./test/set_116.txt
[2016-12-08 13:08:58] current cores used: 4/20
[2016-12-08 13:08:58] Task parse_set_117 start...
[2016-12-08 13:08:58] spark-submit --master spark://master:7077 --executor-memory 1g --driver-memory 512m --total-executor-cores 2 /opt/hadoop/wwong/eric_umts/kpi_parser_eric.py ericsson_umts_demo/set_117 "parse_set_117" "./test" &
[2016-12-08 13:09:08] reading file: ericsson_umts_demo/set_117
[2016-12-08 13:09:11] current cores used: 6/20
[2016-12-08 13:09:11] Task parse_set_118 start...
[2016-12-08 13:09:11] spark-submit --master spark://master:7077 --executor-memory 1g --driver-memory 512m --total-executor-cores 2 /opt/hadoop/wwong/eric_umts/kpi_parser_eric.py ericsson_umts_demo/set_118 "parse_set_118" "./test" &
[2016-12-08 13:09:13] finish reading file: ericsson_umts_demo/set_117
[2016-12-08 13:09:20] reading file: ericsson_umts_demo/set_118
[2016-12-08 13:09:23] current cores used: 8/20
[2016-12-08 13:09:23] reached max num of job (4/4), retry again in 2 min
[2016-12-08 13:09:23] finish writing file: ./test/set_113.txt
[2016-12-08 13:09:28] finish reading file: ericsson_umts_demo/set_118
[2016-12-08 13:09:36] finish writing file: ./test/set_115.txt
[2016-12-08 13:09:47] start writing file: ./test/set_117.txt
[2016-12-08 13:09:57] start writing file: ./test/set_118.txt
[2016-12-08 13:11:23] current cores used: 4/20
[2016-12-08 13:11:23] Task parse_set_119 start...
[2016-12-08 13:11:23] spark-submit --master spark://master:7077 --executor-memory 1g --driver-memory 512m --total-executor-cores 2 /opt/hadoop/wwong/eric_umts/kpi_parser_eric.py ericsson_umts_demo/set_119 "parse_set_119" "./test" &
[2016-12-08 13:11:32] reading file: ericsson_umts_demo/set_119
[2016-12-08 13:11:35] current cores used: 6/20
[2016-12-08 13:11:35] Task parse_set_120 start...
[2016-12-08 13:11:35] spark-submit --master spark://master:7077 --executor-memory 1g --driver-memory 512m --total-executor-cores 2 /opt/hadoop/wwong/eric_umts/kpi_parser_eric.py ericsson_umts_demo/set_120 "parse_set_120" "./test" &
[2016-12-08 13:11:37] finish reading file: ericsson_umts_demo/set_119
[2016-12-08 13:11:47] current cores used: 8/20
[2016-12-08 13:11:47] reached max num of job (4/4), retry again in 2 min
[2016-12-08 13:11:48] reading file: ericsson_umts_demo/set_120
[2016-12-08 13:11:53] finish writing file: ./test/set_117.txt
[2016-12-08 13:11:57] finish reading file: ericsson_umts_demo/set_120
[2016-12-08 13:12:24] finish writing file: ./test/set_118.txt
[2016-12-08 13:13:00] start writing file: ./test/set_119.txt
[2016-12-08 13:13:21] start writing file: ./test/set_120.txt
[2016-12-08 13:13:47] current cores used: 4/20
[2016-12-08 13:13:47] Task parse_set_121 start...
[2016-12-08 13:13:47] spark-submit --master spark://master:7077 --executor-memory 1g --driver-memory 512m --total-executor-cores 2 /opt/hadoop/wwong/eric_umts/kpi_parser_eric.py ericsson_umts_demo/set_121 "parse_set_121" "./test" &
[2016-12-08 13:13:57] reading file: ericsson_umts_demo/set_121
[2016-12-08 13:13:59] current cores used: 6/20
[2016-12-08 13:13:59] Task parse_set_122 start...
[2016-12-08 13:13:59] spark-submit --master spark://master:7077 --executor-memory 1g --driver-memory 512m --total-executor-cores 2 /opt/hadoop/wwong/eric_umts/kpi_parser_eric.py ericsson_umts_demo/set_122 "parse_set_122" "./test" &
[2016-12-08 13:14:02] finish reading file: ericsson_umts_demo/set_121
[2016-12-08 13:14:08] reading file: ericsson_umts_demo/set_122
[2016-12-08 13:14:11] current cores used: 8/20
[2016-12-08 13:14:11] reached max num of job (4/4), retry again in 2 min
[2016-12-08 13:14:16] finish reading file: ericsson_umts_demo/set_122
[2016-12-08 13:14:32] start writing file: ./test/set_121.txt
[2016-12-08 13:14:45] start writing file: ./test/set_122.txt
[2016-12-08 13:15:48] finish writing file: ./test/set_119.txt
[2016-12-08 13:16:11] current cores used: 6/20
[2016-12-08 13:16:11] Task parse_set_123 start...
[2016-12-08 13:16:11] spark-submit --master spark://master:7077 --executor-memory 1g --driver-memory 512m --total-executor-cores 2 /opt/hadoop/wwong/eric_umts/kpi_parser_eric.py ericsson_umts_demo/set_123 "parse_set_123" "./test" &
[2016-12-08 13:16:12] finish writing file: ./test/set_120.txt
[2016-12-08 13:16:20] reading file: ericsson_umts_demo/set_123
[2016-12-08 13:16:23] current cores used: 6/20
[2016-12-08 13:16:23] Task parse_set_124 start...
[2016-12-08 13:16:23] spark-submit --master spark://master:7077 --executor-memory 1g --driver-memory 512m --total-executor-cores 2 /opt/hadoop/wwong/eric_umts/kpi_parser_eric.py ericsson_umts_demo/set_124 "parse_set_124" "./test" &
[2016-12-08 13:16:26] finish reading file: ericsson_umts_demo/set_123
[2016-12-08 13:16:34] reading file: ericsson_umts_demo/set_124
[2016-12-08 13:16:36] current cores used: 8/20
[2016-12-08 13:16:36] reached max num of job (4/4), retry again in 2 min
[2016-12-08 13:16:45] finish reading file: ericsson_umts_demo/set_124
[2016-12-08 13:17:23] finish writing file: ./test/set_121.txt
[2016-12-08 13:17:43] start writing file: ./test/set_123.txt
[2016-12-08 13:17:44] finish writing file: ./test/set_122.txt
[2016-12-08 13:18:23] start writing file: ./test/set_124.txt
[2016-12-08 13:18:36] current cores used: 4/20
[2016-12-08 13:18:36] Task parse_set_125 start...
[2016-12-08 13:18:36] spark-submit --master spark://master:7077 --executor-memory 1g --driver-memory 512m --total-executor-cores 2 /opt/hadoop/wwong/eric_umts/kpi_parser_eric.py ericsson_umts_demo/set_125 "parse_set_125" "./test" &
[2016-12-08 13:18:45] reading file: ericsson_umts_demo/set_125
[2016-12-08 13:18:48] current cores used: 6/20
[2016-12-08 13:18:48] Task parse_set_126 start...
[2016-12-08 13:18:48] spark-submit --master spark://master:7077 --executor-memory 1g --driver-memory 512m --total-executor-cores 2 /opt/hadoop/wwong/eric_umts/kpi_parser_eric.py ericsson_umts_demo/set_126 "parse_set_126" "./test" &
[2016-12-08 13:18:51] finish reading file: ericsson_umts_demo/set_125
[2016-12-08 13:19:00] current cores used: 8/20
[2016-12-08 13:19:00] reached max num of job (4/4), retry again in 2 min
[2016-12-08 13:19:00] reading file: ericsson_umts_demo/set_126
[2016-12-08 13:19:06] finish reading file: ericsson_umts_demo/set_126
[2016-12-08 13:19:21] start writing file: ./test/set_125.txt
[2016-12-08 13:19:34] start writing file: ./test/set_126.txt
[2016-12-08 13:20:25] finish writing file: ./test/set_123.txt
[2016-12-08 13:21:00] current cores used: 6/20
[2016-12-08 13:21:00] Task parse_set_127 start...
[2016-12-08 13:21:00] spark-submit --master spark://master:7077 --executor-memory 1g --driver-memory 512m --total-executor-cores 2 /opt/hadoop/wwong/eric_umts/kpi_parser_eric.py ericsson_umts_demo/set_127 "parse_set_127" "./test" &
[2016-12-08 13:21:10] reading file: ericsson_umts_demo/set_127
[2016-12-08 13:21:12] current cores used: 8/20
[2016-12-08 13:21:12] reached max num of job (4/4), retry again in 2 min
[2016-12-08 13:21:16] finish reading file: ericsson_umts_demo/set_127
[2016-12-08 13:21:30] finish writing file: ./test/set_124.txt
[2016-12-08 13:21:53] finish writing file: ./test/set_125.txt
[2016-12-08 13:22:09] finish writing file: ./test/set_126.txt
[2016-12-08 13:22:34] start writing file: ./test/set_127.txt
[2016-12-08 13:23:12] current cores used: 2/20
[2016-12-08 13:23:12] Task parse_set_128 start...
[2016-12-08 13:23:12] spark-submit --master spark://master:7077 --executor-memory 1g --driver-memory 512m --total-executor-cores 2 /opt/hadoop/wwong/eric_umts/kpi_parser_eric.py ericsson_umts_demo/set_128 "parse_set_128" "./test" &
[2016-12-08 13:23:21] reading file: ericsson_umts_demo/set_128
[2016-12-08 13:23:24] current cores used: 4/20
[2016-12-08 13:23:24] Task parse_set_129 start...
[2016-12-08 13:23:24] spark-submit --master spark://master:7077 --executor-memory 1g --driver-memory 512m --total-executor-cores 2 /opt/hadoop/wwong/eric_umts/kpi_parser_eric.py ericsson_umts_demo/set_129 "parse_set_129" "./test" &
[2016-12-08 13:23:27] finish reading file: ericsson_umts_demo/set_128
[2016-12-08 13:23:33] reading file: ericsson_umts_demo/set_129
[2016-12-08 13:23:36] current cores used: 6/20
[2016-12-08 13:23:36] Task parse_set_130 start...
[2016-12-08 13:23:36] spark-submit --master spark://master:7077 --executor-memory 1g --driver-memory 512m --total-executor-cores 2 /opt/hadoop/wwong/eric_umts/kpi_parser_eric.py ericsson_umts_demo/set_130 "parse_set_130" "./test" &
[2016-12-08 13:23:44] finish reading file: ericsson_umts_demo/set_129
[2016-12-08 13:23:48] reading file: ericsson_umts_demo/set_130
[2016-12-08 13:23:48] current cores used: 8/20
[2016-12-08 13:23:48] reached max num of job (4/4), retry again in 2 min
[2016-12-08 13:23:54] finish reading file: ericsson_umts_demo/set_130
[2016-12-08 13:23:55] start writing file: ./test/set_128.txt
[2016-12-08 13:24:19] start writing file: ./test/set_130.txt
[2016-12-08 13:25:16] start writing file: ./test/set_129.txt
[2016-12-08 13:25:28] finish writing file: ./test/set_127.txt
[2016-12-08 13:25:49] current cores used: 6/20
[2016-12-08 13:25:49] Task parse_set_131 start...
[2016-12-08 13:25:49] spark-submit --master spark://master:7077 --executor-memory 1g --driver-memory 512m --total-executor-cores 2 /opt/hadoop/wwong/eric_umts/kpi_parser_eric.py ericsson_umts_demo/set_131 "parse_set_131" "./test" &
[2016-12-08 13:25:58] reading file: ericsson_umts_demo/set_131
[2016-12-08 13:26:01] current cores used: 8/20
[2016-12-08 13:26:01] reached max num of job (4/4), retry again in 2 min
[2016-12-08 13:26:07] finish reading file: ericsson_umts_demo/set_131
[2016-12-08 13:27:14] finish writing file: ./test/set_128.txt
[2016-12-08 13:27:34] start writing file: ./test/set_131.txt
[2016-12-08 13:27:48] finish writing file: ./test/set_130.txt
[2016-12-08 13:27:55] finish writing file: ./test/set_129.txt
[2016-12-08 13:28:01] current cores used: 2/20
[2016-12-08 13:28:01] Task parse_set_132 start...
[2016-12-08 13:28:01] spark-submit --master spark://master:7077 --executor-memory 1g --driver-memory 512m --total-executor-cores 2 /opt/hadoop/wwong/eric_umts/kpi_parser_eric.py ericsson_umts_demo/set_132 "parse_set_132" "./test" &
[2016-12-08 13:28:10] reading file: ericsson_umts_demo/set_132
[2016-12-08 13:28:13] current cores used: 4/20
[2016-12-08 13:28:13] Task parse_set_133 start...
[2016-12-08 13:28:13] spark-submit --master spark://master:7077 --executor-memory 1g --driver-memory 512m --total-executor-cores 2 /opt/hadoop/wwong/eric_umts/kpi_parser_eric.py ericsson_umts_demo/set_133 "parse_set_133" "./test" &
[2016-12-08 13:28:15] finish reading file: ericsson_umts_demo/set_132
[2016-12-08 13:28:23] reading file: ericsson_umts_demo/set_133
[2016-12-08 13:28:25] current cores used: 6/20
[2016-12-08 13:28:25] Task parse_set_134 start...
[2016-12-08 13:28:25] spark-submit --master spark://master:7077 --executor-memory 1g --driver-memory 512m --total-executor-cores 2 /opt/hadoop/wwong/eric_umts/kpi_parser_eric.py ericsson_umts_demo/set_134 "parse_set_134" "./test" &
[2016-12-08 13:28:34] finish reading file: ericsson_umts_demo/set_133
[2016-12-08 13:28:37] reading file: ericsson_umts_demo/set_134
[2016-12-08 13:28:37] current cores used: 8/20
[2016-12-08 13:28:37] reached max num of job (4/4), retry again in 2 min
[2016-12-08 13:28:40] start writing file: ./test/set_132.txt
[2016-12-08 13:28:44] finish reading file: ericsson_umts_demo/set_134
[2016-12-08 13:29:10] start writing file: ./test/set_134.txt
[2016-12-08 13:29:51] start writing file: ./test/set_133.txt
[2016-12-08 13:30:35] finish writing file: ./test/set_131.txt
[2016-12-08 13:30:37] current cores used: 6/20
[2016-12-08 13:30:37] Task parse_set_135 start...
[2016-12-08 13:30:37] spark-submit --master spark://master:7077 --executor-memory 1g --driver-memory 512m --total-executor-cores 2 /opt/hadoop/wwong/eric_umts/kpi_parser_eric.py ericsson_umts_demo/set_135 "parse_set_135" "./test" &
[2016-12-08 13:30:47] reading file: ericsson_umts_demo/set_135
[2016-12-08 13:30:49] current cores used: 8/20
[2016-12-08 13:30:49] reached max num of job (4/4), retry again in 2 min
[2016-12-08 13:30:54] finish reading file: ericsson_umts_demo/set_135
[2016-12-08 13:31:30] finish writing file: ./test/set_132.txt
[2016-12-08 13:32:24] start writing file: ./test/set_135.txt
[2016-12-08 13:32:34] finish writing file: ./test/set_133.txt
[2016-12-08 13:32:47] finish writing file: ./test/set_134.txt
[2016-12-08 13:32:50] current cores used: 2/20
[2016-12-08 13:32:50] Task parse_set_136 start...
[2016-12-08 13:32:50] spark-submit --master spark://master:7077 --executor-memory 1g --driver-memory 512m --total-executor-cores 2 /opt/hadoop/wwong/eric_umts/kpi_parser_eric.py ericsson_umts_demo/set_136 "parse_set_136" "./test" &
[2016-12-08 13:33:00] reading file: ericsson_umts_demo/set_136
[2016-12-08 13:33:02] current cores used: 4/20
[2016-12-08 13:33:02] Task parse_set_137 start...
[2016-12-08 13:33:02] spark-submit --master spark://master:7077 --executor-memory 1g --driver-memory 512m --total-executor-cores 2 /opt/hadoop/wwong/eric_umts/kpi_parser_eric.py ericsson_umts_demo/set_137 "parse_set_137" "./test" &
[2016-12-08 13:33:03] finish reading file: ericsson_umts_demo/set_136
[2016-12-08 13:33:11] reading file: ericsson_umts_demo/set_137
[2016-12-08 13:33:15] current cores used: 6/20
[2016-12-08 13:33:15] Task parse_set_138 start...
[2016-12-08 13:33:15] spark-submit --master spark://master:7077 --executor-memory 1g --driver-memory 512m --total-executor-cores 2 /opt/hadoop/wwong/eric_umts/kpi_parser_eric.py ericsson_umts_demo/set_138 "parse_set_138" "./test" &
[2016-12-08 13:33:20] finish reading file: ericsson_umts_demo/set_137
[2016-12-08 13:33:25] reading file: ericsson_umts_demo/set_138
[2016-12-08 13:33:27] current cores used: 8/20
[2016-12-08 13:33:27] reached max num of job (4/4), retry again in 2 min
[2016-12-08 13:33:30] start writing file: ./test/set_136.txt
[2016-12-08 13:33:31] finish reading file: ericsson_umts_demo/set_138
[2016-12-08 13:33:55] start writing file: ./test/set_138.txt
[2016-12-08 13:34:45] start writing file: ./test/set_137.txt
[2016-12-08 13:35:27] current cores used: 8/20
[2016-12-08 13:35:27] reached max num of job (4/4), retry again in 2 min
[2016-12-08 13:35:33] finish writing file: ./test/set_135.txt
[2016-12-08 13:36:40] finish writing file: ./test/set_136.txt
[2016-12-08 13:37:06] finish writing file: ./test/set_138.txt
[2016-12-08 13:37:27] current cores used: 2/20
[2016-12-08 13:37:27] Task parse_set_139 start...
[2016-12-08 13:37:27] spark-submit --master spark://master:7077 --executor-memory 1g --driver-memory 512m --total-executor-cores 2 /opt/hadoop/wwong/eric_umts/kpi_parser_eric.py ericsson_umts_demo/set_139 "parse_set_139" "./test" &
[2016-12-08 13:37:35] reading file: ericsson_umts_demo/set_139
[2016-12-08 13:37:39] current cores used: 4/20
[2016-12-08 13:37:39] Task parse_set_140 start...
[2016-12-08 13:37:39] spark-submit --master spark://master:7077 --executor-memory 1g --driver-memory 512m --total-executor-cores 2 /opt/hadoop/wwong/eric_umts/kpi_parser_eric.py ericsson_umts_demo/set_140 "parse_set_140" "./test" &
[2016-12-08 13:37:41] finish reading file: ericsson_umts_demo/set_139
[2016-12-08 13:37:48] reading file: ericsson_umts_demo/set_140
[2016-12-08 13:37:51] current cores used: 6/20
[2016-12-08 13:37:51] Task parse_set_141 start...
[2016-12-08 13:37:51] spark-submit --master spark://master:7077 --executor-memory 1g --driver-memory 512m --total-executor-cores 2 /opt/hadoop/wwong/eric_umts/kpi_parser_eric.py ericsson_umts_demo/set_141 "parse_set_141" "./test" &
[2016-12-08 13:37:55] finish reading file: ericsson_umts_demo/set_140
[2016-12-08 13:38:03] reading file: ericsson_umts_demo/set_141
[2016-12-08 13:38:03] current cores used: 8/20
[2016-12-08 13:38:03] reached max num of job (4/4), retry again in 2 min
[2016-12-08 13:38:04] finish writing file: ./test/set_137.txt
[2016-12-08 13:38:09] finish reading file: ericsson_umts_demo/set_141
[2016-12-08 13:38:14] start writing file: ./test/set_139.txt
[2016-12-08 13:38:37] start writing file: ./test/set_141.txt
[2016-12-08 13:39:09] start writing file: ./test/set_140.txt
[2016-12-08 13:40:03] current cores used: 6/20
[2016-12-08 13:40:03] Task parse_set_142 start...
[2016-12-08 13:40:03] spark-submit --master spark://master:7077 --executor-memory 1g --driver-memory 512m --total-executor-cores 2 /opt/hadoop/wwong/eric_umts/kpi_parser_eric.py ericsson_umts_demo/set_142 "parse_set_142" "./test" &
[2016-12-08 13:40:12] reading file: ericsson_umts_demo/set_142
[2016-12-08 13:40:15] current cores used: 8/20
[2016-12-08 13:40:15] reached max num of job (4/4), retry again in 2 min
[2016-12-08 13:40:22] finish reading file: ericsson_umts_demo/set_142
[2016-12-08 13:41:08] finish writing file: ./test/set_139.txt
[2016-12-08 13:41:50] start writing file: ./test/set_142.txt
[2016-12-08 13:41:55] finish writing file: ./test/set_141.txt
[2016-12-08 13:42:16] current cores used: 4/20
[2016-12-08 13:42:16] Task parse_set_143 start...
[2016-12-08 13:42:16] spark-submit --master spark://master:7077 --executor-memory 1g --driver-memory 512m --total-executor-cores 2 /opt/hadoop/wwong/eric_umts/kpi_parser_eric.py ericsson_umts_demo/set_143 "parse_set_143" "./test" &
[2016-12-08 13:42:17] finish writing file: ./test/set_140.txt
[2016-12-08 13:42:24] reading file: ericsson_umts_demo/set_143
[2016-12-08 13:42:28] current cores used: 4/20
[2016-12-08 13:42:28] Task parse_set_144 start...
[2016-12-08 13:42:28] spark-submit --master spark://master:7077 --executor-memory 1g --driver-memory 512m --total-executor-cores 2 /opt/hadoop/wwong/eric_umts/kpi_parser_eric.py ericsson_umts_demo/set_144 "parse_set_144" "./test" &
[2016-12-08 13:42:29] finish reading file: ericsson_umts_demo/set_143
[2016-12-08 13:42:37] reading file: ericsson_umts_demo/set_144
[2016-12-08 13:42:40] current cores used: 6/20
[2016-12-08 13:42:40] Task parse_set_145 start...
[2016-12-08 13:42:40] spark-submit --master spark://master:7077 --executor-memory 1g --driver-memory 512m --total-executor-cores 2 /opt/hadoop/wwong/eric_umts/kpi_parser_eric.py ericsson_umts_demo/set_145 "parse_set_145" "./test" &
[2016-12-08 13:42:42] finish reading file: ericsson_umts_demo/set_144
[2016-12-08 13:42:51] reading file: ericsson_umts_demo/set_145
[2016-12-08 13:42:52] current cores used: 8/20
[2016-12-08 13:42:52] reached max num of job (4/4), retry again in 2 min
[2016-12-08 13:42:58] finish reading file: ericsson_umts_demo/set_145
[2016-12-08 13:43:02] start writing file: ./test/set_143.txt
[2016-12-08 13:43:27] start writing file: ./test/set_145.txt
[2016-12-08 13:44:04] start writing file: ./test/set_144.txt
[2016-12-08 13:44:51] finish writing file: ./test/set_142.txt
[2016-12-08 13:44:52] current cores used: 6/20
[2016-12-08 13:44:52] Task parse_set_146 start...
[2016-12-08 13:44:52] spark-submit --master spark://master:7077 --executor-memory 1g --driver-memory 512m --total-executor-cores 2 /opt/hadoop/wwong/eric_umts/kpi_parser_eric.py ericsson_umts_demo/set_146 "parse_set_146" "./test" &
[2016-12-08 13:45:02] reading file: ericsson_umts_demo/set_146
[2016-12-08 13:45:04] current cores used: 8/20
[2016-12-08 13:45:04] reached max num of job (4/4), retry again in 2 min
[2016-12-08 13:45:13] finish reading file: ericsson_umts_demo/set_146
[2016-12-08 13:46:13] finish writing file: ./test/set_143.txt
[2016-12-08 13:46:43] start writing file: ./test/set_146.txt
[2016-12-08 13:47:03] finish writing file: ./test/set_145.txt
[2016-12-08 13:47:04] current cores used: 4/20
[2016-12-08 13:47:04] Task parse_set_147 start...
[2016-12-08 13:47:04] spark-submit --master spark://master:7077 --executor-memory 1g --driver-memory 512m --total-executor-cores 2 /opt/hadoop/wwong/eric_umts/kpi_parser_eric.py ericsson_umts_demo/set_147 "parse_set_147" "./test" &
[2016-12-08 13:47:14] reading file: ericsson_umts_demo/set_147
[2016-12-08 13:47:16] current cores used: 6/20
[2016-12-08 13:47:16] Task parse_set_148 start...
[2016-12-08 13:47:16] spark-submit --master spark://master:7077 --executor-memory 1g --driver-memory 512m --total-executor-cores 2 /opt/hadoop/wwong/eric_umts/kpi_parser_eric.py ericsson_umts_demo/set_148 "parse_set_148" "./test" &
[2016-12-08 13:47:20] finish reading file: ericsson_umts_demo/set_147
[2016-12-08 13:47:25] reading file: ericsson_umts_demo/set_148
[2016-12-08 13:47:28] current cores used: 8/20
[2016-12-08 13:47:28] reached max num of job (4/4), retry again in 2 min
[2016-12-08 13:47:31] finish reading file: ericsson_umts_demo/set_148
[2016-12-08 13:47:32] finish writing file: ./test/set_144.txt
[2016-12-08 13:47:53] start writing file: ./test/set_147.txt
[2016-12-08 13:48:00] start writing file: ./test/set_148.txt
[2016-12-08 13:49:03] finish writing file: ./test/set_146.txt
[2016-12-08 13:49:28] current cores used: 4/20
[2016-12-08 13:49:28] Task parse_set_149 start...
[2016-12-08 13:49:28] spark-submit --master spark://master:7077 --executor-memory 1g --driver-memory 512m --total-executor-cores 2 /opt/hadoop/wwong/eric_umts/kpi_parser_eric.py ericsson_umts_demo/set_149 "parse_set_149" "./test" &
[2016-12-08 13:49:38] reading file: ericsson_umts_demo/set_149
[2016-12-08 13:49:41] current cores used: 6/20
[2016-12-08 13:49:41] Task parse_set_150 start...
[2016-12-08 13:49:41] spark-submit --master spark://master:7077 --executor-memory 1g --driver-memory 512m --total-executor-cores 2 /opt/hadoop/wwong/eric_umts/kpi_parser_eric.py ericsson_umts_demo/set_150 "parse_set_150" "./test" &
[2016-12-08 13:49:43] finish reading file: ericsson_umts_demo/set_149
[2016-12-08 13:49:51] reading file: ericsson_umts_demo/set_150
[2016-12-08 13:49:53] current cores used: 8/20
[2016-12-08 13:49:53] reached max num of job (4/4), retry again in 2 min
[2016-12-08 13:50:04] finish reading file: ericsson_umts_demo/set_150
[2016-12-08 13:50:26] finish writing file: ./test/set_147.txt
[2016-12-08 13:50:47] finish writing file: ./test/set_148.txt
[2016-12-08 13:51:02] start writing file: ./test/set_149.txt
[2016-12-08 13:51:28] start writing file: ./test/set_150.txt
[2016-12-08 13:51:53] current cores used: 4/20
[2016-12-08 13:51:53] Task parse_set_151 start...
[2016-12-08 13:51:53] spark-submit --master spark://master:7077 --executor-memory 1g --driver-memory 512m --total-executor-cores 2 /opt/hadoop/wwong/eric_umts/kpi_parser_eric.py ericsson_umts_demo/set_151 "parse_set_151" "./test" &
[2016-12-08 13:52:02] reading file: ericsson_umts_demo/set_151
[2016-12-08 13:52:05] current cores used: 6/20
[2016-12-08 13:52:05] Task parse_set_152 start...
[2016-12-08 13:52:05] spark-submit --master spark://master:7077 --executor-memory 1g --driver-memory 512m --total-executor-cores 2 /opt/hadoop/wwong/eric_umts/kpi_parser_eric.py ericsson_umts_demo/set_152 "parse_set_152" "./test" &
[2016-12-08 13:52:07] finish reading file: ericsson_umts_demo/set_151
[2016-12-08 13:52:15] reading file: ericsson_umts_demo/set_152
[2016-12-08 13:52:17] current cores used: 8/20
[2016-12-08 13:52:17] reached max num of job (4/4), retry again in 2 min
[2016-12-08 13:52:20] finish reading file: ericsson_umts_demo/set_152
[2016-12-08 13:52:36] start writing file: ./test/set_151.txt
[2016-12-08 13:52:49] start writing file: ./test/set_152.txt
[2016-12-08 13:53:42] finish writing file: ./test/set_149.txt
[2016-12-08 13:54:17] current cores used: 6/20
[2016-12-08 13:54:17] Task parse_set_153 start...
[2016-12-08 13:54:17] spark-submit --master spark://master:7077 --executor-memory 1g --driver-memory 512m --total-executor-cores 2 /opt/hadoop/wwong/eric_umts/kpi_parser_eric.py ericsson_umts_demo/set_153 "parse_set_153" "./test" &
[2016-12-08 13:54:25] finish writing file: ./test/set_150.txt
[2016-12-08 13:54:27] reading file: ericsson_umts_demo/set_153
[2016-12-08 13:54:29] current cores used: 6/20
[2016-12-08 13:54:29] Task parse_set_154 start...
[2016-12-08 13:54:29] spark-submit --master spark://master:7077 --executor-memory 1g --driver-memory 512m --total-executor-cores 2 /opt/hadoop/wwong/eric_umts/kpi_parser_eric.py ericsson_umts_demo/set_154 "parse_set_154" "./test" &
[2016-12-08 13:54:33] finish reading file: ericsson_umts_demo/set_153
[2016-12-08 13:54:39] reading file: ericsson_umts_demo/set_154
[2016-12-08 13:54:41] current cores used: 8/20
[2016-12-08 13:54:41] reached max num of job (4/4), retry again in 2 min
[2016-12-08 13:54:52] finish reading file: ericsson_umts_demo/set_154
[2016-12-08 13:55:46] finish writing file: ./test/set_151.txt
[2016-12-08 13:55:59] start writing file: ./test/set_153.txt
[2016-12-08 13:56:13] finish writing file: ./test/set_152.txt
[2016-12-08 13:56:23] start writing file: ./test/set_154.txt
[2016-12-08 13:56:41] current cores used: 4/20
[2016-12-08 13:56:41] Task parse_set_155 start...
[2016-12-08 13:56:41] spark-submit --master spark://master:7077 --executor-memory 1g --driver-memory 512m --total-executor-cores 2 /opt/hadoop/wwong/eric_umts/kpi_parser_eric.py ericsson_umts_demo/set_155 "parse_set_155" "./test" &
[2016-12-08 13:56:51] reading file: ericsson_umts_demo/set_155
[2016-12-08 13:56:53] current cores used: 6/20
[2016-12-08 13:56:53] Task parse_set_156 start...
[2016-12-08 13:56:53] spark-submit --master spark://master:7077 --executor-memory 1g --driver-memory 512m --total-executor-cores 2 /opt/hadoop/wwong/eric_umts/kpi_parser_eric.py ericsson_umts_demo/set_156 "parse_set_156" "./test" &
[2016-12-08 13:56:56] finish reading file: ericsson_umts_demo/set_155
[2016-12-08 13:57:03] reading file: ericsson_umts_demo/set_156
[2016-12-08 13:57:06] current cores used: 8/20
[2016-12-08 13:57:06] reached max num of job (4/4), retry again in 2 min
[2016-12-08 13:57:09] finish reading file: ericsson_umts_demo/set_156
[2016-12-08 13:57:25] start writing file: ./test/set_155.txt
[2016-12-08 13:57:42] start writing file: ./test/set_156.txt
[2016-12-08 13:58:38] finish writing file: ./test/set_153.txt
[2016-12-08 13:59:06] current cores used: 6/20
[2016-12-08 13:59:06] Task parse_set_157 start...
[2016-12-08 13:59:06] spark-submit --master spark://master:7077 --executor-memory 1g --driver-memory 512m --total-executor-cores 2 /opt/hadoop/wwong/eric_umts/kpi_parser_eric.py ericsson_umts_demo/set_157 "parse_set_157" "./test" &
[2016-12-08 13:59:09] finish writing file: ./test/set_154.txt
[2016-12-08 13:59:15] reading file: ericsson_umts_demo/set_157
[2016-12-08 13:59:18] current cores used: 6/20
[2016-12-08 13:59:18] Task parse_set_158 start...
[2016-12-08 13:59:18] spark-submit --master spark://master:7077 --executor-memory 1g --driver-memory 512m --total-executor-cores 2 /opt/hadoop/wwong/eric_umts/kpi_parser_eric.py ericsson_umts_demo/set_158 "parse_set_158" "./test" &
[2016-12-08 13:59:22] finish reading file: ericsson_umts_demo/set_157
[2016-12-08 13:59:28] reading file: ericsson_umts_demo/set_158
[2016-12-08 13:59:30] current cores used: 8/20
[2016-12-08 13:59:30] reached max num of job (4/4), retry again in 2 min
[2016-12-08 13:59:40] finish reading file: ericsson_umts_demo/set_158
[2016-12-08 14:00:20] finish writing file: ./test/set_155.txt
[2016-12-08 14:00:38] finish writing file: ./test/set_156.txt
[2016-12-08 14:00:51] start writing file: ./test/set_157.txt
[2016-12-08 14:01:02] start writing file: ./test/set_158.txt
[2016-12-08 14:01:30] current cores used: 4/20
[2016-12-08 14:01:30] Task parse_set_159 start...
[2016-12-08 14:01:30] spark-submit --master spark://master:7077 --executor-memory 1g --driver-memory 512m --total-executor-cores 2 /opt/hadoop/wwong/eric_umts/kpi_parser_eric.py ericsson_umts_demo/set_159 "parse_set_159" "./test" &
[2016-12-08 14:01:39] reading file: ericsson_umts_demo/set_159
[2016-12-08 14:01:42] current cores used: 6/20
[2016-12-08 14:01:42] Task parse_set_160 start...
[2016-12-08 14:01:42] spark-submit --master spark://master:7077 --executor-memory 1g --driver-memory 512m --total-executor-cores 2 /opt/hadoop/wwong/eric_umts/kpi_parser_eric.py ericsson_umts_demo/set_160 "parse_set_160" "./test" &
[2016-12-08 14:01:44] finish reading file: ericsson_umts_demo/set_159
[2016-12-08 14:01:52] reading file: ericsson_umts_demo/set_160
[2016-12-08 14:01:54] current cores used: 8/20
[2016-12-08 14:01:54] reached max num of job (4/4), retry again in 2 min
[2016-12-08 14:01:59] finish reading file: ericsson_umts_demo/set_160
[2016-12-08 14:02:15] start writing file: ./test/set_159.txt
[2016-12-08 14:02:30] start writing file: ./test/set_160.txt
[2016-12-08 14:03:25] finish writing file: ./test/set_157.txt
[2016-12-08 14:03:54] current cores used: 6/20
[2016-12-08 14:03:54] Task parse_set_161 start...
[2016-12-08 14:03:54] spark-submit --master spark://master:7077 --executor-memory 1g --driver-memory 512m --total-executor-cores 2 /opt/hadoop/wwong/eric_umts/kpi_parser_eric.py ericsson_umts_demo/set_161 "parse_set_161" "./test" &
[2016-12-08 14:03:56] finish writing file: ./test/set_158.txt
[2016-12-08 14:04:04] reading file: ericsson_umts_demo/set_161
[2016-12-08 14:04:06] current cores used: 6/20
[2016-12-08 14:04:06] Task parse_set_162 start...
[2016-12-08 14:04:06] spark-submit --master spark://master:7077 --executor-memory 1g --driver-memory 512m --total-executor-cores 2 /opt/hadoop/wwong/eric_umts/kpi_parser_eric.py ericsson_umts_demo/set_162 "parse_set_162" "./test" &
[2016-12-08 14:04:11] finish reading file: ericsson_umts_demo/set_161
[2016-12-08 14:04:17] reading file: ericsson_umts_demo/set_162
[2016-12-08 14:04:19] current cores used: 8/20
[2016-12-08 14:04:19] reached max num of job (4/4), retry again in 2 min
[2016-12-08 14:04:27] finish reading file: ericsson_umts_demo/set_162
[2016-12-08 14:05:38] start writing file: ./test/set_161.txt
[2016-12-08 14:05:47] start writing file: ./test/set_162.txt
[2016-12-08 14:05:50] finish writing file: ./test/set_160.txt
[2016-12-08 14:06:19] finish writing file: ./test/set_159.txt
[2016-12-08 14:06:19] current cores used: 6/20
[2016-12-08 14:06:19] Task parse_set_163 start...
[2016-12-08 14:06:19] spark-submit --master spark://master:7077 --executor-memory 1g --driver-memory 512m --total-executor-cores 2 /opt/hadoop/wwong/eric_umts/kpi_parser_eric.py ericsson_umts_demo/set_163 "parse_set_163" "./test" &
[2016-12-08 14:06:28] reading file: ericsson_umts_demo/set_163
[2016-12-08 14:06:31] current cores used: 6/20
[2016-12-08 14:06:31] Task parse_set_164 start...
[2016-12-08 14:06:31] spark-submit --master spark://master:7077 --executor-memory 1g --driver-memory 512m --total-executor-cores 2 /opt/hadoop/wwong/eric_umts/kpi_parser_eric.py ericsson_umts_demo/set_164 "parse_set_164" "./test" &
[2016-12-08 14:06:33] finish reading file: ericsson_umts_demo/set_163
[2016-12-08 14:06:41] reading file: ericsson_umts_demo/set_164
[2016-12-08 14:06:43] current cores used: 8/20
[2016-12-08 14:06:43] reached max num of job (4/4), retry again in 2 min
[2016-12-08 14:06:46] finish reading file: ericsson_umts_demo/set_164
[2016-12-08 14:07:12] start writing file: ./test/set_163.txt
[2016-12-08 14:07:21] start writing file: ./test/set_164.txt
[2016-12-08 14:08:43] current cores used: 8/20
[2016-12-08 14:08:43] reached max num of job (4/4), retry again in 2 min
[2016-12-08 14:08:53] finish writing file: ./test/set_161.txt
[2016-12-08 14:09:05] finish writing file: ./test/set_162.txt
[2016-12-08 14:10:05] finish writing file: ./test/set_163.txt
[2016-12-08 14:10:26] finish writing file: ./test/set_164.txt
[2016-12-08 14:10:43] current cores used: 0/20
[2016-12-08 14:10:43] Task parse_set_165 start...
[2016-12-08 14:10:43] spark-submit --master spark://master:7077 --executor-memory 1g --driver-memory 512m --total-executor-cores 2 /opt/hadoop/wwong/eric_umts/kpi_parser_eric.py ericsson_umts_demo/set_165 "parse_set_165" "./test" &
[2016-12-08 14:10:51] reading file: ericsson_umts_demo/set_165
[2016-12-08 14:10:55] current cores used: 2/20
[2016-12-08 14:10:55] Task parse_set_166 start...
[2016-12-08 14:10:55] spark-submit --master spark://master:7077 --executor-memory 1g --driver-memory 512m --total-executor-cores 2 /opt/hadoop/wwong/eric_umts/kpi_parser_eric.py ericsson_umts_demo/set_166 "parse_set_166" "./test" &
[2016-12-08 14:10:57] finish reading file: ericsson_umts_demo/set_165
[2016-12-08 14:11:04] reading file: ericsson_umts_demo/set_166
[2016-12-08 14:11:07] current cores used: 4/20
[2016-12-08 14:11:07] Task parse_set_167 start...
[2016-12-08 14:11:07] spark-submit --master spark://master:7077 --executor-memory 1g --driver-memory 512m --total-executor-cores 2 /opt/hadoop/wwong/eric_umts/kpi_parser_eric.py ericsson_umts_demo/set_167 "parse_set_167" "./test" &
[2016-12-08 14:11:11] finish reading file: ericsson_umts_demo/set_166
[2016-12-08 14:11:15] reading file: ericsson_umts_demo/set_167
[2016-12-08 14:11:19] current cores used: 6/20
[2016-12-08 14:11:19] Task parse_set_168 start...
[2016-12-08 14:11:19] spark-submit --master spark://master:7077 --executor-memory 1g --driver-memory 512m --total-executor-cores 2 /opt/hadoop/wwong/eric_umts/kpi_parser_eric.py ericsson_umts_demo/set_168 "parse_set_168" "./test" &
[2016-12-08 14:11:28] reading file: ericsson_umts_demo/set_168
[2016-12-08 14:11:28] finish reading file: ericsson_umts_demo/set_167
[2016-12-08 14:11:31] current cores used: 8/20
[2016-12-08 14:11:31] reached max num of job (4/4), retry again in 2 min
[2016-12-08 14:11:33] finish reading file: ericsson_umts_demo/set_168
[2016-12-08 14:11:42] start writing file: ./test/set_166.txt
[2016-12-08 14:12:09] start writing file: ./test/set_168.txt
[2016-12-08 14:12:13] start writing file: ./test/set_165.txt
[2016-12-08 14:13:04] start writing file: ./test/set_167.txt
[2016-12-08 14:13:31] current cores used: 8/20
[2016-12-08 14:13:31] reached max num of job (4/4), retry again in 2 min
[2016-12-08 14:14:19] finish writing file: ./test/set_166.txt
[2016-12-08 14:15:20] finish writing file: ./test/set_165.txt
[2016-12-08 14:15:32] current cores used: 4/20
[2016-12-08 14:15:32] Task parse_set_169 start...
[2016-12-08 14:15:32] spark-submit --master spark://master:7077 --executor-memory 1g --driver-memory 512m --total-executor-cores 2 /opt/hadoop/wwong/eric_umts/kpi_parser_eric.py ericsson_umts_demo/set_169 "parse_set_169" "./test" &
[2016-12-08 14:15:40] reading file: ericsson_umts_demo/set_169
[2016-12-08 14:15:44] finish writing file: ./test/set_168.txt
[2016-12-08 14:15:44] current cores used: 6/20
[2016-12-08 14:15:44] Task parse_set_170 start...
[2016-12-08 14:15:44] spark-submit --master spark://master:7077 --executor-memory 1g --driver-memory 512m --total-executor-cores 2 /opt/hadoop/wwong/eric_umts/kpi_parser_eric.py ericsson_umts_demo/set_170 "parse_set_170" "./test" &
[2016-12-08 14:15:45] finish reading file: ericsson_umts_demo/set_169
[2016-12-08 14:15:56] current cores used: 6/20
[2016-12-08 14:15:56] Task parse_set_171 start...
[2016-12-08 14:15:56] spark-submit --master spark://master:7077 --executor-memory 1g --driver-memory 512m --total-executor-cores 2 /opt/hadoop/wwong/eric_umts/kpi_parser_eric.py ericsson_umts_demo/set_171 "parse_set_171" "./test" &
[2016-12-08 14:15:56] reading file: ericsson_umts_demo/set_170
[2016-12-08 14:16:02] finish reading file: ericsson_umts_demo/set_170
[2016-12-08 14:16:08] current cores used: 8/20
[2016-12-08 14:16:08] reached max num of job (4/4), retry again in 2 min
[2016-12-08 14:16:08] reading file: ericsson_umts_demo/set_171
[2016-12-08 14:16:15] finish reading file: ericsson_umts_demo/set_171
[2016-12-08 14:16:28] finish writing file: ./test/set_167.txt
[2016-12-08 14:16:39] start writing file: ./test/set_170.txt
[2016-12-08 14:16:51] start writing file: ./test/set_171.txt
[2016-12-08 14:17:03] start writing file: ./test/set_169.txt
[2016-12-08 14:18:08] current cores used: 6/20
[2016-12-08 14:18:08] Task parse_set_172 start...
[2016-12-08 14:18:08] spark-submit --master spark://master:7077 --executor-memory 1g --driver-memory 512m --total-executor-cores 2 /opt/hadoop/wwong/eric_umts/kpi_parser_eric.py ericsson_umts_demo/set_172 "parse_set_172" "./test" &
[2016-12-08 14:18:17] reading file: ericsson_umts_demo/set_172
[2016-12-08 14:18:20] current cores used: 8/20
[2016-12-08 14:18:20] reached max num of job (4/4), retry again in 2 min
[2016-12-08 14:18:31] finish reading file: ericsson_umts_demo/set_172
[2016-12-08 14:19:44] finish writing file: ./test/set_170.txt
[2016-12-08 14:19:50] start writing file: ./test/set_172.txt
[2016-12-08 14:19:54] finish writing file: ./test/set_171.txt
[2016-12-08 14:20:20] current cores used: 4/20
[2016-12-08 14:20:20] Task parse_set_173 start...
[2016-12-08 14:20:20] spark-submit --master spark://master:7077 --executor-memory 1g --driver-memory 512m --total-executor-cores 2 /opt/hadoop/wwong/eric_umts/kpi_parser_eric.py ericsson_umts_demo/set_173 "parse_set_173" "./test" &
[2016-12-08 14:20:24] finish writing file: ./test/set_169.txt
[2016-12-08 14:20:30] reading file: ericsson_umts_demo/set_173
[2016-12-08 14:20:32] current cores used: 4/20
[2016-12-08 14:20:32] Task parse_set_174 start...
[2016-12-08 14:20:32] spark-submit --master spark://master:7077 --executor-memory 1g --driver-memory 512m --total-executor-cores 2 /opt/hadoop/wwong/eric_umts/kpi_parser_eric.py ericsson_umts_demo/set_174 "parse_set_174" "./test" &
[2016-12-08 14:20:35] finish reading file: ericsson_umts_demo/set_173
[2016-12-08 14:20:42] reading file: ericsson_umts_demo/set_174
[2016-12-08 14:20:44] current cores used: 6/20
[2016-12-08 14:20:44] Task parse_set_175 start...
[2016-12-08 14:20:44] spark-submit --master spark://master:7077 --executor-memory 1g --driver-memory 512m --total-executor-cores 2 /opt/hadoop/wwong/eric_umts/kpi_parser_eric.py ericsson_umts_demo/set_175 "parse_set_175" "./test" &
[2016-12-08 14:20:47] finish reading file: ericsson_umts_demo/set_174
[2016-12-08 14:20:56] current cores used: 8/20
[2016-12-08 14:20:56] reached max num of job (4/4), retry again in 2 min
[2016-12-08 14:20:57] reading file: ericsson_umts_demo/set_175
[2016-12-08 14:21:03] finish reading file: ericsson_umts_demo/set_175
[2016-12-08 14:21:10] start writing file: ./test/set_173.txt
[2016-12-08 14:21:33] start writing file: ./test/set_175.txt
[2016-12-08 14:22:10] start writing file: ./test/set_174.txt
[2016-12-08 14:22:28] finish writing file: ./test/set_172.txt
[2016-12-08 14:22:57] current cores used: 6/20
[2016-12-08 14:22:57] Task parse_set_176 start...
[2016-12-08 14:22:57] spark-submit --master spark://master:7077 --executor-memory 1g --driver-memory 512m --total-executor-cores 2 /opt/hadoop/wwong/eric_umts/kpi_parser_eric.py ericsson_umts_demo/set_176 "parse_set_176" "./test" &
[2016-12-08 14:23:06] reading file: ericsson_umts_demo/set_176
[2016-12-08 14:23:09] current cores used: 8/20
[2016-12-08 14:23:09] reached max num of job (4/4), retry again in 2 min
[2016-12-08 14:23:16] finish reading file: ericsson_umts_demo/set_176
[2016-12-08 14:24:13] finish writing file: ./test/set_175.txt
[2016-12-08 14:24:27] finish writing file: ./test/set_173.txt
[2016-12-08 14:24:38] start writing file: ./test/set_176.txt
[2016-12-08 14:25:07] finish writing file: ./test/set_174.txt
[2016-12-08 14:25:09] current cores used: 2/20
[2016-12-08 14:25:09] Task parse_set_177 start...
[2016-12-08 14:25:09] spark-submit --master spark://master:7077 --executor-memory 1g --driver-memory 512m --total-executor-cores 2 /opt/hadoop/wwong/eric_umts/kpi_parser_eric.py ericsson_umts_demo/set_177 "parse_set_177" "./test" &
[2016-12-08 14:25:18] reading file: ericsson_umts_demo/set_177
[2016-12-08 14:25:21] current cores used: 4/20
[2016-12-08 14:25:21] Task parse_set_178 start...
[2016-12-08 14:25:21] spark-submit --master spark://master:7077 --executor-memory 1g --driver-memory 512m --total-executor-cores 2 /opt/hadoop/wwong/eric_umts/kpi_parser_eric.py ericsson_umts_demo/set_178 "parse_set_178" "./test" &
[2016-12-08 14:25:23] finish reading file: ericsson_umts_demo/set_177
[2016-12-08 14:25:30] reading file: ericsson_umts_demo/set_178
[2016-12-08 14:25:33] current cores used: 6/20
[2016-12-08 14:25:33] Task parse_set_179 start...
[2016-12-08 14:25:33] spark-submit --master spark://master:7077 --executor-memory 1g --driver-memory 512m --total-executor-cores 2 /opt/hadoop/wwong/eric_umts/kpi_parser_eric.py ericsson_umts_demo/set_179 "parse_set_179" "./test" &
[2016-12-08 14:25:36] finish reading file: ericsson_umts_demo/set_178
[2016-12-08 14:25:42] reading file: ericsson_umts_demo/set_179
[2016-12-08 14:25:45] current cores used: 8/20
[2016-12-08 14:25:45] reached max num of job (4/4), retry again in 2 min
[2016-12-08 14:25:49] finish reading file: ericsson_umts_demo/set_179
[2016-12-08 14:25:57] start writing file: ./test/set_177.txt
[2016-12-08 14:26:22] start writing file: ./test/set_179.txt
[2016-12-08 14:27:10] start writing file: ./test/set_178.txt
[2016-12-08 14:27:39] finish writing file: ./test/set_176.txt
[2016-12-08 14:27:45] current cores used: 6/20
[2016-12-08 14:27:45] Task parse_set_180 start...
[2016-12-08 14:27:45] spark-submit --master spark://master:7077 --executor-memory 1g --driver-memory 512m --total-executor-cores 2 /opt/hadoop/wwong/eric_umts/kpi_parser_eric.py ericsson_umts_demo/set_180 "parse_set_180" "./test" &
[2016-12-08 14:27:56] reading file: ericsson_umts_demo/set_180
[2016-12-08 14:27:57] current cores used: 8/20
[2016-12-08 14:27:57] reached max num of job (4/4), retry again in 2 min
[2016-12-08 14:28:07] finish reading file: ericsson_umts_demo/set_180
[2016-12-08 14:29:26] finish writing file: ./test/set_179.txt
[2016-12-08 14:29:30] finish writing file: ./test/set_177.txt
[2016-12-08 14:29:38] start writing file: ./test/set_180.txt
[2016-12-08 14:29:58] current cores used: 4/20
[2016-12-08 14:29:58] Task parse_set_181 start...
[2016-12-08 14:29:58] spark-submit --master spark://master:7077 --executor-memory 1g --driver-memory 512m --total-executor-cores 2 /opt/hadoop/wwong/eric_umts/kpi_parser_eric.py ericsson_umts_demo/set_181 "parse_set_181" "./test" &
[2016-12-08 14:30:04] finish writing file: ./test/set_178.txt
[2016-12-08 14:30:07] reading file: ericsson_umts_demo/set_181
[2016-12-08 14:30:10] current cores used: 4/20
[2016-12-08 14:30:10] Task parse_set_182 start...
[2016-12-08 14:30:10] spark-submit --master spark://master:7077 --executor-memory 1g --driver-memory 512m --total-executor-cores 2 /opt/hadoop/wwong/eric_umts/kpi_parser_eric.py ericsson_umts_demo/set_182 "parse_set_182" "./test" &
[2016-12-08 14:30:13] finish reading file: ericsson_umts_demo/set_181
[2016-12-08 14:30:22] current cores used: 6/20
[2016-12-08 14:30:22] Task parse_set_183 start...
[2016-12-08 14:30:22] spark-submit --master spark://master:7077 --executor-memory 1g --driver-memory 512m --total-executor-cores 2 /opt/hadoop/wwong/eric_umts/kpi_parser_eric.py ericsson_umts_demo/set_183 "parse_set_183" "./test" &
[2016-12-08 14:30:22] reading file: ericsson_umts_demo/set_182
[2016-12-08 14:30:30] finish reading file: ericsson_umts_demo/set_182
[2016-12-08 14:30:33] reading file: ericsson_umts_demo/set_183
[2016-12-08 14:30:34] current cores used: 8/20
[2016-12-08 14:30:34] reached max num of job (4/4), retry again in 2 min
[2016-12-08 14:30:39] finish reading file: ericsson_umts_demo/set_183
[2016-12-08 14:30:52] start writing file: ./test/set_181.txt
[2016-12-08 14:31:11] start writing file: ./test/set_183.txt
[2016-12-08 14:31:53] start writing file: ./test/set_182.txt
[2016-12-08 14:32:27] finish writing file: ./test/set_180.txt
[2016-12-08 14:32:34] current cores used: 6/20
[2016-12-08 14:32:34] Task parse_set_184 start...
[2016-12-08 14:32:34] spark-submit --master spark://master:7077 --executor-memory 1g --driver-memory 512m --total-executor-cores 2 /opt/hadoop/wwong/eric_umts/kpi_parser_eric.py ericsson_umts_demo/set_184 "parse_set_184" "./test" &
[2016-12-08 14:32:43] reading file: ericsson_umts_demo/set_184
[2016-12-08 14:32:46] current cores used: 8/20
[2016-12-08 14:32:46] reached max num of job (4/4), retry again in 2 min
[2016-12-08 14:32:54] finish reading file: ericsson_umts_demo/set_184
[2016-12-08 14:33:58] finish writing file: ./test/set_181.txt
[2016-12-08 14:34:15] start writing file: ./test/set_184.txt
[2016-12-08 14:34:46] current cores used: 6/20
[2016-12-08 14:34:46] Task parse_set_185 start...
[2016-12-08 14:34:46] spark-submit --master spark://master:7077 --executor-memory 1g --driver-memory 512m --total-executor-cores 2 /opt/hadoop/wwong/eric_umts/kpi_parser_eric.py ericsson_umts_demo/set_185 "parse_set_185" "./test" &
[2016-12-08 14:34:46] finish writing file: ./test/set_183.txt
[2016-12-08 14:34:55] reading file: ericsson_umts_demo/set_185
[2016-12-08 14:34:58] current cores used: 6/20
[2016-12-08 14:34:58] Task parse_set_186 start...
[2016-12-08 14:34:58] spark-submit --master spark://master:7077 --executor-memory 1g --driver-memory 512m --total-executor-cores 2 /opt/hadoop/wwong/eric_umts/kpi_parser_eric.py ericsson_umts_demo/set_186 "parse_set_186" "./test" &
[2016-12-08 14:35:01] finish reading file: ericsson_umts_demo/set_185
[2016-12-08 14:35:08] reading file: ericsson_umts_demo/set_186
[2016-12-08 14:35:09] finish writing file: ./test/set_182.txt
[2016-12-08 14:35:10] current cores used: 6/20
[2016-12-08 14:35:10] Task parse_set_187 start...
[2016-12-08 14:35:10] spark-submit --master spark://master:7077 --executor-memory 1g --driver-memory 512m --total-executor-cores 2 /opt/hadoop/wwong/eric_umts/kpi_parser_eric.py ericsson_umts_demo/set_187 "parse_set_187" "./test" &
[2016-12-08 14:35:15] finish reading file: ericsson_umts_demo/set_186
[2016-12-08 14:35:19] reading file: ericsson_umts_demo/set_187
[2016-12-08 14:35:22] current cores used: 8/20
[2016-12-08 14:35:22] reached max num of job (4/4), retry again in 2 min
[2016-12-08 14:35:25] finish reading file: ericsson_umts_demo/set_187
[2016-12-08 14:35:39] start writing file: ./test/set_185.txt
[2016-12-08 14:35:50] start writing file: ./test/set_186.txt
[2016-12-08 14:36:39] start writing file: ./test/set_187.txt
[2016-12-08 14:37:23] current cores used: 8/20
[2016-12-08 14:37:23] reached max num of job (4/4), retry again in 2 min
[2016-12-08 14:37:57] finish writing file: ./test/set_184.txt
[2016-12-08 14:38:45] finish writing file: ./test/set_186.txt
[2016-12-08 14:38:49] finish writing file: ./test/set_185.txt
[2016-12-08 14:39:23] current cores used: 2/20
[2016-12-08 14:39:23] Task parse_set_188 start...
[2016-12-08 14:39:23] spark-submit --master spark://master:7077 --executor-memory 1g --driver-memory 512m --total-executor-cores 2 /opt/hadoop/wwong/eric_umts/kpi_parser_eric.py ericsson_umts_demo/set_188 "parse_set_188" "./test" &
[2016-12-08 14:39:30] finish writing file: ./test/set_187.txt
[2016-12-08 14:39:31] reading file: ericsson_umts_demo/set_188
[2016-12-08 14:39:35] current cores used: 2/20
[2016-12-08 14:39:35] Task parse_set_189 start...
[2016-12-08 14:39:35] spark-submit --master spark://master:7077 --executor-memory 1g --driver-memory 512m --total-executor-cores 2 /opt/hadoop/wwong/eric_umts/kpi_parser_eric.py ericsson_umts_demo/set_189 "parse_set_189" "./test" &
[2016-12-08 14:39:36] finish reading file: ericsson_umts_demo/set_188
[2016-12-08 14:39:43] reading file: ericsson_umts_demo/set_189
[2016-12-08 14:39:47] current cores used: 4/20
[2016-12-08 14:39:47] Task parse_set_190 start...
[2016-12-08 14:39:47] spark-submit --master spark://master:7077 --executor-memory 1g --driver-memory 512m --total-executor-cores 2 /opt/hadoop/wwong/eric_umts/kpi_parser_eric.py ericsson_umts_demo/set_190 "parse_set_190" "./test" &
[2016-12-08 14:39:50] finish reading file: ericsson_umts_demo/set_189
[2016-12-08 14:39:56] reading file: ericsson_umts_demo/set_190
[2016-12-08 14:39:59] current cores used: 6/20
[2016-12-08 14:39:59] Task parse_set_191 start...
[2016-12-08 14:39:59] spark-submit --master spark://master:7077 --executor-memory 1g --driver-memory 512m --total-executor-cores 2 /opt/hadoop/wwong/eric_umts/kpi_parser_eric.py ericsson_umts_demo/set_191 "parse_set_191" "./test" &
[2016-12-08 14:40:07] finish reading file: ericsson_umts_demo/set_190
[2016-12-08 14:40:09] reading file: ericsson_umts_demo/set_191
[2016-12-08 14:40:10] start writing file: ./test/set_188.txt
[2016-12-08 14:40:11] current cores used: 8/20
[2016-12-08 14:40:11] reached max num of job (4/4), retry again in 2 min
[2016-12-08 14:40:15] finish reading file: ericsson_umts_demo/set_191
[2016-12-08 14:40:47] start writing file: ./test/set_191.txt
[2016-12-08 14:41:16] start writing file: ./test/set_189.txt
[2016-12-08 14:41:34] start writing file: ./test/set_190.txt
[2016-12-08 14:42:11] current cores used: 8/20
[2016-12-08 14:42:11] reached max num of job (4/4), retry again in 2 min
[2016-12-08 14:42:46] finish writing file: ./test/set_188.txt
[2016-12-08 14:44:02] finish writing file: ./test/set_191.txt
[2016-12-08 14:44:11] current cores used: 4/20
[2016-12-08 14:44:11] Task parse_set_192 start...
[2016-12-08 14:44:11] spark-submit --master spark://master:7077 --executor-memory 1g --driver-memory 512m --total-executor-cores 2 /opt/hadoop/wwong/eric_umts/kpi_parser_eric.py ericsson_umts_demo/set_192 "parse_set_192" "./test" &
[2016-12-08 14:44:21] reading file: ericsson_umts_demo/set_192
[2016-12-08 14:44:23] current cores used: 6/20
[2016-12-08 14:44:23] Task parse_set_193 start...
[2016-12-08 14:44:23] spark-submit --master spark://master:7077 --executor-memory 1g --driver-memory 512m --total-executor-cores 2 /opt/hadoop/wwong/eric_umts/kpi_parser_eric.py ericsson_umts_demo/set_193 "parse_set_193" "./test" &
[2016-12-08 14:44:27] finish reading file: ericsson_umts_demo/set_192
[2016-12-08 14:44:33] reading file: ericsson_umts_demo/set_193
[2016-12-08 14:44:35] current cores used: 8/20
[2016-12-08 14:44:35] reached max num of job (4/4), retry again in 2 min
[2016-12-08 14:44:38] finish writing file: ./test/set_189.txt
[2016-12-08 14:44:39] finish reading file: ericsson_umts_demo/set_193
[2016-12-08 14:44:45] finish writing file: ./test/set_190.txt
[2016-12-08 14:45:02] start writing file: ./test/set_192.txt
[2016-12-08 14:45:14] start writing file: ./test/set_193.txt
[2016-12-08 14:46:36] current cores used: 4/20
[2016-12-08 14:46:36] Task parse_set_194 start...
[2016-12-08 14:46:36] spark-submit --master spark://master:7077 --executor-memory 1g --driver-memory 512m --total-executor-cores 2 /opt/hadoop/wwong/eric_umts/kpi_parser_eric.py ericsson_umts_demo/set_194 "parse_set_194" "./test" &
[2016-12-08 14:46:44] reading file: ericsson_umts_demo/set_194
[2016-12-08 14:46:48] current cores used: 6/20
[2016-12-08 14:46:48] Task parse_set_195 start...
[2016-12-08 14:46:48] spark-submit --master spark://master:7077 --executor-memory 1g --driver-memory 512m --total-executor-cores 2 /opt/hadoop/wwong/eric_umts/kpi_parser_eric.py ericsson_umts_demo/set_195 "parse_set_195" "./test" &
[2016-12-08 14:46:50] finish reading file: ericsson_umts_demo/set_194
[2016-12-08 14:46:57] reading file: ericsson_umts_demo/set_195
[2016-12-08 14:47:00] current cores used: 8/20
[2016-12-08 14:47:00] reached max num of job (4/4), retry again in 2 min
[2016-12-08 14:47:09] finish reading file: ericsson_umts_demo/set_195
[2016-12-08 14:47:41] finish writing file: ./test/set_193.txt
[2016-12-08 14:47:49] finish writing file: ./test/set_192.txt
[2016-12-08 14:48:07] start writing file: ./test/set_194.txt
[2016-12-08 14:48:33] start writing file: ./test/set_195.txt
[2016-12-08 14:49:00] current cores used: 4/20
[2016-12-08 14:49:00] Task parse_set_196 start...
[2016-12-08 14:49:00] spark-submit --master spark://master:7077 --executor-memory 1g --driver-memory 512m --total-executor-cores 2 /opt/hadoop/wwong/eric_umts/kpi_parser_eric.py ericsson_umts_demo/set_196 "parse_set_196" "./test" &
[2016-12-08 14:49:09] reading file: ericsson_umts_demo/set_196
[2016-12-08 14:49:12] current cores used: 6/20
[2016-12-08 14:49:12] Task parse_set_197 start...
[2016-12-08 14:49:12] spark-submit --master spark://master:7077 --executor-memory 1g --driver-memory 512m --total-executor-cores 2 /opt/hadoop/wwong/eric_umts/kpi_parser_eric.py ericsson_umts_demo/set_197 "parse_set_197" "./test" &
[2016-12-08 14:49:16] finish reading file: ericsson_umts_demo/set_196
[2016-12-08 14:49:22] reading file: ericsson_umts_demo/set_197
[2016-12-08 14:49:24] current cores used: 8/20
[2016-12-08 14:49:24] reached max num of job (4/4), retry again in 2 min
[2016-12-08 14:49:29] finish reading file: ericsson_umts_demo/set_197
[2016-12-08 14:49:53] start writing file: ./test/set_196.txt
[2016-12-08 14:50:02] start writing file: ./test/set_197.txt
[2016-12-08 14:51:03] finish writing file: ./test/set_194.txt
[2016-12-08 14:51:24] current cores used: 6/20
[2016-12-08 14:51:24] Task parse_set_198 start...
[2016-12-08 14:51:24] spark-submit --master spark://master:7077 --executor-memory 1g --driver-memory 512m --total-executor-cores 2 /opt/hadoop/wwong/eric_umts/kpi_parser_eric.py ericsson_umts_demo/set_198 "parse_set_198" "./test" &
[2016-12-08 14:51:35] reading file: ericsson_umts_demo/set_198
[2016-12-08 14:51:36] current cores used: 8/20
[2016-12-08 14:51:36] reached max num of job (4/4), retry again in 2 min
[2016-12-08 14:51:42] finish reading file: ericsson_umts_demo/set_198
[2016-12-08 14:51:57] finish writing file: ./test/set_195.txt
[2016-12-08 14:52:47] finish writing file: ./test/set_197.txt
[2016-12-08 14:52:54] finish writing file: ./test/set_196.txt
[2016-12-08 14:53:09] start writing file: ./test/set_198.txt
[2016-12-08 14:53:36] current cores used: 2/20
[2016-12-08 14:53:36] Task parse_set_199 start...
[2016-12-08 14:53:36] spark-submit --master spark://master:7077 --executor-memory 1g --driver-memory 512m --total-executor-cores 2 /opt/hadoop/wwong/eric_umts/kpi_parser_eric.py ericsson_umts_demo/set_199 "parse_set_199" "./test" &
[2016-12-08 14:53:45] reading file: ericsson_umts_demo/set_199
[2016-12-08 14:53:49] current cores used: 4/20
[2016-12-08 14:53:49] Task parse_set_200 start...
[2016-12-08 14:53:49] spark-submit --master spark://master:7077 --executor-memory 1g --driver-memory 512m --total-executor-cores 2 /opt/hadoop/wwong/eric_umts/kpi_parser_eric.py ericsson_umts_demo/set_200 "parse_set_200" "./test" &
[2016-12-08 14:53:51] finish reading file: ericsson_umts_demo/set_199
[2016-12-08 14:53:57] reading file: ericsson_umts_demo/set_200
[2016-12-08 14:54:01] multi process ended
[2016-12-08 14:54:07] finish reading file: ericsson_umts_demo/set_200
[2016-12-08 14:54:20] start writing file: ./test/set_199.txt
[2016-12-08 14:55:27] start writing file: ./test/set_200.txt
[2016-12-08 14:56:12] finish writing file: ./test/set_198.txt
[2016-12-08 14:57:09] finish writing file: ./test/set_199.txt
[2016-12-08 14:57:55] finish writing file: ./test/set_200.txt
