[2017-06-13 20:14:58,981] ** INFO **: ============ filedistributor ============
[2017-06-13 20:14:58,982] ** INFO **: making work directory: /nfskpi/wyang/ttskpiraw/lte-eric/input/ERICSSON_LTE_20170613_201458982784_TMO
[2017-06-13 20:14:58,983] ** INFO **: start checking/moving input files from /home/imnosrf/ttskpi-landingzone/lte-eric ...
[2017-06-13 20:15:56,046] ** INFO **: found #input files: 899
[2017-06-13 20:15:56,047] ** INFO **: preparing set folder for sequence file creator ...
[2017-06-13 20:15:56,055] ** WARNING **: found tmp folder: /nfskpi/wyang/ttskpiraw/lte-eric/input/ttskpiraw_ERICSSON_LTE_20170613_201100124590_TMO_00003.seqinput.tmp ...
[2017-06-13 20:15:56,055] ** WARNING **: tmp folder size: 79417266 bytes...
[2017-06-13 20:15:56,056] ** DEBUG **: current: /nfskpi/wyang/ttskpiraw/lte-eric/input/ERICSSON_LTE_20170613_201458982784_TMO/etlexpmx_w2ossv66_LNBTS_20160908003333_4102074.xml.gz
[2017-06-13 20:15:56,056] ** DEBUG **: current: /nfskpi/wyang/ttskpiraw/lte-eric/input/ERICSSON_LTE_20170613_201458982784_TMO/etlexpmx_w2ossv66_LNBTS_20160908003348_2001589.xml.gz
[2017-06-13 20:15:56,057] ** DEBUG **: current: /nfskpi/wyang/ttskpiraw/lte-eric/input/ERICSSON_LTE_20170613_201458982784_TMO/etlexpmx_w2ossv67_LNCEL_20160908060608_1000965.xml.gz
[2017-06-13 20:15:56,057] ** DEBUG **: current: /nfskpi/wyang/ttskpiraw/lte-eric/input/ERICSSON_LTE_20170613_201458982784_TMO/etlexpmx_w2ossv67_LNCEL_20160908060710_3105461.xml.gz
[2017-06-13 20:15:56,057] ** DEBUG **: current: /nfskpi/wyang/ttskpiraw/lte-eric/input/ERICSSON_LTE_20170613_201458982784_TMO/etlexpmx_w2ossv67_LNCEL_20160908060541_3206966.xml.gz
[2017-06-13 20:15:56,058] ** DEBUG **: current: /nfskpi/wyang/ttskpiraw/lte-eric/input/ERICSSON_LTE_20170613_201458982784_TMO/etlexpmx_w2ossv66_LNBTS_20160908003322_4102057.xml.gz
[2017-06-13 20:15:56,058] ** DEBUG **: current: /nfskpi/wyang/ttskpiraw/lte-eric/input/ERICSSON_LTE_20170613_201458982784_TMO/etlexpmx_w2ossv67_LNCEL_20160908060656_2004024.xml.gz
[2017-06-13 20:15:56,059] ** DEBUG **: current: /nfskpi/wyang/ttskpiraw/lte-eric/input/ERICSSON_LTE_20170613_201458982784_TMO/etlexpmx_w2ossv66_LNBTS_20160908003239_3204461.xml.gz
[2017-06-13 20:15:56,059] ** DEBUG **: current: /nfskpi/wyang/ttskpiraw/lte-eric/input/ERICSSON_LTE_20170613_201458982784_TMO/etlexpmx_w2ossv66_LNBTS_20160908003419_3103163.xml.gz
[2017-06-13 20:15:56,059] ** DEBUG **: current: /nfskpi/wyang/ttskpiraw/lte-eric/input/ERICSSON_LTE_20170613_201458982784_TMO/etlexpmx_w2ossv66_LNBTS_20160908003402_1008591.xml.gz
[2017-06-13 20:15:56,060] ** DEBUG **: current: /nfskpi/wyang/ttskpiraw/lte-eric/input/ERICSSON_LTE_20170613_201458982784_TMO/etlexpmx_w2ossv66_LNBTS_20160908004913_4308574.xml.gz
[2017-06-13 20:15:56,060] ** DEBUG **: current: /nfskpi/wyang/ttskpiraw/lte-eric/input/ERICSSON_LTE_20170613_201458982784_TMO/etlexpmx_w2ossv66_LNBTS_20160908004940_4205974.xml.gz
[2017-06-13 20:15:56,061] ** DEBUG **: current: /nfskpi/wyang/ttskpiraw/lte-eric/input/ERICSSON_LTE_20170613_201458982784_TMO/etlexpmx_w2ossv67_LNCEL_20160908060559_3206980.xml.gz
[2017-06-13 20:15:56,061] ** DEBUG **: current: /nfskpi/wyang/ttskpiraw/lte-eric/input/ERICSSON_LTE_20170613_201458982784_TMO/etlexpmx_w2ossv66_LNBTS_20160908003340_1307105.xml.gz
[2017-06-13 20:15:56,062] ** DEBUG **: current: /nfskpi/wyang/ttskpiraw/lte-eric/input/ERICSSON_LTE_20170613_201458982784_TMO/etlexpmx_w2ossv67_LNCEL_20160908061414_3105648.xml.gz
[2017-06-13 20:15:56,062] ** DEBUG **: current: /nfskpi/wyang/ttskpiraw/lte-eric/input/ERICSSON_LTE_20170613_201458982784_TMO/etlexpmx_w2ossv66_LNBTS_20160908003326_4102064.xml.gz
[2017-06-13 20:15:56,062] ** DEBUG **: current: /nfskpi/wyang/ttskpiraw/lte-eric/input/ERICSSON_LTE_20170613_201458982784_TMO/etlexpmx_w2ossv66_LNBTS_20160908095225_1103570.xml.gz
[2017-06-13 20:15:56,063] ** DEBUG **: current: /nfskpi/wyang/ttskpiraw/lte-eric/input/ERICSSON_LTE_20170613_201458982784_TMO/etlexpmx_w2ossv66_LNBTS_20160908075116_2004991.xml.gz
[2017-06-13 20:15:56,063] ** DEBUG **: current: /nfskpi/wyang/ttskpiraw/lte-eric/input/ERICSSON_LTE_20170613_201458982784_TMO/etlexpmx_w2ossv66_LNBTS_20160908095310_1103613.xml.gz
[2017-06-13 20:15:56,064] ** DEBUG **: current: /nfskpi/wyang/ttskpiraw/lte-eric/input/ERICSSON_LTE_20170613_201458982784_TMO/etlexpmx_w2ossv66_LNBTS_20160908004853_4308553.xml.gz
[2017-06-13 20:15:56,064] ** ERROR **: move file /nfskpi/wyang/ttskpiraw/lte-eric/input/ERICSSON_LTE_20170613_201458982784_TMO/etlexpmx_w2ossv66_LNBTS_20160908004853_4308553.xml.gz to /nfskpi/wyang/ttskpiraw/lte-eric/input/ttskpiraw_ERICSSON_LTE_20170613_201100124590_TMO_00003.seqinput.tmp failed
[2017-06-13 20:15:56,064] ** DEBUG **: {'line': "shutil.move(fn, setfolderobj['setfolderpathtmp'])", 'linenumber': 248, 'err': Error("Destination path '/nfskpi/wyang/ttskpiraw/lte-eric/input/ttskpiraw_ERICSSON_LTE_20170613_201100124590_TMO_00003.seqinput.tmp/etlexpmx_w2ossv66_LNBTS_20160908004853_4308553.xml.gz' already exists",), 'filename': './filedistributor.py'}
[2017-06-13 20:24:29,026] ** INFO **: ============ filedistributor ============
[2017-06-13 20:24:29,027] ** ERROR **: found existing lock /tmp/filedistributor_ericsson_lte.lock
[2017-06-13 20:24:29,027] ** DEBUG **: {'line': 'os.makedirs(lockpath)', 'linenumber': 279, 'err': OSError(17, 'File exists'), 'filename': './filedistributor.py'}
[2017-06-13 20:24:29,028] ** INFO **: Process Time : 0:00:00.000985
[2017-06-13 20:24:37,748] ** INFO **: ============ filedistributor ============
[2017-06-13 20:24:37,749] ** INFO **: making work directory: /nfskpi/wyang/ttskpiraw/lte-eric/input/ERICSSON_LTE_20170613_202437749802_TMO
[2017-06-13 20:24:37,750] ** INFO **: start checking/moving input files from /home/imnosrf/ttskpi-landingzone/lte-eric ...
[2017-06-13 20:25:35,711] ** INFO **: found #input files: 899
[2017-06-13 20:25:35,711] ** INFO **: preparing set folder for sequence file creator ...
[2017-06-13 20:25:35,712] ** INFO **: creating new set folder(1) ...
[2017-06-13 20:25:35,712] ** DEBUG **: new set folder is created: {'setfolderpathtmp': '/nfskpi/wyang/ttskpiraw/lte-eric/input/ttskpiraw_ERICSSON_LTE_20170613_202437749802_TMO_00001.seqinput.tmp', 'ret': True, 'setfolder': 'ttskpiraw_ERICSSON_LTE_20170613_202437749802_TMO_00001.seqinput', 'msg': '', 'setfoldertmp': 'ttskpiraw_ERICSSON_LTE_20170613_202437749802_TMO_00001.seqinput.tmp', 'setfolderpath': '/nfskpi/wyang/ttskpiraw/lte-eric/input/ttskpiraw_ERICSSON_LTE_20170613_202437749802_TMO_00001.seqinput'}
[2017-06-13 20:25:35,752] ** INFO **: tmp set folder /nfskpi/wyang/ttskpiraw/lte-eric/input/ttskpiraw_ERICSSON_LTE_20170613_202437749802_TMO_00001.seqinput.tmp is full: 264193536, max: 268000000
[2017-06-13 20:25:35,752] ** INFO **: rename /nfskpi/wyang/ttskpiraw/lte-eric/input/ttskpiraw_ERICSSON_LTE_20170613_202437749802_TMO_00001.seqinput.tmp to /nfskpi/wyang/ttskpiraw/lte-eric/input/ttskpiraw_ERICSSON_LTE_20170613_202437749802_TMO_00001.seqinput
[2017-06-13 20:25:35,753] ** INFO **: creating new set folder(2) ...
[2017-06-13 20:25:35,753] ** DEBUG **: new set folder is created: {'setfolderpathtmp': '/nfskpi/wyang/ttskpiraw/lte-eric/input/ttskpiraw_ERICSSON_LTE_20170613_202437749802_TMO_00002.seqinput.tmp', 'ret': True, 'setfolder': 'ttskpiraw_ERICSSON_LTE_20170613_202437749802_TMO_00002.seqinput', 'msg': '', 'setfoldertmp': 'ttskpiraw_ERICSSON_LTE_20170613_202437749802_TMO_00002.seqinput.tmp', 'setfolderpath': '/nfskpi/wyang/ttskpiraw/lte-eric/input/ttskpiraw_ERICSSON_LTE_20170613_202437749802_TMO_00002.seqinput'}
[2017-06-13 20:25:35,796] ** INFO **: tmp set folder /nfskpi/wyang/ttskpiraw/lte-eric/input/ttskpiraw_ERICSSON_LTE_20170613_202437749802_TMO_00002.seqinput.tmp is full: 266335490, max: 268000000
[2017-06-13 20:25:35,796] ** INFO **: rename /nfskpi/wyang/ttskpiraw/lte-eric/input/ttskpiraw_ERICSSON_LTE_20170613_202437749802_TMO_00002.seqinput.tmp to /nfskpi/wyang/ttskpiraw/lte-eric/input/ttskpiraw_ERICSSON_LTE_20170613_202437749802_TMO_00002.seqinput
[2017-06-13 20:25:35,796] ** INFO **: creating new set folder(3) ...
[2017-06-13 20:25:35,797] ** DEBUG **: new set folder is created: {'setfolderpathtmp': '/nfskpi/wyang/ttskpiraw/lte-eric/input/ttskpiraw_ERICSSON_LTE_20170613_202437749802_TMO_00003.seqinput.tmp', 'ret': True, 'setfolder': 'ttskpiraw_ERICSSON_LTE_20170613_202437749802_TMO_00003.seqinput', 'msg': '', 'setfoldertmp': 'ttskpiraw_ERICSSON_LTE_20170613_202437749802_TMO_00003.seqinput.tmp', 'setfolderpath': '/nfskpi/wyang/ttskpiraw/lte-eric/input/ttskpiraw_ERICSSON_LTE_20170613_202437749802_TMO_00003.seqinput'}
[2017-06-13 20:25:35,826] ** INFO **: tmp set folder /nfskpi/wyang/ttskpiraw/lte-eric/input/ttskpiraw_ERICSSON_LTE_20170613_202437749802_TMO_00003.seqinput.tmp is full: 264793029, max: 268000000
[2017-06-13 20:25:35,826] ** INFO **: rename /nfskpi/wyang/ttskpiraw/lte-eric/input/ttskpiraw_ERICSSON_LTE_20170613_202437749802_TMO_00003.seqinput.tmp to /nfskpi/wyang/ttskpiraw/lte-eric/input/ttskpiraw_ERICSSON_LTE_20170613_202437749802_TMO_00003.seqinput
[2017-06-13 20:25:35,827] ** INFO **: creating new set folder(4) ...
[2017-06-13 20:25:35,827] ** DEBUG **: new set folder is created: {'setfolderpathtmp': '/nfskpi/wyang/ttskpiraw/lte-eric/input/ttskpiraw_ERICSSON_LTE_20170613_202437749802_TMO_00004.seqinput.tmp', 'ret': True, 'setfolder': 'ttskpiraw_ERICSSON_LTE_20170613_202437749802_TMO_00004.seqinput', 'msg': '', 'setfoldertmp': 'ttskpiraw_ERICSSON_LTE_20170613_202437749802_TMO_00004.seqinput.tmp', 'setfolderpath': '/nfskpi/wyang/ttskpiraw/lte-eric/input/ttskpiraw_ERICSSON_LTE_20170613_202437749802_TMO_00004.seqinput'}
[2017-06-13 20:25:35,868] ** INFO **: tmp set folder /nfskpi/wyang/ttskpiraw/lte-eric/input/ttskpiraw_ERICSSON_LTE_20170613_202437749802_TMO_00004.seqinput.tmp is full: 266079349, max: 268000000
[2017-06-13 20:25:35,868] ** INFO **: rename /nfskpi/wyang/ttskpiraw/lte-eric/input/ttskpiraw_ERICSSON_LTE_20170613_202437749802_TMO_00004.seqinput.tmp to /nfskpi/wyang/ttskpiraw/lte-eric/input/ttskpiraw_ERICSSON_LTE_20170613_202437749802_TMO_00004.seqinput
[2017-06-13 20:25:35,869] ** INFO **: creating new set folder(5) ...
[2017-06-13 20:25:35,869] ** DEBUG **: new set folder is created: {'setfolderpathtmp': '/nfskpi/wyang/ttskpiraw/lte-eric/input/ttskpiraw_ERICSSON_LTE_20170613_202437749802_TMO_00005.seqinput.tmp', 'ret': True, 'setfolder': 'ttskpiraw_ERICSSON_LTE_20170613_202437749802_TMO_00005.seqinput', 'msg': '', 'setfoldertmp': 'ttskpiraw_ERICSSON_LTE_20170613_202437749802_TMO_00005.seqinput.tmp', 'setfolderpath': '/nfskpi/wyang/ttskpiraw/lte-eric/input/ttskpiraw_ERICSSON_LTE_20170613_202437749802_TMO_00005.seqinput'}
[2017-06-13 20:25:35,870] ** INFO **: remove work folder /nfskpi/wyang/ttskpiraw/lte-eric/input/ERICSSON_LTE_20170613_202437749802_TMO
[2017-06-13 20:25:35,871] ** INFO **: remove lockpath /tmp/filedistributor_ericsson_lte.lock
[2017-06-13 20:25:35,872] ** INFO **: Process Time : 0:00:58.123046
[2017-06-13 23:01:32,463] ** INFO **: ============ filedistributor ============
[2017-06-13 23:01:32,465] ** INFO **: making work directory: /nfskpi/wyang/ttskpiraw/lte-eric/input/ERICSSON_LTE_20170613_230132465326_TMO
[2017-06-13 23:01:32,486] ** INFO **: start checking/moving input files from /home/imnosrf/ttskpi-landingzone/lte-eric ...
[2017-06-13 23:01:32,487] ** WARNING **: no valid input file found in : /home/imnosrf/ttskpi-landingzone/lte-eric
[2017-06-13 23:01:32,488] ** INFO **: searching tmp folder in /nfskpi/wyang/ttskpiraw/lte-eric/input ... 
[2017-06-13 23:01:32,488] ** INFO **: found tmp folder /nfskpi/wyang/ttskpiraw/lte-eric/input/ttskpiraw_ERICSSON_LTE_20170613_202437749802_TMO_00005.seqinput.tmp: 
